<?xml version="1.0" encoding="UTF-8"?>
<robot generator="Robot 5.0.1 (Python 3.10.0 on win32)" generated="20221009 21:54:37.622" rpa="false" schemaversion="3">
<suite id="s1" name="fakeAPI" source="C:\CursoUdemy\AprendendoRobotFramework\RobotFramework_APIs\BooksAPI\fakeAPI.robot">
<kw name="Conectar a minha API" type="SETUP">
<msg timestamp="20221009 21:54:37.638" level="FAIL">User keyword 'Conectar a minha API' contains no keywords.</msg>
<status status="FAIL" starttime="20221009 21:54:37.637" endtime="20221009 21:54:37.638"/>
</kw>
<test id="s1-t1" name="Buscar a listagem de todos os livros (GET em todos os livros)" line="7">
<status status="FAIL" starttime="20221009 21:54:37.638" endtime="20221009 21:54:37.639">Parent suite setup failed:
User keyword 'Conectar a minha API' contains no keywords.</status>
</test>
<doc>Documentacao da API: https://fakerestapi.azurewebsites.net/index.html</doc>
<status status="FAIL" starttime="20221009 21:54:37.623" endtime="20221009 21:54:37.640">Suite setup failed:
User keyword 'Conectar a minha API' contains no keywords.</status>
</suite>
<statistics>
<total>
<stat pass="0" fail="1" skip="0">All Tests</stat>
</total>
<tag>
</tag>
<suite>
<stat pass="0" fail="1" skip="0" id="s1" name="fakeAPI">fakeAPI</stat>
</suite>
</statistics>
<errors>
</errors>
</robot>
