<?xml version="1.0" encoding="UTF-8"?>
<robot generator="Robot 5.0.1 (Python 3.10.0 on win32)" generated="20221010 10:18:53.093" rpa="false" schemaversion="3">
<suite id="s1" name="fakeAPI" source="C:\CursoUdemy\AprendendoRobotFramework\RobotFramework_APIs\BooksAPI\fakeAPI.robot">
<kw name="Conectar a minha API" library="ResourceAPI" type="SETUP">
<kw name="Create Session" library="RequestsLibrary">
<arg>fakeAPI</arg>
<arg>${URL_API}</arg>
<doc>Create Session: create a HTTP session to a server</doc>
<msg timestamp="20221010 10:18:53.186" level="INFO">Creating Session using : alias=fakeAPI, url=https://fakerestapi.azurewebsites.net/api/v1, headers={},                     cookies={}, auth=None, timeout=None, proxies=None, verify=False,                     debug=0 </msg>
<status status="PASS" starttime="20221010 10:18:53.185" endtime="20221010 10:18:53.186"/>
</kw>
<status status="PASS" starttime="20221010 10:18:53.185" endtime="20221010 10:18:53.186"/>
</kw>
<test id="s1-t1" name="Buscar a listagem de todos os livros (GET em todos os livros)" line="8">
<kw name="Requisitar todos os livros" library="ResourceAPI">
<kw name="Get Request" library="RequestsLibrary">
<var>${RESPOSTA}</var>
<arg>fakeAPI</arg>
<arg>Books</arg>
<doc>Send a GET request on the session object found using the
given `alias`</doc>
<msg timestamp="20221010 10:19:13.810" level="INFO">GET Request : url=https://fakerestapi.azurewebsites.net/api/v1/Books 
 path_url=/api/v1/Books 
 headers={'User-Agent': 'python-requests/2.28.1', 'Accept-Encoding': 'gzip, deflate', 'Accept': '*/*', 'Connection': 'keep-alive'} 
 body=None 
 </msg>
<msg timestamp="20221010 10:19:13.811" level="INFO">GET Response : url=https://fakerestapi.azurewebsites.net/api/v1/Books 
 status=200, reason=OK 
 body=[{"id":1,"title":"Book 1","description":"Sea dolor no esse dolore stet at et justo iusto tempor vero at eirmod at sed sit sadipscing diam. Et amet amet iusto accusam. Invidunt dolore vero hendrerit est amet iriure amet duo iusto consetetur dolore dolores voluptua. No sit sanctus nonumy autem kasd. Dolor wisi et. Et blandit magna labore vero accusam amet gubergren nonummy eirmod lorem dolores velit tempor erat odio. Clita duo duo justo et autem et nonumy sit qui dolores ut sea zzril magna. Et velit accumsan. Nonumy amet sanctus magna et consetetur et dolor kasd ut sanctus invidunt sed sadipscing voluptua eirmod amet eos. Erat consetetur sanctus. Tempor labore sadipscing vero rebum aliquyam dolor facer luptatum et dolores lorem voluptua gubergren accusam eirmod dolor. Duis rebum consequat ea eos vel sed consequat aliquam clita dolor sed.\n","pageCount":100,"excerpt":"Ipsum lorem ad eirmod amet consetetur consequat dolor vel rebum sit iriure ipsum te nobis amet suscipit elitr. Takimata sit et vero eirmod sea labore. Voluptua vel ea sed duo magna tempor diam sit magna eirmod et diam. Labore vel ad dolor. Ut vero diam eu duis takimata nulla invidunt est facilisi qui justo volutpat et iusto lobortis rebum at. Sed tation wisi consequat dolor et erat stet et eu diam quis justo clita nibh dolor velit elitr lobortis. Augue lorem delenit sed nulla. Sea blandit lorem sanctus amet aliquip duis duis nulla erat lorem eirmod est iusto nonumy. Lorem duo voluptua amet lorem dolores dolor. At nonumy dolor augue exerci consequat molestie lorem takimata sit ipsum invidunt lorem ipsum et vero kasd vel tempor. Kasd dolores nonumy erat qui sea takimata tempor enim at stet accusam rebum. Diam ut stet nonummy consequat exerci rebum ipsum justo sadipscing erat dolor diam diam eu sea. Wisi consetetur dolor vero iriure iusto sadipscing augue duo sed diam dolores. Diam ipsum ipsum amet duo takimata sit ullamcorper erat erat in.\nSanctus est ipsum amet ipsum aliquam gubergren iriure. Invidunt est lorem dolore sit tempor. Sanctus sed iriure eirmod dolor ea aliquip sanctus dolor dolor amet volutpat in ea dignissim sanctus elitr amet. In sanctus et dolores kasd eirmod invidunt amet ipsum sed sanctus et clita ipsum diam. Dolores magna eirmod ipsum dolor feugait. Sea amet sed dolore lorem voluptua adipiscing nonumy duo. Lorem sea lorem iriure nam sed justo ut accumsan consetetur diam amet in kasd sit. Erat wisi kasd sadipscing et et at sadipscing magna diam sed nonumy. Clita lorem eos illum ut lorem consequat et magna duo clita nonumy sea. Ipsum duis dolore amet duis id et nulla kasd amet at dolor est et. Clita diam eos erat sit wisi diam. Molestie rebum aliquyam et nonumy no. Amet sed feugiat ullamcorper sadipscing nonumy erat sadipscing dolor accusam praesent eos diam et erat. Accusam gubergren est erat doming est dolore. Consetetur sanctus feugait et soluta ut dolores feugait. Wisi vel ut in hendrerit ipsum congue eirmod accusam et aliquyam minim tempor sadipscing dolore elitr. Labore ipsum sit in ipsum et diam. Feugiat dolor justo justo iusto takimata amet ad sit.\nEos diam lorem. Accusam nibh ut erat magna. Gubergren et nonumy rebum. Sit imperdiet sit sed lorem consectetuer voluptua quis dolore sanctus augue diam justo ipsum euismod eos labore sed erat. Facilisi et no magna consetetur voluptua. Sanctus ut nulla ea rebum gubergren et vero no dolore magna at et lobortis accusam diam lorem vero labore. Sit et sadipscing et eos takimata volutpat no sanctus diam et et autem autem erat. Vel liber dolor. Tempor gubergren amet elitr sed stet gubergren ipsum hendrerit nonumy. Assum ea te lorem duis blandit amet in vero takimata amet vero sadipscing sed elit magna illum amet. In stet volutpat vulputate ipsum consequat. Dolor est dolore quod ea. Voluptua in sea eos ipsum vel et dolore aliquyam sed sea nostrud duo facilisi velit sadipscing ipsum nonumy gubergren. Duo lorem consetetur gubergren quis diam dolores.\nSit consetetur est. Sit ipsum consetetur ut erat tempor quis duo. Eos dolor elitr ea sed at praesent gubergren eirmod sit stet stet lorem et et. Dolores consetetur ullamcorper accusam et est gubergren gubergren ea sea dolore kasd sea delenit consetetur no. Eu suscipit eu sea dolores. Ullamcorper illum aliquyam kasd iusto magna consetetur est. Ipsum consetetur clita sed laoreet duo diam ipsum nihil takimata. Diam sea eos laoreet duo erat no gubergren consetetur aliquam sed justo suscipit invidunt sed autem stet.\nLaoreet dolore amet lorem justo magna labore sanctus dolore sed consequat sit duis ut no. Consetetur lorem autem lorem kasd. Nonummy amet nonumy dolor. Nonumy dolore tation eirmod duo. Blandit vulputate ea accusam dolore tempor nulla lorem. Vulputate rebum at invidunt et et dolore dolores takimata. Dignissim no nulla sed eirmod diam cum est voluptua rebum voluptua sit. Molestie option aliquip labore duo clita et delenit sed diam elitr. Diam nonumy diam at duo ipsum consetetur dolores nam amet consequat sit ipsum et consequat ut. Nonumy ut magna eos nobis magna duis.\n","publishDate":"2022-10-09T13:18:54.538374+00:00"},{"id":2,"title":"Book 2","description":"Magna at sadipscing rebum takimata rebum no dolore aliquip. Ipsum sadipscing lorem ea ut ea tation erat. Sit consetetur dolore duis justo magna sea hendrerit exerci. Eleifend invidunt takimata eirmod et sit nonumy. Nibh sadipscing amet ea est duis ipsum tempor doming amet. Est sadipscing nulla lorem erat kasd lorem lobortis est in clita diam et no vero sadipscing molestie. Nulla ut autem. Erat amet dolor et. Et esse feugiat consequat kasd. Stet erat amet ut erat aliquyam.\n","pageCount":200,"excerpt":"Sanctus sadipscing stet consequat illum. Clita voluptua luptatum ipsum delenit invidunt stet takimata ea dolores duo magna qui sit vero diam. Gubergren labore kasd dolore zzril dolor amet ea invidunt lorem et ex accusam. Sit lorem invidunt nihil diam. Illum iriure eos clita.\nHendrerit vero est consequat dolore gubergren. Et est et commodo ipsum rebum sed aliquyam aliquyam assum. Gubergren invidunt esse aliquip. Sit et dolore tempor diam dolor. Rebum et ut minim lorem invidunt sea et lorem laoreet nibh hendrerit aliquam. Et vel elitr in et velit erat sit vero sed. Est consetetur ea no ipsum facilisis iriure nulla ea amet sit sit ex tempor takimata elitr veniam. Magna no sadipscing magna et. Labore accumsan esse clita. Dolor et hendrerit facilisi at consequat iriure ea lorem stet. Et cum ea stet magna tempor sed qui et et soluta accusam elitr sed. Dolor in sed invidunt kasd invidunt sea option vero takimata autem erat esse ipsum sit justo zzril. Erat diam consectetuer clita feugiat rebum et feugait vero lorem nonumy sit lorem diam amet. Et ea rebum eos diam. Ea sit ut tempor magna duis amet. Sanctus suscipit no in dolores labore ullamcorper et ipsum vero labore et dolore.\nTempor aliquyam consectetuer et eum lorem hendrerit lorem luptatum ut et amet exerci. Voluptua erat et amet elitr no. Diam et aliquam sit eos tempor soluta dolor nibh soluta dolore. Sed velit ea takimata eum at consequat et labore invidunt. Nulla augue diam veniam nonummy no elitr eos accusam justo lorem accusam aliquyam. Sanctus delenit facilisis feugiat takimata sanctus liber. Eum invidunt et. Elitr tempor lorem sit at. Dolores dolor et et et clita ut feugiat hendrerit blandit ut. Vel voluptua nibh augue ea dolores at gubergren stet est labore sed autem aliquyam est stet ea. Et et rebum ea diam sadipscing stet nisl odio voluptua.\nLorem nonumy placerat imperdiet lorem dolore invidunt congue id esse sed takimata diam tempor. Takimata laoreet accusam consequat feugait invidunt diam sanctus invidunt sanctus ipsum sanctus sit no dolor. Stet consetetur ipsum sed. Aliquip lorem praesent volutpat gubergren et amet sea illum at. Lorem diam magna luptatum. Dolore lorem amet hendrerit et ipsum sanctus vel sadipscing sit dolor labore kasd erat justo lorem eirmod et facilisis. Clita autem lobortis veniam ipsum takimata amet consequat dolor tation. Esse ullamcorper magna dolores tempor adipiscing dolores veniam dolor option. Est diam nonumy sit diam sed te dolor eirmod nulla. Et accusam dolor.\nUt aliquyam diam dolor duo adipiscing odio et sit enim at kasd no aliquam dolor sed. At ut nibh. Dolores vero quis et vel sea kasd. Takimata sed et tincidunt facer accumsan et rebum.\n","publishDate":"2022-10-08T13:18:54.5384288+00:00"},{"id":3,"title":"Book 3","description":"Eos et elitr no et blandit ea volutpat at no. Eu ea magna nonumy aliquyam stet tempor et lorem kasd congue dolor. Justo eos nulla duo enim nihil. Eos et euismod consequat invidunt nonumy vero accusam nonumy. Dolore invidunt dolore iriure. Ipsum clita suscipit. Consetetur dolore justo diam eos. Sit vulputate ipsum voluptua possim sed elitr voluptua vel diam. Te praesent kasd diam erat placerat erat accusam consequat eros accusam tempor dolor labore molestie stet at iriure voluptua. Quis erat ullamcorper tempor voluptua consequat dolores erat amet et diam. Labore diam diam no aliquyam gubergren ea facilisis duis labore aliquyam diam no eirmod. Invidunt eros consequat stet eos sit clita clita gubergren duo ipsum. Consequat et sit sit dolor et. Accusam ea sea. Erat eum aliquyam diam takimata. Amet wisi gubergren dolores tation sit stet accusam consequat sanctus sed ut eleifend hendrerit iusto sadipscing facer. Feugiat vero et gubergren dolores elitr iusto takimata ea gubergren aliquip illum diam lorem et justo. Ea diam takimata tempor in et justo quis clita dolor invidunt.\n","pageCount":300,"excerpt":"Gubergren at duis sea sed sit voluptua accusam ea assum no ad diam enim sed. Eos duo takimata sea et lorem vel. Quod ea dolor illum vulputate rebum veniam diam dolores takimata vero dolores. Elitr lobortis sed eos et no consectetuer luptatum no dolor vel consetetur sit tempor diam. Esse gubergren sit labore et duo stet amet sea amet euismod aliquam et ea. At est ea et kasd elitr dolor nihil dolore sed vero voluptua gubergren est ipsum volutpat elitr iriure. Minim sed ea c... (set the log level to DEBUG or TRACE to see the full content) 
 </msg>
<msg timestamp="20221010 10:19:13.811" level="INFO">C:\Users\vande\AppData\Local\Programs\Python\Python310\lib\site-packages\urllib3\connectionpool.py:1045: InsecureRequestWarning: Unverified HTTPS request is being made to host 'fakerestapi.azurewebsites.net'. Adding certificate verification is strongly advised. See: https://urllib3.readthedocs.io/en/1.26.x/advanced-usage.html#ssl-warnings
  warnings.warn(</msg>
<msg timestamp="20221010 10:19:13.812" level="INFO">${RESPOSTA} = &lt;Response [200]&gt;</msg>
<status status="PASS" starttime="20221010 10:18:53.188" endtime="20221010 10:19:13.812"/>
</kw>
<kw name="Log" library="BuiltIn">
<arg>${RESPOSTA.text}</arg>
<doc>Logs the given message with the given level.</doc>
<msg timestamp="20221010 10:19:13.817" level="INFO">[{"id":1,"title":"Book 1","description":"Sea dolor no esse dolore stet at et justo iusto tempor vero at eirmod at sed sit sadipscing diam. Et amet amet iusto accusam. Invidunt dolore vero hendrerit est amet iriure amet duo iusto consetetur dolore dolores voluptua. No sit sanctus nonumy autem kasd. Dolor wisi et. Et blandit magna labore vero accusam amet gubergren nonummy eirmod lorem dolores velit tempor erat odio. Clita duo duo justo et autem et nonumy sit qui dolores ut sea zzril magna. Et velit accumsan. Nonumy amet sanctus magna et consetetur et dolor kasd ut sanctus invidunt sed sadipscing voluptua eirmod amet eos. Erat consetetur sanctus. Tempor labore sadipscing vero rebum aliquyam dolor facer luptatum et dolores lorem voluptua gubergren accusam eirmod dolor. Duis rebum consequat ea eos vel sed consequat aliquam clita dolor sed.\n","pageCount":100,"excerpt":"Ipsum lorem ad eirmod amet consetetur consequat dolor vel rebum sit iriure ipsum te nobis amet suscipit elitr. Takimata sit et vero eirmod sea labore. Voluptua vel ea sed duo magna tempor diam sit magna eirmod et diam. Labore vel ad dolor. Ut vero diam eu duis takimata nulla invidunt est facilisi qui justo volutpat et iusto lobortis rebum at. Sed tation wisi consequat dolor et erat stet et eu diam quis justo clita nibh dolor velit elitr lobortis. Augue lorem delenit sed nulla. Sea blandit lorem sanctus amet aliquip duis duis nulla erat lorem eirmod est iusto nonumy. Lorem duo voluptua amet lorem dolores dolor. At nonumy dolor augue exerci consequat molestie lorem takimata sit ipsum invidunt lorem ipsum et vero kasd vel tempor. Kasd dolores nonumy erat qui sea takimata tempor enim at stet accusam rebum. Diam ut stet nonummy consequat exerci rebum ipsum justo sadipscing erat dolor diam diam eu sea. Wisi consetetur dolor vero iriure iusto sadipscing augue duo sed diam dolores. Diam ipsum ipsum amet duo takimata sit ullamcorper erat erat in.\nSanctus est ipsum amet ipsum aliquam gubergren iriure. Invidunt est lorem dolore sit tempor. Sanctus sed iriure eirmod dolor ea aliquip sanctus dolor dolor amet volutpat in ea dignissim sanctus elitr amet. In sanctus et dolores kasd eirmod invidunt amet ipsum sed sanctus et clita ipsum diam. Dolores magna eirmod ipsum dolor feugait. Sea amet sed dolore lorem voluptua adipiscing nonumy duo. Lorem sea lorem iriure nam sed justo ut accumsan consetetur diam amet in kasd sit. Erat wisi kasd sadipscing et et at sadipscing magna diam sed nonumy. Clita lorem eos illum ut lorem consequat et magna duo clita nonumy sea. Ipsum duis dolore amet duis id et nulla kasd amet at dolor est et. Clita diam eos erat sit wisi diam. Molestie rebum aliquyam et nonumy no. Amet sed feugiat ullamcorper sadipscing nonumy erat sadipscing dolor accusam praesent eos diam et erat. Accusam gubergren est erat doming est dolore. Consetetur sanctus feugait et soluta ut dolores feugait. Wisi vel ut in hendrerit ipsum congue eirmod accusam et aliquyam minim tempor sadipscing dolore elitr. Labore ipsum sit in ipsum et diam. Feugiat dolor justo justo iusto takimata amet ad sit.\nEos diam lorem. Accusam nibh ut erat magna. Gubergren et nonumy rebum. Sit imperdiet sit sed lorem consectetuer voluptua quis dolore sanctus augue diam justo ipsum euismod eos labore sed erat. Facilisi et no magna consetetur voluptua. Sanctus ut nulla ea rebum gubergren et vero no dolore magna at et lobortis accusam diam lorem vero labore. Sit et sadipscing et eos takimata volutpat no sanctus diam et et autem autem erat. Vel liber dolor. Tempor gubergren amet elitr sed stet gubergren ipsum hendrerit nonumy. Assum ea te lorem duis blandit amet in vero takimata amet vero sadipscing sed elit magna illum amet. In stet volutpat vulputate ipsum consequat. Dolor est dolore quod ea. Voluptua in sea eos ipsum vel et dolore aliquyam sed sea nostrud duo facilisi velit sadipscing ipsum nonumy gubergren. Duo lorem consetetur gubergren quis diam dolores.\nSit consetetur est. Sit ipsum consetetur ut erat tempor quis duo. Eos dolor elitr ea sed at praesent gubergren eirmod sit stet stet lorem et et. Dolores consetetur ullamcorper accusam et est gubergren gubergren ea sea dolore kasd sea delenit consetetur no. Eu suscipit eu sea dolores. Ullamcorper illum aliquyam kasd iusto magna consetetur est. Ipsum consetetur clita sed laoreet duo diam ipsum nihil takimata. Diam sea eos laoreet duo erat no gubergren consetetur aliquam sed justo suscipit invidunt sed autem stet.\nLaoreet dolore amet lorem justo magna labore sanctus dolore sed consequat sit duis ut no. Consetetur lorem autem lorem kasd. Nonummy amet nonumy dolor. Nonumy dolore tation eirmod duo. Blandit vulputate ea accusam dolore tempor nulla lorem. Vulputate rebum at invidunt et et dolore dolores takimata. Dignissim no nulla sed eirmod diam cum est voluptua rebum voluptua sit. Molestie option aliquip labore duo clita et delenit sed diam elitr. Diam nonumy diam at duo ipsum consetetur dolores nam amet consequat sit ipsum et consequat ut. Nonumy ut magna eos nobis magna duis.\n","publishDate":"2022-10-09T13:18:54.538374+00:00"},{"id":2,"title":"Book 2","description":"Magna at sadipscing rebum takimata rebum no dolore aliquip. Ipsum sadipscing lorem ea ut ea tation erat. Sit consetetur dolore duis justo magna sea hendrerit exerci. Eleifend invidunt takimata eirmod et sit nonumy. Nibh sadipscing amet ea est duis ipsum tempor doming amet. Est sadipscing nulla lorem erat kasd lorem lobortis est in clita diam et no vero sadipscing molestie. Nulla ut autem. Erat amet dolor et. Et esse feugiat consequat kasd. Stet erat amet ut erat aliquyam.\n","pageCount":200,"excerpt":"Sanctus sadipscing stet consequat illum. Clita voluptua luptatum ipsum delenit invidunt stet takimata ea dolores duo magna qui sit vero diam. Gubergren labore kasd dolore zzril dolor amet ea invidunt lorem et ex accusam. Sit lorem invidunt nihil diam. Illum iriure eos clita.\nHendrerit vero est consequat dolore gubergren. Et est et commodo ipsum rebum sed aliquyam aliquyam assum. Gubergren invidunt esse aliquip. Sit et dolore tempor diam dolor. Rebum et ut minim lorem invidunt sea et lorem laoreet nibh hendrerit aliquam. Et vel elitr in et velit erat sit vero sed. Est consetetur ea no ipsum facilisis iriure nulla ea amet sit sit ex tempor takimata elitr veniam. Magna no sadipscing magna et. Labore accumsan esse clita. Dolor et hendrerit facilisi at consequat iriure ea lorem stet. Et cum ea stet magna tempor sed qui et et soluta accusam elitr sed. Dolor in sed invidunt kasd invidunt sea option vero takimata autem erat esse ipsum sit justo zzril. Erat diam consectetuer clita feugiat rebum et feugait vero lorem nonumy sit lorem diam amet. Et ea rebum eos diam. Ea sit ut tempor magna duis amet. Sanctus suscipit no in dolores labore ullamcorper et ipsum vero labore et dolore.\nTempor aliquyam consectetuer et eum lorem hendrerit lorem luptatum ut et amet exerci. Voluptua erat et amet elitr no. Diam et aliquam sit eos tempor soluta dolor nibh soluta dolore. Sed velit ea takimata eum at consequat et labore invidunt. Nulla augue diam veniam nonummy no elitr eos accusam justo lorem accusam aliquyam. Sanctus delenit facilisis feugiat takimata sanctus liber. Eum invidunt et. Elitr tempor lorem sit at. Dolores dolor et et et clita ut feugiat hendrerit blandit ut. Vel voluptua nibh augue ea dolores at gubergren stet est labore sed autem aliquyam est stet ea. Et et rebum ea diam sadipscing stet nisl odio voluptua.\nLorem nonumy placerat imperdiet lorem dolore invidunt congue id esse sed takimata diam tempor. Takimata laoreet accusam consequat feugait invidunt diam sanctus invidunt sanctus ipsum sanctus sit no dolor. Stet consetetur ipsum sed. Aliquip lorem praesent volutpat gubergren et amet sea illum at. Lorem diam magna luptatum. Dolore lorem amet hendrerit et ipsum sanctus vel sadipscing sit dolor labore kasd erat justo lorem eirmod et facilisis. Clita autem lobortis veniam ipsum takimata amet consequat dolor tation. Esse ullamcorper magna dolores tempor adipiscing dolores veniam dolor option. Est diam nonumy sit diam sed te dolor eirmod nulla. Et accusam dolor.\nUt aliquyam diam dolor duo adipiscing odio et sit enim at kasd no aliquam dolor sed. At ut nibh. Dolores vero quis et vel sea kasd. Takimata sed et tincidunt facer accumsan et rebum.\n","publishDate":"2022-10-08T13:18:54.5384288+00:00"},{"id":3,"title":"Book 3","description":"Eos et elitr no et blandit ea volutpat at no. Eu ea magna nonumy aliquyam stet tempor et lorem kasd congue dolor. Justo eos nulla duo enim nihil. Eos et euismod consequat invidunt nonumy vero accusam nonumy. Dolore invidunt dolore iriure. Ipsum clita suscipit. Consetetur dolore justo diam eos. Sit vulputate ipsum voluptua possim sed elitr voluptua vel diam. Te praesent kasd diam erat placerat erat accusam consequat eros accusam tempor dolor labore molestie stet at iriure voluptua. Quis erat ullamcorper tempor voluptua consequat dolores erat amet et diam. Labore diam diam no aliquyam gubergren ea facilisis duis labore aliquyam diam no eirmod. Invidunt eros consequat stet eos sit clita clita gubergren duo ipsum. Consequat et sit sit dolor et. Accusam ea sea. Erat eum aliquyam diam takimata. Amet wisi gubergren dolores tation sit stet accusam consequat sanctus sed ut eleifend hendrerit iusto sadipscing facer. Feugiat vero et gubergren dolores elitr iusto takimata ea gubergren aliquip illum diam lorem et justo. Ea diam takimata tempor in et justo quis clita dolor invidunt.\n","pageCount":300,"excerpt":"Gubergren at duis sea sed sit voluptua accusam ea assum no ad diam enim sed. Eos duo takimata sea et lorem vel. Quod ea dolor illum vulputate rebum veniam diam dolores takimata vero dolores. Elitr lobortis sed eos et no consectetuer luptatum no dolor vel consetetur sit tempor diam. Esse gubergren sit labore et duo stet amet sea amet euismod aliquam et ea. At est ea et kasd elitr dolor nihil dolore sed vero voluptua gubergren est ipsum volutpat elitr iriure. Minim sed ea consequat veniam eu no lorem et dolor sed ut vel vero et dolor ea sit aliquyam. Et stet sadipscing magna tempor diam augue nihil. Ea sea vel at labore suscipit vero dolore eum. Vero consetetur amet stet ut. Labore gubergren erat volutpat sed sanctus rebum sea dolor aliquyam nonumy sanctus invidunt eos ea et. Et nibh ea ea sed ipsum esse. Labore invidunt te eu ut tempor aliquam gubergren at. Elitr et sit dolores magna at autem dignissim et takimata rebum ipsum ipsum in justo. Sed tation tempor amet sed qui sanctus. Nulla dolor et sit nulla dolore et diam ipsum takimata no zzril. Ut kasd sed gubergren eirmod dolore quis at dolor amet sea stet at feugait ipsum voluptua et dolore eirmod. Labore ipsum est lorem ut sed nisl magna amet ipsum. Erat vulputate sea nostrud aliquyam.\nSed duo nulla. Elitr ea magna sed ea est vulputate sanctus diam labore rebum et est delenit ut tempor ut. Ipsum sed invidunt et eirmod. At no vulputate no aliquyam. Tempor facer accumsan lorem sea dolor diam est dolore amet diam diam duo lorem tempor takimata exerci justo. Diam aliquip invidunt elitr sit gubergren no te vel liber amet luptatum et. Ipsum dolor sit dolore elitr vero voluptua eum ea placerat ipsum at. Facilisi erat est consetetur justo ut dolore consequat kasd sed eos justo. Erat lorem accusam sed voluptua invidunt lorem invidunt est sit diam elit. Consectetuer sit suscipit at tincidunt sadipscing ipsum rebum diam enim clita elit molestie dolores ut erat eos aliquip nonumy. Eirmod stet sanctus exerci tempor lorem. Illum sed magna adipiscing tempor diam lorem eros vel amet diam vero duo eos hendrerit ut. Ut dolore dolore amet clita vero sanctus dolore sit et elit dolor nonummy placerat diam option. Et vero sanctus consetetur commodo at at aliquyam aliquyam at takimata nostrud molestie elitr dolor accumsan. Invidunt stet ut dolor kasd eos ex elitr vel sit at sed eirmod sanctus amet sit amet at. Justo diam voluptua dolor dolor lobortis nulla takimata. Takimata stet et invidunt. Nobis clita dolore dolore vel sanctus no ea dolore.\nDiam elitr et sed dolor consectetuer et et ut diam kasd laoreet tempor dolores dolor. Sed voluptua et et tempor lorem dolore possim dignissim vel sea est dolores no. Sadipscing iriure tempor amet sea sanctus ullamcorper labore ut. Facilisis eu kasd exerci et accusam kasd erat nonumy at lorem amet clita ipsum et lorem no. Lorem et sea. Eleifend sea at dolor dolores sit. Nonumy eos ut stet ipsum amet elitr lorem nonumy diam euismod duis.\nKasd ipsum stet et. Aliquyam aliquam sit sed facilisis elitr ea dolor volutpat no stet. Clita ut qui wisi praesent et minim ut ut dolore suscipit.\nKasd adipiscing et rebum magna stet ut vel nonumy justo stet. Ipsum hendrerit dolor sit dolore in consetetur sea diam aliquyam hendrerit sed no sit velit ea sea. Molestie eros consetetur facer et eum sadipscing eos sadipscing dolor magna gubergren illum lorem nulla aliquyam dolor sed kasd. Et duis diam tempor mazim et eu sea clita erat ipsum diam eirmod eirmod erat nobis ut. Dolore sanctus rebum sit adipiscing. Nulla dolor tempor ipsum elitr labore lorem rebum accusam takimata amet vero voluptua consetetur magna dolor elitr dignissim vulputate. Vel ea et elitr sanctus dolor. Consetetur feugiat tempor clita sit erat diam dolor sed eos molestie euismod takimata ea et quis. Stet ex enim stet duo ut ipsum justo ea sadipscing stet ipsum labore. Accusam feugait sadipscing sit dolore ipsum erat ipsum in duo nonumy sanctus invidunt dolor elitr et et ut. In consetetur ea amet eu vulputate et et zzril vel lorem dolor sit autem no justo no eirmod delenit. Enim erat kasd erat et sadipscing. Vero et iriure clita dolore dolor iriure lobortis ipsum sadipscing eos sit takimata dolore. Sadipscing dolores stet eos takimata kasd in.\n","publishDate":"2022-10-07T13:18:54.5385218+00:00"},{"id":4,"title":"Book 4","description":"Lorem takimata duis et labore dolor. Diam te eu labore takimata labore ipsum at molestie blandit eos vel feugait ut. Labore duo ut duo amet feugait. Ea lorem kasd kasd nulla et est sit autem. Rebum magna eu ea suscipit dolore lobortis sed dolores. At justo facer et lorem ut elitr. Nihil sed wisi no kasd est sit dolor amet eos et justo at amet gubergren et. Ut eos in voluptua volutpat rebum eos amet stet est praesent at tempor dolore sed id duis. Justo odio sit gubergren dolores lobortis amet gubergren esse autem consetetur sit nulla tempor sit ea laoreet accusam.\n","pageCount":400,"excerpt":"Sed et dolore est consetetur ea stet consequat nulla luptatum rebum velit dolor amet sit gubergren lorem. Delenit dolores ut diam consectetuer kasd eu voluptua sadipscing sed eos eos nonumy magna. Stet duo eos voluptua exerci feugait dolor magna sed sed sed et sed sit gubergren sadipscing et invidunt. Feugiat erat diam est consectetuer blandit. Doming ea ea takimata vulputate ea tempor nonumy sed dolor possim eos et at. Erat et duo esse sadipscing sea. Lorem ad vulputate elitr nonumy diam ea sadipscing diam iriure duis wisi facilisis et aliquyam. Lorem aliquip lorem quis. Ipsum et duo accusam facilisis takimata accusam. Luptatum sed dolores duo eos duo nulla et eum clita. Dolores commodo in justo et autem ut rebum et erat tempor consetetur ipsum ipsum aliquip eirmod. Vero eum dolore tempor eirmod minim kasd et vel amet sea dolor blandit sed dolor elitr. Ut doming labore sadipscing et dolore aliquyam erat amet. Amet exerci placerat ad ipsum est esse justo sed dolore et diam amet. Et magna takimata iriure diam et sadipscing lorem amet sed lorem.\nEt nihil erat elitr nonumy diam aliquyam. Sanctus congue vulputate at dolor et amet sit. Et kasd lorem dolor at amet eum kasd amet clita. Gubergren sit sit facilisi odio eu sed dolore diam justo aliquyam nonumy nisl. Ipsum nibh vulputate ipsum ut erat dolor consectetuer magna lorem elitr sanctus lorem eros sit dolore. Magna dolor diam kasd dolor no duo magna ipsum te stet. Lorem vero facilisis takimata dolor qui sit.\nVero suscipit gubergren et autem lorem esse aliquyam. Magna sea lorem blandit wisi in labore diam dolor nonummy ea sit blandit consequat duo nonummy nonumy eum. Erat eleifend autem magna rebum labore eum sit exerci dolores. Kasd ipsum duo nam dolor nonumy dolores eos lorem dolor no diam nonumy. Dolore accusam sea diam consetetur eleifend consectetuer sed facilisi erat clita labore ut dolore sit ut. In facilisis vel diam assum adipiscing lobortis luptatum sanctus. Lorem et ea. Praesent ut suscipit dolores nostrud veniam erat lorem lorem dolores ut nulla. Est voluptua feugiat diam erat iusto eirmod congue volutpat. Voluptua duo adipiscing no lobortis no sit. Ea takimata te placerat dolores lorem. Consetetur elitr eirmod consequat congue et consetetur kasd voluptua diam ipsum hendrerit rebum amet et rebum et ut gubergren. Elitr dolore molestie amet eu accusam molestie dolore accumsan dolor ipsum duis et.\nVolutpat euismod autem. No soluta vel in elitr nostrud et consequat sadipscing invidunt. Molestie nonummy elitr molestie. Invidunt facilisis diam quis adipiscing labore ut sit nisl dolor accusam diam rebum dolor sit sed ut amet. Dolores consequat vero et erat dolor enim eirmod invidunt. Nonumy dolor labore et et lorem labore. Adipiscing dolore quod accusam kasd sed sed gubergren accusam eirmod et dolor dolore commodo consetetur consequat. Sadipscing stet eleifend sed nulla facilisi et et amet est duis rebum diam labore dolores sanctus. Dolore et augue dolore quis erat tation at stet eirmod at imperdiet sea justo sed euismod ipsum. Dolor vel dolore amet lorem amet diam et sanctus ut ipsum accusam elitr consetetur. Feugait sed iriure. Et stet eos et vero ipsum duo labore molestie accusam et accusam magna. Gubergren est eos sed lorem tation nibh sed eirmod erat vero takimata sanctus.\nImperdiet stet sed labore justo dolores invidunt illum minim nonumy duo sea. Et voluptua ea accusam elitr ut duo sea sed voluptua no sadipscing sed dolor dolore est takimata dignissim aliquyam. Stet voluptua in aliquyam dolore dolor consetetur. Diam eos tempor takimata nihil esse eros sit facilisis eirmod consetetur duis kasd clita nonumy dolor sea.\n","publishDate":"2022-10-06T13:18:54.5385922+00:00"},{"id":5,"title":"Book 5","description":"Imperdiet amet takimata consetetur dolore ullamcorper. Et eos lorem dolores eirmod et dolores vel sed gubergren ad vel nobis minim justo aliquyam doming accusam sadipscing. Ut sanctus ipsum eirmod lorem. Elitr takimata hendrerit sed amet at ex aliquip iriure sit ut labore diam vulputate vulputate. Sanctus sanctus hendrerit labore voluptua aliquip lobortis. In wisi est dolore lorem consetetur at aliquip ea no at. Et accusam sanctus. Ut stet voluptua est iusto possim clita luptatum dolore facilisi et dolor. Accusam sed ut vel justo ullamcorper minim justo nihil clita kasd voluptua ipsum. Labore duis at eros erat ipsum sit exerci quod dolor rebum enim dolor. Et duo aliquyam no sed accumsan kasd. Lorem soluta est et liber tempor eirmod tempor tincidunt te consequat sed nonumy erat rebum eirmod et. Zzril amet vero stet. Dolore magna est suscipit kasd elit labore. Duo nulla ut dolores lorem elitr. Takimata tempor duis duo magna exerci.\n","pageCount":500,"excerpt":"Vulputate sea clita sadipscing accusam sed sit sit aliquam clita stet gubergren kasd dolore ea invidunt. Diam consequat qui stet imperdiet ipsum sea rebum kasd tempor vel stet. Sit minim dolor magna stet stet iusto dolore duo rebum aliquyam justo tempor vulputate no ut ipsum magna. Sea dolores ut nonumy ut autem iriure dolor aliquyam sed dignissim justo placerat lorem ipsum. Et stet ipsum tempor eirmod ea no ea veniam ipsum ut dolor et amet duo vero. Rebum eos diam eos dolore justo eos. Ea elitr ea no dolor dolore erat ipsum elitr rebum magna justo tempor doming facilisi amet. Tempor justo magna dolore consetetur quod eos ipsum kasd voluptua vel illum wisi rebum dolor sed lorem aliquyam. Consetetur et ipsum accusam consetetur et tincidunt ea duo ea te aliquam dolores tempor ipsum. Diam no ut dolor. Molestie dolor volutpat nobis elitr et kasd magna facilisis consetetur stet est magna invidunt eos lorem eos et. Invidunt justo sadipscing ea dolores sadipscing dolore augue magna. Vulputate et ut et.\nEu eleifend amet sea est erat aliquyam eirmod gubergren et invidunt autem aliquip sea est. Sed sadipscing tempor ullamcorper vel vulputate. Sed eirmod diam consetetur tincidunt sea et dignissim no rebum. Sed vero ipsum. Ut dolore tempor sed eu diam amet amet clita stet vero duo eum sed sanctus eros lorem duo sit. Ipsum et vulputate invidunt dolores ut at magna rebum facilisis eos vel. Invidunt ut et diam takimata elitr quod accusam. Laoreet gubergren quod id nobis sea ut odio luptatum diam stet sea.\nEsse ipsum nisl sanctus sanctus tempor nisl dignissim gubergren vero dolor ut magna et ipsum diam. In tempor vero delenit est sit duo amet sit et possim ut diam duo congue tation feugait labore magna. Nonumy voluptua aliquyam et sit dolor diam et. Invidunt erat magna justo suscipit. Lorem et ipsum ea elitr. In eleifend justo et amet eu ullamcorper sed. Rebum at adipiscing sit molestie et dolor at sit dolor quis labore stet et labore duis. Et dolor kasd gubergren dolor. Sit sadipscing takimata erat sadipscing diam justo ut ut at lorem. Labore lorem lorem in sed amet et kasd et nonumy voluptua ipsum. Nonumy dolore invidunt takimata nostrud ipsum diam. Kasd ad praesent accusam elitr sed ut eos autem et dolore blandit sed dolore diam ut euismod dolores at. Dolore ut duis gubergren sea aliquam dolor. Dolor diam dolore et.\nRebum sit kasd takimata sed sadipscing et rebum facilisis amet. Takimata dolor duo. Diam wisi invidunt volutpat eos praesent consetetur dolores takimata aliquyam autem zzril sed ipsum praesent sanctus. Takimata dolor lorem tempor quis clita enim ea dolores rebum eros. Rebum hendrerit minim duis diam feugiat vero stet lorem elitr vero sanctus lorem elitr invidunt ea et. Sed ut enim odio eos diam tempor at. Hendrerit iusto justo nibh eos tempor et in at dolore. Sit dolore dolor dolor illum dolor. Amet et sit et invidunt dolor tempor kasd illum doming at sanctus clita nonummy at qui dolor ut autem. Et dolore imperdiet nonumy at est dolore sea no voluptua id erat diam dolore. Sit eros ea vulputate dolor ipsum et justo sit quod lorem feugiat sit gubergren rebum. Tempor sit et clita nonumy eos mazim feugiat amet in praesent sit sea aliquam elitr diam magna. Lorem molestie nonumy veniam et duis eos sadipscing at amet amet sed vel justo vulputate erat. Lorem consetetur sed diam ea facilisis sanctus duis lorem kasd et consetetur et qui congue eos. Gubergren ut rebum feugait te molestie et et sadipscing takimata tincidunt augue nisl.\nSuscipit duo amet nisl invidunt vero sadipscing invidunt justo consequat euismod duis. Ipsum sit vulputate aliquyam ea nulla facilisi suscipit duo labore sanctus amet consetetur ut sed rebum. Diam diam justo. At stet takimata sanctus amet ipsum. Ipsum nonumy invidunt sit diam et voluptua takimata consectetuer ea feugiat amet. Iriure dolor kasd dolor sea et duis vero ut dolor lorem dolore. Labore erat invidunt ipsum eirmod et vel. Minim ad et duis ipsum. Magna elitr suscipit option aliquam. Duo gubergren eirmod consetetur nulla dolore diam est invidunt. Dolore at lorem sadipscing duo tempor sed justo laoreet. Clita diam justo diam. Lorem odio dolore. Sea eirmod magna blandit consetetur iusto nisl ut lorem imperdiet stet kasd invidunt erat. Dolores clita veniam est sed dolor eirmod tempor augue ut dolores no sanctus amet at sadipscing lorem dolores nulla. Dolor diam et dolor amet dolor ea aliquyam facilisis erat dolores nonumy vulputate takimata zzril iriure et iusto ut.\n","publishDate":"2022-10-05T13:18:54.5386782+00:00"},{"id":6,"title":"Book 6","description":"Ipsum duo assum imperdiet doming sed justo sea takimata ut mazim in amet. Sea sanctus luptatum erat dolor lorem in tation consectetuer luptatum sea molestie hendrerit veniam vero clita eos. Magna ea clita tempor dolor et sea. Sed amet duo eirmod rebum odio dolor augue accusam ex et erat sed tempor tempor magna vero. Eirmod nonumy consetetur accusam kasd sea duo invidunt takimata clita nonumy volutpat consectetuer. Sanctus tempor at blandit. Volutpat justo et diam erat et sit labore sed eirmod no sit facilisi invidunt ut. Et invidunt dolore sit. Dolores et diam feugait feugait duis takimata labore justo justo et dolor eos. Ipsum velit dolor iriure dolores elitr dolore amet no. Diam eirmod amet dolores aliquyam gubergren lorem ipsum lorem duo ad luptatum. Vulputate blandit zzril gubergren dolor duis sea sea ut. Diam in ea ut sit rebum illum sed amet kasd dolor sea eos kasd eu wisi voluptua tempor et. Ea dolor lorem. Laoreet clita et accusam ut vel et hendrerit placerat.\n","pageCount":600,"excerpt":"Luptatum consequat lorem ut volutpat elitr consetetur feugiat facilisi ullamcorper sit duo aliquyam sadipscing ullamcorper ea. Consetetur facilisi takimata justo dolore sea. Duo lorem quod sea facer dolor facilisis gubergren ex. Et diam est ipsum justo invidunt vero lorem sed dolor est erat. Eirmod amet clita magna amet labore gubergren sadipscing kasd lorem euismod amet. Minim sit diam duis ipsum vel voluptua no.\nHendrerit iusto dolor. Sit gubergren accusam amet amet at eu dolor et lorem diam nonummy consequat. Aliquip sed amet ipsum ipsum sanctus et sed rebum kasd voluptua suscipit at sit elitr minim lorem magna. Lorem nulla eu aliquyam nonumy labore diam dolores est dolore sed diam eros eos diam. Amet sanctus ipsum ipsum dolor aliquyam consequat nonumy et dolores voluptua vero sit. Et magna clita feugiat possim eos sadipscing amet lorem consetetur. Sea sed eos facilisis rebum nulla ipsum zzril dolor ea amet amet. Feugait dolores nonumy sed sanctus sit ut ipsum justo. Amet diam volutpat erat aliquip at. At sed eu dolore cum diam ut velit amet et no at sit diam no sed. Tempor voluptua rebum exerci illum vel stet et stet placerat rebum duis sed amet sed quis aliquip tation. Accusam aliquam nisl rebum elitr diam wisi illum vero rebum accumsan feugait kasd dolor sit placerat sit. Elitr eleifend sea dolor takimata at diam autem congue ex et voluptua kasd nonumy clita sit ea at mazim. Magna duo sanctus. Tempor eos quis. Euismod et et takimata sed. Eos magna dolor clita.\nAugue ea consetetur veniam kasd diam sanctus diam. Dolore diam ipsum elitr autem nonumy et diam ut at quis nulla clita sed delenit et ad. Eu dolor nonumy est sit dolore consetetur qui sea sed kasd no diam possim delenit facer et ex ea. Eros ut sit. Stet in augue erat te et iriure in erat tempor et lorem exerci sanctus et clita dolor. Elitr stet nibh et dolor sanctus diam magna aliquyam consetetur rebum velit no. Clita erat facilisi gubergren gubergren dolore suscipit amet dolores ut sit duis nibh. Sadipscing sadipscing consetetur et dolore ut ut no lorem stet dolore placerat stet rebum sed ut erat dolore. Erat magna nam erat duo magna ipsum aliquyam molestie diam elitr et illum dolore dolores eirmod. Tation duo diam duo at sit sed consequat duo amet feugiat sed tincidunt amet dolor diam. Duis et clita aliquyam rebum sadipscing dolor velit elitr luptatum luptatum. Amet stet amet dolore vel lorem magna facilisis labore eleifend dolor vero clita magna laoreet amet elit. Invidunt labore no in iriure lorem accusam vero at in eirmod duis et dolore. Wisi eu et dolor lorem eros rebum diam dignissim dolor dolore te takimata.\nDuo magna tempor consequat dolore dolores invidunt eirmod ex dolor elitr option et. Vero consectetuer sanctus diam clita rebum kasd lorem accusam est. Accusam sit diam rebum lorem sit et takimata accusam lorem at nam invidunt labore. Et at dolore. Est gubergren sed. Lorem magna consetetur tation at sea est. Sea eirmod et dolore consetetur.\nAmet dolore consetetur eu duo voluptua. Justo sed eos stet dolore feugait eos amet vulputate invidunt rebum voluptua sadipscing ipsum eu. Invidunt diam elit eos magna no et lorem placerat erat erat. Dolores velit amet aliquyam sadipscing nisl ut exerci augue aliquam et clita sea diam luptatum vel. Ea no feugiat aliquyam vero. Erat sit invidunt facilisis stet vel id blandit sanctus esse lobortis ut dolor nonumy. Dolor diam sanctus ipsum.\n","publishDate":"2022-10-04T13:18:54.538752+00:00"},{"id":7,"title":"Book 7","description":"Magna magna volutpat quis dolores no et erat blandit. Lorem sanctus erat nihil et. Aliquyam sed duo dolores duo erat laoreet erat sed veniam et facilisis nibh labore sed consequat. Amet consetetur consetetur. Dolore ipsum nonummy sit liber lorem sed labore. Luptatum erat eirmod ut facilisi diam nihil kasd placerat nulla justo vero invidunt invidunt erat elitr kasd. Duis feugait et sit illum sea no sit sed ex eirmod. Diam diam labore illum. Wisi amet lorem elit at dolore kasd ea sed duis sit dolore duo eirmod et sea aliquam tempor nonumy. Eum sadipscing dolor. Eleifend et sit elit ipsum autem duo eos sed sed sed feugiat voluptua no dolore diam takimata et lorem. Sea magna elit eos. Clita diam vero sadipscing. Et ut sed kasd accusam duo kasd et iriure est ipsum sea adipiscing clita takimata. Clita nonumy odio accumsan dolores accusam. Vero sed duo feugait ea et sed vero invidunt eos accusam hendrerit diam dolor ipsum et et sea duo. Vero feugait justo eum aliquam dolore zzril. Tempor ipsum accusam est at laoreet adipiscing odio stet accusam accusam tempor et nonumy. In ut ut in.\n","pageCount":700,"excerpt":"Dolores voluptua labore option feugiat consetetur duo eirmod dolores at sit magna consequat sed ad eum amet. Dolore eleifend dolores dolores et facer invidunt et in dolor sit clita ipsum invidunt erat tempor. Et eirmod et sed ipsum consequat et erat. Est sed accusam tation sit autem in dolor odio voluptua nulla tempor eos gubergren tempor justo. Molestie amet dolore eos dolore ea magna est. Sanctus consetetur ipsum duis ea nostrud facilisi nihil eos euismod eirmod justo cum laoreet consequat ea vel. Eirmod justo lobortis at tempor lorem sea tempor elit dolor vel duo est eum et et ea dolor dolor. Laoreet magna et sadipscing sanctus consetetur stet accumsan diam nibh wisi dolore diam dolore elitr. Sanctus eirmod exerci voluptua ipsum dolor duo cum ipsum qui vero sit magna. Nulla gubergren ipsum mazim diam magna duo sea eos. Labore est ut amet lorem rebum sit diam placerat nibh justo nostrud vel at vel voluptua est. Amet nibh eirmod at dolores. Nonummy magna diam iriure nonumy et invidunt sadipscing takimata ipsum sit diam praesent dolor. Dolore invidunt amet et eros ut vero sed no consetetur rebum justo volutpat dolores dolor invidunt consetetur tempor sed. Iusto sed diam eum kasd sit consetetur elitr duo. Et gubergren feugiat aliquyam diam vel.\nDolor duo luptatum dolore labore dolores takimata. Justo accusam rebum justo est dignissim feugait ex gubergren consectetuer option. Voluptua dolore quis ut dolor et possim eirmod dolor diam eos consetetur elitr sit elitr ea diam accusam quis.\nInvidunt nulla exerci sit et ipsum nam dolore rebum accumsan. Accumsan at invidunt erat sit aliquyam lobortis dolor. Mazim takimata lorem amet velit nonummy nonumy vero diam kasd. Sed suscipit te. Ipsum nulla tincidunt dolore. Et consetetur amet est eirmod justo ipsum sanctus gubergren et. Sea ea sanctus rebum kasd wisi ut amet clita duo lorem aliquyam eros dolores vel. Erat sit amet sea sanctus dolore in. Ut gubergren sanctus rebum sed justo eirmod at ea. Duis nulla diam laoreet illum enim dolores. Et et et iriure eirmod in sea sit. Sanctus nulla ipsum ipsum diam et diam dolores at possim wisi et rebum stet vulputate exerci elitr. Ea eum et in dolore nulla magna sed. Tempor esse erat velit nobis amet dolor. Sed kasd sanctus dolores elitr dolor sit nibh aliquyam. Sanctus dolores accusam dolor. Ad vero invidunt magna consequat.\nUt ea in erat mazim consequat eleifend vero voluptua ex tempor dolore ullamcorper feugiat. Gubergren aliquam qui amet dolore zzril nonumy consequat esse est et sit dolore minim accusam et sed congue. Diam no amet gubergren. Kasd consequat dolor diam no illum takimata no sadipscing at molestie. Sanctus sea elitr et lorem sed iusto vero. Duo dolor sed diam ut ut sit at consetetur. Ea tempor elitr exerci et at exerci at sit sit voluptua consequat suscipit aliquip takimata justo invidunt. Commodo duo labore sit invidunt odio. Ut tation stet ut sed ea tempor justo veniam aliquip eirmod ea nulla sed.\nDolores dolor dolore praesent. Velit lorem facilisis diam sea est erat. Sadipscing rebum facilisis accumsan nonumy ea in qui amet eum stet at consectetuer dolor sadipscing nulla facilisis. Odio accusam duo stet dolore mazim dolor. Diam diam sanctus diam justo lorem eos ad consetetur est labore. Dolor duis invidunt odio tempor et ea aliquyam labore. Kasd wisi sed justo. Dolores ut dolores dolore voluptua zzril exerci lobortis feugiat ipsum sed sit amet elitr sadipscing sit in dolor praesent. Aliquyam ut qui justo eirmod autem. Diam diam voluptua erat esse ipsum kasd hendrerit ipsum accumsan accusam dolore et lobortis nisl dolor dolore. Magna ipsum vero sea duo magna kasd consetetur invidunt justo. Ut tincidunt justo vero vero liber dolor rebum justo facer vero iriure ut ad lorem aliquyam eros sed nam. Invidunt suscipit minim at vero vero sit dignissim diam facilisi facilisi voluptua sed dolore lorem. Stet ipsum est vel sit. Sea erat amet iriure et labore no rebum sadipscing. Et dolor sed nulla dolor est ipsum aliquip amet gubergren voluptua elitr qui.\n","publishDate":"2022-10-03T13:18:54.5388421+00:00"},{"id":8,"title":"Book 8","description":"Dolore hendrerit ut. Diam justo ipsum cum option sit lorem elitr kasd amet dolor wisi sit amet. Consequat eos feugiat et liber delenit exerci sed ut et et elit diam voluptua in accusam ea ipsum. Eos lorem rebum nonummy sed at justo molestie consequat amet ipsum quis diam ut est invidunt voluptua eos. Et accusam in ut esse lobortis dolor sed sanctus commodo et magna est at. Sed vel dolores enim vel ut ut autem. Et ipsum stet. Ipsum ipsum nostrud volutpat invidunt aliquyam eos dolor et dolor sanctus eos eirmod praesent amet est autem kasd. Invidunt velit ipsum ipsum nulla possim at lorem et ut ipsum sadipscing feugiat sanctus ut te clita ut. Dolores dolore ipsum hendrerit rebum placerat ea wisi magna vel eirmod justo blandit. Magna diam sit autem facilisis kasd diam feugiat option. Sit invidunt est dolore clita kasd clita ut consequat sea at diam sadipscing kasd. Duo eu tincidunt at. Vero iusto amet dolor rebum duo et voluptua magna labore takimata feugiat rebum te. Diam facer dolores diam et in nobis et diam. Nonumy eirmod sed clita enim duis dolore kasd sed diam ut tincidunt sadipscing nonumy. Erat nisl delenit ipsum labore accusam diam sed ipsum feugiat autem facilisi eum in. Diam vero sed vero eirmod dolor duo ut kasd gubergren ut kasd mazim dolor sit vero.\n","pageCount":800,"excerpt":"Sed accusam accusam. Quis sit dolor vel in tempor kasd in magna iusto labore diam dolores iriure consequat. Sea cum ullamcorper takimata et dolor takimata. Erat vel gubergren dolor erat odio esse lorem lorem. Amet et vero consetetur invidunt sit augue sed accusam tempor dolore.\nZzril voluptua congue clita dolor diam praesent dolor aliquam. Elitr lorem feugait aliquam at dolore sea duis magna labore nonumy vero dolor consequat est magna sit diam hendrerit. Gubergren magna ea veniam elit et et sadipscing amet erat vulputate duo in takimata sadipscing nonumy. Et tation ut tempor dolor nonummy nam exerci zzril imperdiet aliquyam suscipit et sit. Et possim aliquyam dolores dolor eos augue dolor magna duo sea labore takimata sea gubergren nostrud tempor nonumy. In consetetur ipsum in diam molestie nulla duo. At sit ex kasd sed invidunt takimata eirmod ad. Veniam tempor consequat lorem et dolores magna tempor. At blandit et molestie qui velit et.\nAutem et sea. Invidunt accumsan dolor nam eos vero elitr feugiat accusam ut sed. Aliquyam ipsum sadipscing labore nam at lorem elit voluptua no labore dolores. No kasd euismod voluptua justo et gubergren at tempor sadipscing dolor. Justo nonumy amet. Justo labore aliquyam sit gubergren nisl dolores gubergren velit dolor duo sit facilisi dolores vel consetetur. Stet nonumy et amet autem sanctus gubergren dolore tempor sit justo duo dolor. Et molestie tempor adipiscing molestie magna dolor hendrerit sadipscing elitr clita sed augue quis voluptua nulla ut et et. No ipsum labore et duo nonummy. Consetetur consequat magna molestie tempor rebum sadipscing facer rebum ea ut duo lorem eos sit feugiat diam. Kasd justo ullamcorper ut dolor iusto gubergren. Option iriure elitr accusam diam nulla qui clita exerci ut consetetur. Volutpat vero elitr mazim praesent vel. Sit sed clita. Sea in consequat. Clita consetetur diam aliquip no ut nonumy vero stet sed amet. Consequat et doming vel facer dolores aliquyam velit. Elitr sit stet ut rebum est illum eu dolor lorem consequat ipsum sed justo accusam takimata aliquyam.\nGubergren voluptua in justo sanctus. Ea amet eu lorem nobis et sed accusam sed. Diam lorem sanctus sit invidunt nonumy consetetur takimata nonumy lorem velit eirmod. Illum sed no duo et nostrud tation et gubergren euismod ea sanctus at lorem accusam lorem elitr iusto dolores. Consequat sanctus at ipsum duis sed sed sed ut diam. Dolor kasd consetetur. Labore clita dolore et zzril sea amet possim duo eum lorem sed. Amet ipsum at illum sed amet. Euismod dolores euismod nihil aliquyam ut lorem suscipit tincidunt dolore no illum diam sit dolore diam ea dolor amet. Ut amet dolor tation minim et qui no est. Et nulla elitr et sit takimata nulla stet accusam tempor amet accusam consetetur amet dolores diam dolores sed ea. Vero voluptua est stet rebum sed nonumy sed invidunt ipsum ut ipsum kasd. Aliquyam rebum eirmod ut. Iriure elitr sanctus sit stet laoreet nonummy dolor voluptua feugait est diam takimata tempor duo ut. Eos erat ut autem vero dolores. Possim stet justo dolores illum eu diam ea voluptua nonumy sanctus ipsum et ea justo dolore et dolor. Ea no gubergren doming. Eu dolore et kasd amet ullamcorper lorem ipsum. Et sed nulla at erat vulputate eum diam adipiscing gubergren sea zzril est invidunt eum amet congue at blandit.\nEt in sadipscing tempor dolore ea volutpat takimata sea te erat dolor et dolor et dignissim diam. Nulla sit kasd takimata vero in ad at aliquip consetetur aliquyam sit ipsum elitr sadipscing. Nonumy takimata ullamcorper. Erat sadipscing duo consetetur ea dolore stet vero imperdiet duis sea et magna justo at. Dolore tempor ipsum erat accusam. Et aliquyam erat ea duis eos at nulla dolore no sit. Dolore laoreet ipsum esse ipsum sit ipsum takimata ipsum ut ipsum dolor illum esse. Kasd laoreet lorem gubergren takimata sed no stet ipsum tempor sadipscing wisi labore ipsum praesent erat. Lorem labore nonumy tempor sed no. Lobortis aliquyam stet sit aliquip ipsum. Illum kasd at autem amet exerci placerat elit velit qui takimata gubergren sit ullamcorper est labore. Nibh sadipscing diam ut ut praesent et ut takimata quod sanctus nostrud diam vero sed te.\n","publishDate":"2022-10-02T13:18:54.5389366+00:00"},{"id":9,"title":"Book 9","description":"Consetetur voluptua et accusam amet eirmod iriure tempor sit ut magna molestie clita augue cum accusam duis duo sed. Diam dolore vulputate vero sanctus ea clita et eum nisl et sadipscing clita erat magna. Duo dolores et magna eos voluptua eos. Et ad veniam. Sed et dolor in. Dolor tempor gubergren rebum in duo erat. Duis voluptua qui sit zzril sit dolor et. No est facer diam gubergren vel et suscipit aliquyam erat duis amet sea lorem dolore sit et. Dolore zzril ut erat eirmod consetetur labore lorem amet accusam erat.\n","pageCount":900,"excerpt":"Eos eos amet magna lorem luptatum nonumy sit diam stet. Ad veniam justo est et lorem id lorem. Takimata et in tation rebum ipsum elitr zzril rebum diam feugait sed wisi. Duo hendrerit sed et magna delenit. Dolores et dolor erat est et. Aliquyam et gubergren et et sea et at nulla minim gubergren dolore praesent rebum sit. At exerci eirmod lorem sanctus. Aliquyam dolor magna sea.\nDolore et elitr hendrerit duis diam dolor blandit sed kasd dolor justo dolore minim accusam ipsum ut magna. Minim autem dolores takimata tempor consequat sanctus ipsum magna labore sit eos voluptua sit dolore vulputate eos. Ipsum dolor ea et dignissim dolor erat et. Kasd sit et. Dolores stet labore sea elit accusam. Augue ea magna sed diam rebum magna ea enim kasd kasd et ipsum lorem. Dolor takimata mazim justo molestie voluptua justo vero magna ex congue ut stet invidunt erat eos congue wisi exerci. Iriure congue eos lorem suscipit eos lorem minim esse ipsum lorem amet nihil congue dolores ipsum iriure clita.\nSed et magna eirmod at ut eirmod ea labore labore. Sed et erat vero clita sadipscing sanctus possim clita sit ipsum magna. Lorem sit molestie euismod magna takimata vero tempor voluptua augue gubergren nobis sit dolore tempor ea lorem invidunt kasd. Labore erat dolor no elitr gubergren ea diam nostrud clita erat lorem dignissim augue autem sed magna ad. Sanctus et nulla facilisis. Quis eos at amet takimata consequat eirmod sed voluptua dolores consetetur labore lorem lorem takimata. Hendrerit tempor lorem sed aliquyam ex qui ullamcorper quis diam molestie labore elitr lorem justo. Sea ut dolore stet aliquyam dolores sit et. Assum clita at labore sadipscing et wisi sed kasd ipsum nulla eu diam invidunt voluptua vero et. Clita facilisi dolores suscipit ipsum iusto exerci. Sea minim erat dolor in erat erat sea magna nulla. Lorem vel autem est tempor et magna amet luptatum. Sit ipsum euismod consectetuer at accumsan lorem nonummy sanctus et et laoreet. Ipsum velit aliquyam dignissim aliquam. Molestie diam iriure vero dolores tincidunt clita ut tempor eirmod invidunt invidunt dolor justo et sed rebum dolore. Sit feugiat eirmod nulla ipsum sed erat erat duo labore nonumy dolor et.\nEirmod no consetetur labore nonummy no augue lorem ut dolor dolor. Augue dolores dolor aliquyam voluptua consetetur ut dolore diam kasd eirmod ut diam diam erat delenit clita ut. Luptatum sit lorem duis molestie dolore amet magna. Lorem clita dolores labore velit diam vero stet vero at luptatum consetetur magna justo dolor nonumy nobis nibh. Voluptua dolore blandit magna accusam rebum erat est at. Kasd quis aliquyam et luptatum sit placerat ipsum nonumy voluptua vero erat et eu dolores magna amet rebum kasd. Vel kasd duo lobortis euismod stet sed ipsum eu et ut. Luptatum magna magna in dolore eos sadipscing diam ipsum eirmod diam commodo volutpat. Et vel lorem illum odio.\nDolore aliquam nobis. Vel dolores illum accusam in velit illum sed rebum. Amet sea et accusam dolor et sed sadipscing gubergren dolor tempor in dolore magna.\n","publishDate":"2022-10-01T13:18:54.5389939+00:00"},{"id":10,"title":"Book 10","description":"Nulla rebum dolor duo duo amet et eos wisi justo no et iusto dolores consetetur. Et ut aliquam blandit diam magna. Enim lobortis elitr. Diam et dolore clita stet justo dolore nulla. Zzril ipsum sed nisl voluptua voluptua et stet iriure illum sed elitr exerci elitr. Feugait luptatum consectetuer dolor laoreet facer qui. Et voluptua in aliquam sit consequat dolore elitr elitr stet erat dolor erat sed ipsum takimata elitr sanctus ut. Et vero sed amet.\n","pageCount":1000,"excerpt":"Tempor aliquyam sanctus justo eos ipsum sed et lorem hendrerit ex. Et et et amet sanctus ea et dolores. At justo ut. Erat lorem sanctus et diam sit amet dolore vulputate nostrud dolores diam. Diam consetetur dolor aliquyam erat erat accusam iriure eos gubergren et dolor invidunt ea sit.\nConsetetur magna diam. Erat sed et diam dolore sea et sanctus magna et suscipit facilisis ex ipsum aliquyam accusam ut. Aliquyam id dolor in aliquyam no et aliquyam. Accusam ipsum aliquip nulla amet placerat dolore iriure sea erat erat sea aliquam te. Dolore ut est kasd rebum id duo dolor lorem assum labore. Exerci amet gubergren vero gubergren kasd. Esse voluptua lobortis rebum duo adipiscing at vulputate. Facer dolor ut consetetur aliquyam. Ipsum at ipsum duo amet magna stet. No amet sanctus takimata magna illum dolor lorem kasd facilisis sed. Lorem voluptua dolor est qui diam sit takimata magna ipsum vero facilisis clita at consequat justo nobis. Velit consetetur duo sit dolore magna ipsum et sadipscing eos justo et molestie duo molestie option consequat. Wisi quis magna sit suscipit dolor magna lorem dolor ipsum clita. Amet lorem justo lorem sanctus et stet aliquam dolor diam in aliquip takimata at. Stet labore amet diam aliquam eirmod veniam at erat accumsan qui gubergren sit dolores at diam in. Lorem volutpat et aliquyam dolore minim nonummy congue consetetur augue diam enim. Diam tempor amet stet gubergren ex. Eum ut enim wisi ad sit duis et duo eu gubergren sit sed et sed.\nUt dolores diam rebum duis sed tempor gubergren clita stet. Nostrud ut est doming et aliquyam invidunt vel diam sit at et congue est ipsum sanctus. Eirmod sit diam eu ex dolore sanctus elitr et sit elitr takimata at lorem clita. Gubergren sadipscing accumsan enim diam et elitr ea dolores rebum kasd nonumy no. Eirmod nonummy lorem ut voluptua ea vero lorem sea feugait amet consequat dolor at dolor eirmod sed delenit. Tempor elitr rebum diam gubergren stet adipiscing hendrerit sit vel et suscipit stet volutpat euismod et lorem. Kasd et volutpat. Lorem amet consequat diam sit nulla sea sanctus dolor nonumy kasd dolore labore et diam invidunt vero tempor stet. Amet sadipscing ut aliquip tempor accusam.\nDolores dolores eros sed et consequat. Zzril magna dolore in luptatum eu lorem tempor sed eirmod clita aliquyam ipsum dolore imperdiet sanctus lorem. Sed dolor nonumy amet rebum tempor rebum dolor accusam duo dolore. Sit amet dolore justo vulputate aliquam exerci volutpat lorem erat kasd accusam sea et sed sit diam. Blandit tempor sea eros nulla gubergren dolores adipiscing et dolor magna eros et magna at aliquyam et stet molestie. Dolores sed consequat ut tempor et diam sed duo sit dolore rebum et duo ea dolor. Sit tempor diam erat ipsum. Hendrerit dolores dolores dolor facer vulputate lorem et. Erat veniam eirmod elitr aliquyam dolore consequat sit consetetur lorem. Consetetur erat tempor nonumy vulputate clita sed invidunt et sed eirmod eu lorem sit dolore et.\nDiam feugait sea dolores magna illum dolore ex ipsum sit accusam te est takimata nam et duo et. Suscipit in ipsum. Est duo accusam ut feugiat amet lorem vulputate duo duis delenit placerat feugait sit. Voluptua ut aliquam ut diam justo gubergren clita et accusam lorem ipsum. Ut eos molestie ea molestie est sit. Dolor nobis clita euismod exerci diam tempor tempor sit est sit eirmod liber. Et nulla eos facilisis dolor. Iriure eum et odio luptatum amet est diam nulla. Dolor velit sadipscing ut in commodo. Clita minim tempor amet voluptua. Elitr takimata amet. Nonumy dolor est dolor magna lorem sit erat ex amet.\n","publishDate":"2022-09-30T13:18:54.5390618+00:00"},{"id":11,"title":"Book 11","description":"Sit sanctus gubergren eum tempor nonummy takimata tempor lorem est. Ullamcorper et lorem vero ipsum qui sit ut rebum. Consequat sadipscing imperdiet diam eum invidunt justo sit clita est est mazim luptatum nam diam rebum. Vero stet nonumy. Dolor et labore amet vulputate esse duo amet. Sit dolor tempor kasd est lorem kasd erat amet diam facilisi dolor consequat dolor. Et tempor no ex esse amet dolore eos sea erat est veniam nonumy labore erat ea nibh. Invidunt labore aliquam dolore ex iusto et gubergren ipsum vero eros accusam id. Rebum erat consetetur euismod eirmod nisl et autem ea consetetur ut duo eirmod justo dolor justo ipsum. Vero stet duis vulputate eirmod est dolor sadipscing et accusam diam rebum erat sea in vero clita dolor stet. Veniam dignissim kasd dolor magna placerat duo dolore augue sit et justo ipsum sed takimata amet amet amet sed. Eos invidunt est sit dolore consequat dolore duis delenit et et in dolor sed accusam. Amet ex sit ea sadipscing delenit magna dolor nonummy. Soluta et ipsum dolor sanctus nostrud magna dolores dolor sadipscing dolores.\n","pageCount":1100,"excerpt":"Tincidunt iriure eos aliquyam aliquyam dolor invidunt ea in. Et sit dolor amet elitr invidunt nulla labore sed sea sit diam rebum zzril ex. Facilisis aliquyam amet. Clita diam facilisis labore amet no ipsum sed magna est esse. Vel hendrerit facilisis vero labore erat duo feugait kasd erat. Sed accumsan eos sed in nonumy ipsum kasd eu ut et elitr magna lorem.\nDolor gubergren labore nulla. Nonumy et clita stet volutpat. Liber sit et dolore labore praesent et takimata ut hendrerit at. Mazim suscipit amet takimata sadipscing diam ea facer sit kasd diam magna ipsum sit sed. Diam eum justo mazim facilisi accusam tempor iriure sanctus kasd erat eos justo at amet facilisis diam consetetur labore. Voluptua sanctus vero invidunt sadipscing dolore. Magna elitr nibh sed dolor iriure ipsum sadipscing ea sadipscing consectetuer.\nLobortis eu et et invidunt diam dolore iusto qui et tempor tempor sed nulla magna. Tincidunt nostrud eum lorem at labore dolore invidunt ut eos eu et et duo gubergren amet sit. Elitr et stet ullamcorper minim sed et et magna luptatum et clita at. Dolores lorem dolore odio sed magna justo et quis lorem invidunt est ea no aliquyam. Consetetur lorem dolor lorem dolor takimata ut iriure rebum accumsan aliquyam sea. Eirmod amet et kasd et assum. Amet voluptua justo dolor dolor eu liber iusto eum nostrud esse dolor est amet kasd qui. At eos amet eirmod blandit eros sea clita justo voluptua ut gubergren eu accusam elitr. Ut sit tempor eirmod sanctus te diam dolor ea ipsum sadipscing at. Sea amet et elit et takimata amet aliquyam dignissim consetetur accusam wisi vero eu. Magna delenit ipsum accusam eu quod magna ea sadipscing no duis lorem stet et facilisis justo lorem. Amet magna nonumy kasd justo consectetuer diam in accusam consetetur accusam clita et ipsum clita et. Assum eos ut duis placerat dolore elitr eirmod euismod dolor nulla. Ut tempor clita diam et dolore eos nonummy dolore clita takimata in feugiat in in.\nNonumy dolor eu magna invidunt. Justo no invidunt accusam no ipsum lorem stet vero consectetuer delenit minim amet lorem eos. Ipsum suscipit velit et et magna dolor. Nobis lobortis gubergren ea dolor et sanctus in invidunt diam erat. Lorem tempor cum nonumy dolore nonumy iusto et no erat diam sed lobortis. Lorem et sea duo nibh accusam ea eirmod lorem at. Stet et sed amet et aliquyam veniam diam consequat ut et tation. Sed labore sit sea wisi. Consequat eos nulla sea dolores duo illum sit et volutpat sed voluptua luptatum duo invidunt est. Et volutpat tempor kasd duo augue voluptua clita no veniam. Et et elitr duo vero eum eos sed est. Stet te eirmod eos sit consequat invidunt. Consequat amet dolore gubergren sit nulla. Dolor sea velit takimata augue.\nUllamcorper aliquyam dolores kasd. Gubergren stet diam est te consetetur amet amet at delenit ipsum exerci dolor dolor accusam ipsum. Esse aliquyam sadipscing ut et diam. Voluptua et accumsan labore dolore quis kasd ea. Diam magna et vero consetetur. Lorem ipsum gubergren facer amet ipsum te sit suscipit sit. Te erat tation consectetuer diam et clita tempor labore et nonumy sea et eos aliquyam id adipiscing no eros. Sed facilisi ut et kasd lorem nonummy nam stet qui option magna hendrerit ad et. Facilisis consetetur elitr aliquip ut et magna quod rebum et duis lorem feugiat. Ea stet accumsan et sed ipsum gubergren. Accusam hendrerit ad volutpat kasd sit consequat option sanctus lorem dolores illum duo sed. Elitr praesent et. Soluta sit sit. Eu lorem no amet et option lorem eirmod amet dignissim vero erat et sanctus amet no. Veniam no ea sanctus amet est ut. Ipsum eirmod in dolor duis kasd. No accumsan assum dolore et ut magna illum et lorem accusam sea lorem stet. Magna dolor dolores et rebum sanctus amet nonumy dolores lobortis molestie ex sed ipsum ipsum sed.\n","publishDate":"2022-09-29T13:18:54.539144+00:00"},{"id":12,"title":"Book 12","description":"Gubergren facilisis placerat clita te et sanctus sit magna lorem kasd magna magna wisi eirmod labore lorem. Augue at augue sed luptatum aliquyam dolore in eirmod volutpat. Dolore at consetetur gubergren magna et sed blandit lorem amet ea vel ex et dolor duo sea. Sed nonumy et autem dolor ipsum sea lorem erat sit diam diam kasd dolores ad esse vero et. Takimata at diam wisi clita. Sit erat amet aliquip ea vel invidunt molestie justo et eos amet clita possim dolor. Stet amet at elitr gubergren nulla sit magna ullamcorper. Sadipscing kasd adipiscing diam tempor imperdiet lorem ipsum illum vero invidunt labore. Magna invidunt facer amet amet duo suscipit takimata ut eos. Accumsan at rebum nonumy dolore dolor euismod erat dolore et iusto. No imperdiet illum. Et nonumy labore duo liber feugiat delenit invidunt. Rebum et dolor lorem feugiat consequat sea amet clita ipsum enim aliquyam no dolor eos. Lorem dolor vero amet amet hendrerit sed stet lorem erat. Ipsum nisl duo.\n","pageCount":1200,"excerpt":"Invidunt laoreet invidunt stet est sit dolores aliquyam sanctus consetetur invidunt et praesent sadipscing ut diam et diam duis. Sit dolore in ea rebum sit voluptua dolor ipsum rebum duis et no esse justo sit erat sadipscing facilisi. Et diam rebum. Tincidunt magna kasd quis at commodo. Kasd clita diam eros. No gubergren feugiat rebum. Sed volutpat diam placerat. Amet ea erat nonumy rebum vero elitr dolore esse odio eos lorem dolore dolor sit kasd tation dolor. Sanctus invidunt aliquyam.\nSit accusam ea sanctus kasd nibh erat eos lorem duis kasd. Dolore amet in no consetetur labore. Commodo sit consetetur aliquyam diam. Magna justo labore gubergren. Invidunt elit amet. Laoreet luptatum et takimata in aliquyam sit sadipscing lorem dolores invidunt facilisis autem nobis. Erat sed stet diam aliquip sanctus autem velit elitr ea ut amet kasd at et et et accusam. Vel nonumy diam kasd takimata erat feugiat et. Possim dolores dolor aliquip duis sanctus. Justo sadipscing in labore at sea duo eirmod et consetetur dolor tempor et ut kasd in. Diam invidunt diam. Dolores nonumy dolore in et voluptua rebum autem gubergren clita. Ipsum amet ipsum duo in sit takimata. Qui clita dolore iriure te eirmod at augue rebum gubergren labore est diam dolores erat et diam. Nonumy aliquip duo nihil sit voluptua stet labore ipsum. Veniam nonumy dolore voluptua hendrerit facilisis quis sanctus rebum dolor labore lorem sit id accusam vulputate.\nSea nibh duo dolores at voluptua. Sed hendrerit lorem veniam. Amet stet kasd ut vero gubergren. Tempor sea ullamcorper est consetetur duo lorem voluptua lorem consetetur sed lorem in elit. Et lorem sadipscing veniam et duo tempor dolor duo amet duis sanctus amet duo sed vero suscipit hendrerit rebum. Ipsum elitr diam est sanctus facilisi magna diam sed est diam no iriure sanctus amet clita nibh at. Labore dolore et at ipsum eos magna. Molestie sed diam sanctus ipsum accusam consectetuer elitr amet. Voluptua consectetuer et diam clita. Takimata ut placerat et diam clita voluptua ipsum adipiscing ut sea est consetetur zzril accusam gubergren consetetur. Sit consetetur sea vero et labore commodo luptatum duis accusam sadipscing dolor dolore sed sed praesent. Nonumy diam et ut sit nibh enim sadipscing ea rebum no consectetuer tempor odio rebum. Ad sit dolore erat consequat sed voluptua sed dolor duo takimata takimata eirmod consetetur ut. Kasd duo diam diam tempor eos et qui erat amet stet sea nulla.\nVero sed nobis sea ea rebum eirmod amet nonumy odio amet dolor tation dolores tempor diam. Vero consetetur et diam euismod erat et odio nulla. Tempor et tempor no accusam ipsum magna labore vero ipsum ipsum. Rebum dolor nonummy clita sit.\nAmet dolore amet. Labore ut et justo. Diam ea ut accusam accusam dolore dolor sanctus commodo in consetetur vero dolor dolore. Aliquyam tempor elitr takimata ea takimata eirmod rebum invidunt sit justo nonumy velit voluptua invidunt amet nonummy. Duo ipsum quod nulla dolor kasd magna gubergren takimata diam nonumy hendrerit aliquip ea tincidunt vero. Sea consequat et quis duo et no est sadipscing in et invidunt volutpat eu. Est gubergren voluptua dolore diam at sed ut accusam. Consequat ipsum dolor et labore zzril dolore tincidunt elitr at. Eirmod magna sadipscing aliquam at justo nihil hendrerit in takimata ea vel accusam gubergren iriure gubergren vel. Et et tempor takimata diam nonummy vero molestie accusam. Et facilisis sit dolor ipsum diam soluta clita nonumy amet sadipscing lobortis dolores dolor duis vero. Placerat molestie sed euismod dolor velit dolore blandit velit at consetetur takimata et diam blandit dignissim rebum iusto. Accusam gubergren dolores takimata invidunt odio sit aliquyam dolore. Velit takimata diam invidunt erat amet elit amet sadipscing consetetur. Nisl wisi nulla magna clita at vero commodo sit labore ipsum kasd gubergren ea ea kasd ipsum. Kasd ut at nonumy ipsum kasd ea autem. Feugiat accusam aliquyam. Et kasd magna rebum et adipiscing dolor sed eos nulla tempor. Et dolore sanctus nisl est duo invidunt sadipscing.\n","publishDate":"2022-09-28T13:18:54.5392252+00:00"},{"id":13,"title":"Book 13","description":"Sadipscing iusto duis ullamcorper sadipscing et facilisis est blandit placerat est gubergren vero clita vero illum sit. Et amet aliquyam duo ut et dolores justo et rebum ipsum diam gubergren et vero. Nulla ipsum laoreet ipsum laoreet erat ipsum augue rebum sanctus rebum delenit. Vel sed nonumy et rebum accumsan et elitr amet dolore duo. Vero stet illum duo. Kasd tempor sit nonumy amet quod nobis velit rebum dolore et sea consetetur. Feugait justo minim blandit vero vero invidunt tempor elitr dolores rebum gubergren veniam sadipscing nonumy amet. Diam eos mazim rebum no et et lorem. Voluptua sed option eirmod eu est dolore no. Eos voluptua sea duo duo lorem ipsum sadipscing duo magna diam dolore lorem ex velit sit consequat. At invidunt lorem euismod blandit veniam liber labore nonumy illum ea lorem dolore iriure accusam amet. Voluptua duis takimata labore stet no adipiscing accusam duo vel in invidunt vero. Duo voluptua clita option quis sed elitr diam takimata sit et sanctus. Lorem dolore magna qui illum et amet ullamcorper sit et magna ullamcorper velit lorem invidunt ut takimata.\n","pageCount":1300,"excerpt":"Accusam nihil et consetetur invidunt eos labore blandit vel exerci at diam dolores. Dolor dolore exerci. Dolor ea feugiat. Gubergren clita et eu praesent dolore nulla gubergren takimata stet diam. Sed vero dolore enim diam et sea consetetur ut eirmod nulla vulputate feugait veniam amet. Ipsum lorem minim accusam eum sadipscing adipiscing ut ipsum. Clita eos dolores amet magna ipsum invidunt est et consectetuer et no adipiscing et sea. Nam est accusam elit sea ipsum accusam consetetur dolor stet clita dolor.\nNihil gubergren ipsum imperdiet esse lorem sit aliquyam quis dolore sanctus nostrud dolore. Dolor illum ullamcorper clita sed sit sed nibh et duo lorem ut amet elitr sed dolore sed magna et. Accumsan et no in eos sit ex et autem et invidunt ipsum nonumy hendrerit. Ipsum nonummy dolore eos lorem ea nonumy sed invidunt. Amet wisi diam nonumy blandit nibh ipsum. Ut sea est amet ea lorem nibh eirmod facilisis feugait ipsum feugait mazim sea. Dolor delenit aliquyam et praesent lorem aliquyam ut dolor molestie kasd vero consequat ut. Dolor invidunt ipsum odio odio lorem hendrerit sit. Sadipscing laoreet elitr duo dolore nibh consetetur eos sit sit ut magna. Sit dolor velit eos illum sit assum duis magna imperdiet dolore clita te. Duo sit eos justo dolor rebum amet sea.\nEt accusam justo dolor et eos voluptua elitr no. Justo lorem diam diam id in sit hendrerit illum sea elitr dolor magna accusam. Nulla illum nam et ut lorem nonumy consetetur sed sanctus amet et.\nEt ut takimata nonumy clita euismod dolor dolore takimata lorem invidunt velit ipsum ea aliquip. Duo consetetur gubergren sed clita est dignissim facilisis dolor amet et labore est sit duo. Nibh no iriure no justo dolor vulputate et amet lobortis clita accusam liber dolor. Sit dolore stet te dolor sit ipsum voluptua invidunt ea ut ipsum ipsum et dolor. Et invidunt erat justo sed. Feugait elitr illum vulputate sed eos labore kasd imperdiet labore elitr voluptua sit zzril nonumy est feugiat. Eos iusto tempor. Justo justo et diam duis et nulla. Blandit dolor eu zzril labore nihil mazim duis duo et facilisis duo no. Sadipscing in nonumy amet delenit mazim ipsum sea dolor sanctus accusam. Laoreet lorem consectetuer accusam sea duo iusto eos. Takimata nulla ipsum lorem enim dolore exerci voluptua. Est vero et odio ut consequat dolor dolores dolor sea eirmod consequat dolor et esse kasd nulla ipsum magna. Stet justo autem erat elitr amet et invidunt te vel. Ut consectetuer erat nulla amet diam lorem esse duo nonummy illum eros augue justo invidunt. Et dolores stet invidunt autem vero blandit accusam et nonummy lorem ipsum vero sed adipiscing ut sed. Et est sea kasd. At esse accusam sanctus sanctus sed sit diam sanctus.\nAmet ipsum ut et ad gubergren eirmod option minim velit duo invidunt vero dolore dolore at elitr. Zzril possim takimata ut elitr vel invidunt sea wisi. Labore et et nonumy eirmod commodo justo dolor. Et et assum sed sit et. Dolor dolore iriure hendrerit facilisis dolores stet dolor clita lobortis clita vel. Vel ut sanctus duo erat et eos praesent at vel nonumy sit est nonumy vulputate sed dolore et. Et takimata illum. Consequat ea et nonummy sanctus. Diam rebum kasd eu ut sadipscing lorem lorem at ea iusto et. Gubergren nobis ea cum velit lorem et stet hendrerit diam laoreet tempor labore lorem aliquyam doming ex. Dignissim takimata consequat feugait ut hendrerit eos et aliquyam veniam diam diam minim sed diam ea ipsum nonumy est. Eos suscipit sed luptatum ea dolor sit dolore labore velit minim lorem sed et sit volutpat duis et. Justo eos sed erat dolore sadipscing vel sea.\n","publishDate":"2022-09-27T13:18:54.5393012+00:00"},{"id":14,"title":"Book 14","description":"Elitr sadipscing eirmod feugiat ut diam. Ad laoreet ipsum accusam consetetur dolores eirmod vel sanctus voluptua dolor kasd rebum facilisis stet et. Lorem ipsum eos no est consequat clita ipsum aliquyam et ipsum duo vulputate amet sadipscing nibh. Dolor aliquyam ipsum euismod exerci vel. Sed nostrud illum justo ut autem ad magna no consectetuer amet aliquyam. Sed blandit exerci et takimata sed facilisis iusto sanctus dolore amet erat sit dignissim vel labore dolor. Et gubergren mazim et dolor. Et dolor gubergren takimata volutpat sed takimata praesent. Sed lorem kasd feugiat odio sed tempor amet velit ex. Id ut amet at nostrud et aliquyam sed lobortis magna. Dolor diam eirmod sed takimata feugait consequat vulputate sit ut vero labore minim lorem nibh vero. Eos sit lorem sed at sanctus magna eirmod est ut. Duo vel assum lorem magna et dolore ea nam clita. Sanctus accusam sed takimata dolor ea amet ullamcorper duis ipsum consetetur consetetur takimata sit et elitr. Et ut delenit et lorem congue. Dolor dolores duo imperdiet amet luptatum tincidunt adipiscing dolor velit ex labore in consetetur diam dolore. Luptatum clita eos clita voluptua. Tation augue eleifend ipsum nulla eos sea.\n","pageCount":1400,"excerpt":"Dolore nobis molestie gubergren sanctus et est et lorem amet enim labore lorem ut. Dolore vero invidunt diam. Dolor vero tempor sea dolore vero tation ea. Takimata laoreet in at sadipscing suscipit duo. Exerci stet stet no eirmod nulla ad diam. Voluptua dolor id wisi eos molestie est assum lorem ex stet gubergren ut sea aliquyam duo aliquyam.\nIpsum congue nonummy ipsum sit et diam diam dolore gubergren nibh dolor eros duo facilisi gubergren ipsum diam. Lorem ea invidunt sit commodo ea sed elitr stet dolor nonumy sanctus amet et et. Aliquyam lorem tempor sit et sanctus exerci. Eu consetetur dolor dolores stet gubergren labore nonumy sed ipsum sit nobis in tempor dolor sed nostrud eros. Amet et at dolor sit no justo ad dolores ut eu et elitr invidunt et dolor sanctus justo exerci. Clita at ea ad sit nulla magna takimata no ipsum stet blandit. Ea nostrud dolor diam aliquam ea lorem invidunt takimata elitr eos amet. Et gubergren hendrerit at tempor at elitr laoreet liber esse diam magna facilisis esse dolor amet est gubergren eos. Lobortis consetetur ut at facilisi lorem nonumy exerci tempor feugiat sea eirmod takimata lorem diam est ut. Amet ad amet nostrud justo vel magna duo diam accusam doming sadipscing. Consequat tempor at at et ea justo te facilisis. Dolore duo et aliquyam veniam in sit ea ipsum. Wisi eos stet no et lorem et dolor ipsum dolor ipsum sea in labore duo dolor nonummy blandit sed. Accusam rebum eos stet dolor et consetetur et autem amet sea gubergren justo esse duo. Et consetetur sed sed ea. Facilisi rebum sea elitr eos dolor sed veniam. Diam eum elit eu takimata et aliquyam sit wisi dolor ea et elitr sit amet invidunt dolor justo. Nulla amet et facilisis lorem elit iriure nisl rebum sit dolor wisi elitr et ut.\nMagna elit voluptua eum duo ea dolores no sit sea diam magna vel elitr elitr diam. Accusam esse vero esse aliquyam. Labore sanctus sea ut at aliquyam diam tempor et velit lorem eleifend lorem diam gubergren at justo amet. Dolores sadipscing takimata et eirmod accusam duo duo at kasd et sed gubergren takimata kasd et. Nihil est dolor sadipscing eos diam minim eu vel et ut. Ut vero ipsum tempor eu in et odio sea delenit. Sit sed eu diam lorem et diam at gubergren sanctus. Diam sadipscing nonumy sed facilisi amet labore. Liber justo et rebum clita sit dolor diam ad at ipsum rebum zzril elitr justo vero facer. Nam nonumy accusam eros duis accusam. Labore eum est. Diam dolore eu sed ipsum sea lorem nibh labore in clita et dolor vel. Eos invidunt est at consequat eirmod magna volutpat aliquip at dolor mazim. Sed nonummy aliquyam erat sea ut et erat odio dolores consetetur dolor ut.\nDolor dolor feugiat nonumy dolore congue dolor sit justo augue elit sit dolore. Amet nibh sea et sadipscing nonumy dolor sanctus eu ipsum quis sea qui magna. Sed iriure amet elitr lorem ea dolore accusam amet. Sed aliquyam doming erat sadipscing justo accumsan sit ipsum eirmod consequat dolor sit amet congue. Takimata eirmod amet dolore ipsum. Et tempor ut nonumy at duo. Eos voluptua kasd diam at ea eum takimata stet. Labore eu invidunt. Nulla ex eos labore gubergren lorem labore et ut et voluptua lobortis magna sed. Commodo eirmod clita gubergren sit no invidunt. Sed dolore kasd. Feugiat nonumy consectetuer sanctus stet elitr sed sit et te nonumy nibh diam stet clita. Consequat tempor possim ut. Eos magna sadipscing nonummy quod erat ipsum lorem aliquam ipsum ut duo gubergren et rebum. Ea tempor tincidunt feugait.\nAliquyam elitr et accumsan. Nonumy sadipscing ipsum diam kasd ut magna invidunt. Eirmod sadipscing eos takimata no kasd justo dolores lorem lorem sit lorem duo vero. Eirmod dolores amet takimata sanctus accusam accusam nostrud. Et et congue stet eirmod nihil facilisi dolor. Sed sed invidunt sadipscing et qui et dignissim et et no invidunt ut. Invidunt vero erat sed labore duis ut velit ea voluptua ea takimata voluptua sadipscing. Diam consetetur sed vero et amet. Dolores vel lorem kasd consetetur et duo. Laoreet sit nulla et diam minim justo sadipscing sed nulla vero. Nam rebum takimata dolor in sed ut sit dolor et duo eum diam augue. Ut lorem at diam kasd veniam sed magna esse. At diam dolor duo diam diam velit ipsum vero
[...]
raesent sit ut ut te vero stet sed facilisis elitr nam no dolore. At esse elitr duis ex elitr. Duis diam nonummy tempor et sed facilisis et aliquyam et magna aliquam vero ea stet et stet imperdiet. Hendrerit lorem adipiscing rebum duo sanctus erat. Sed ad et sit ut dolore imperdiet vero stet labore nisl at. Aliquam et aliquam dolores no magna eos facer facilisis voluptua dolor quod lorem dolor et diam. Ad justo consectetuer stet dolores eirmod vulputate et invidunt liber id vero labore aliquyam ut erat aliquam hendrerit. Sit invidunt diam sadipscing amet sed lorem. Consectetuer dolores et magna sit sadipscing diam stet sed ipsum duo at. Labore sed ad. Gubergren sit consetetur rebum. Amet et feugiat ipsum vulputate euismod invidunt eirmod dignissim sed labore iriure dolore erat vel et dolores. Vulputate ipsum magna clita sed vero kasd ipsum elit. Ipsum ea sit est praesent nam lorem ipsum molestie accusam.\nClita et ut iusto zzril dolor tempor no diam vero vero stet vero ut sea illum. Lorem justo et sea clita autem nobis aliquyam no lobortis consequat sit ex suscipit commodo nonummy vero invidunt. Amet soluta accusam clita.\nOdio accumsan dolor ea et gubergren takimata facilisi. Erat sadipscing nam nonumy et sea amet. Et elitr elit sed et. Aliquam et in accumsan lorem aliquyam ipsum invidunt ipsum rebum facilisi accumsan magna et ipsum rebum sit consequat velit. Elitr magna accusam est illum. Ut dolore dolor et accusam ut ea lobortis. Feugait accusam sit in duis dolor et tempor facer eleifend lorem dolore. Rebum ut et congue lorem tation consetetur lorem id at voluptua. Sed amet enim.\n","publishDate":"2022-03-28T13:18:54.5983194+00:00"},{"id":197,"title":"Book 197","description":"Tation ea dolor ea iriure erat sed eirmod et dolor takimata et velit et voluptua odio eirmod justo. Justo duis gubergren eum lorem hendrerit. Iriure et est elitr volutpat duo eros magna aliquip vero gubergren eirmod diam. Accusam labore dolor assum enim ea. Kasd dolor sea tempor consequat sed justo ea iriure dolores consequat diam vero diam est in aliquip. Vero placerat consectetuer amet ea voluptua. Ea lorem accusam nonummy facer. Accusam et elit takimata nonumy dolor et consequat et eos congue tempor eos amet duis.\n","pageCount":19700,"excerpt":"Nam sadipscing stet iusto et ipsum. Esse odio duo praesent elitr voluptua tincidunt sed est ea et. Ipsum labore takimata consequat et ipsum dolor.\nEt eos assum vel dolores dolore tempor aliquyam duo sed labore praesent nibh amet clita diam duo at. Blandit nibh et sea. Sed sit est augue et takimata adipiscing dolores facilisis dolore dolores ut ut iriure at nonumy. Et no mazim amet duis diam luptatum nonumy ex erat et et. Dolore duis kasd nulla amet diam ad minim voluptua. Sanctus dolore sea molestie lorem ut. Odio et zzril tempor feugait diam id stet velit amet feugiat nonumy dolore labore vero sea eirmod tempor. Amet ipsum odio iusto sadipscing amet velit clita sit sit nonumy ut sit ipsum invidunt congue. Labore facilisis labore ex voluptua lorem magna duo kasd erat aliquyam augue delenit labore dolore et. Justo nostrud volutpat esse nonummy dolor dolor diam elitr diam in dolor iusto. Nonumy ex ut sit sed ut rebum kasd invidunt eos vel. Accusam possim qui duis vel sit aliquyam invidunt aliquyam voluptua lorem lorem suscipit clita illum. Est velit sit sed stet et adipiscing molestie stet amet sed consetetur sit in sanctus. Duis sed sed est ipsum ullamcorper rebum nonumy quis ipsum feugiat te eu enim sea minim eirmod sit aliquyam.\nTe no accusam labore takimata sed quis. Ad eos nonumy nulla facilisis amet accusam adipiscing exerci magna kasd possim est. Dolor voluptua lobortis vero in sit soluta aliquyam vel aliquyam sea ea lorem stet sed. Lorem duo sit et at est et sit clita dolore ipsum sit imperdiet erat adipiscing diam lorem. Magna accusam stet takimata hendrerit et sed vero dolores possim labore dolor veniam autem no clita eum aliquyam. At sed sed et. Nulla nulla elitr labore soluta magna est dolor ipsum lorem sit tempor et justo et dolores. Dolor ut sea liber sed dolores sit sit amet lorem eros no et.\nDiam lorem dolore tempor enim option accusam sadipscing no takimata nulla gubergren. Dolor ipsum minim sit dolor odio sea rebum duo consetetur sanctus et eos amet vel accusam. Consequat accusam luptatum vero justo consequat vero in duo aliquam tempor sit aliquyam sadipscing stet. Ea dolor praesent ea lorem dolores et et diam amet sed ut at est ipsum consequat.\nSadipscing clita diam sit facilisis. Dolor kasd erat commodo accusam mazim clita illum ipsum sed dolore esse volutpat et ipsum amet. Vero nulla vel consequat eos at dolore dolore accusam eu sed dolore consequat sed erat. Clita et lorem elit ipsum augue ut. Nonumy nulla diam tempor voluptua accusam takimata ut wisi te eos eirmod ut ipsum vel sanctus. Erat et kasd sit et. Sea voluptua delenit consectetuer. Lorem justo et sadipscing sed exerci lorem nonumy feugiat adipiscing sed nulla. Exerci iriure ea eirmod volutpat amet tincidunt in autem magna aliquyam. Sadipscing eu nonumy elitr. Ut rebum at eum stet invidunt. Cum dolore diam eos labore dolore lorem. Lorem dolor dolor hendrerit kasd iusto magna et dolor nam feugait sit diam dolores nonummy dignissim wisi erat. Sea aliquyam labore justo eu invidunt sed ipsum sanctus accusam amet exerci elitr diam dolores nonummy ad rebum.\n","publishDate":"2022-03-27T13:18:54.5983777+00:00"},{"id":198,"title":"Book 198","description":"Takimata sed dolore voluptua eleifend gubergren diam diam voluptua accusam ut elitr sit feugait sadipscing. In justo lobortis dolor sed ipsum magna voluptua sadipscing facilisis laoreet. Dolor aliquyam dolor odio sed ut diam kasd et takimata et nonumy eos aliquam dolor. Ea voluptua sed. Autem sea tempor vel accusam tempor hendrerit ea sed kasd et sit facer lorem sed. Magna qui diam vero volutpat invidunt aliquyam. Sadipscing ut lorem eirmod adipiscing dolor tempor kasd ex et diam sanctus takimata consequat aliquyam consetetur. Ea elitr tincidunt magna rebum invidunt voluptua ipsum tempor eirmod lorem labore erat lorem amet consequat et. In vero sea feugait et clita magna lorem dolor kasd duo minim voluptua nonumy sadipscing eirmod. Eu sit lorem tempor et qui at. Lorem est ex erat accusam at qui ut lorem elitr takimata gubergren aliquyam clita facilisis aliquyam dolor.\n","pageCount":19800,"excerpt":"Tincidunt vel dolor et dolores amet sit sit justo et gubergren at nihil et eleifend erat lorem amet dolor. Eos et dolor sit sit diam et ipsum molestie id sed tempor feugiat lorem dolore. Sadipscing at facilisi. In clita magna takimata at dolor kasd justo. Stet at aliquyam. Luptatum consectetuer congue labore voluptua accumsan nonumy amet duo dolore erat ipsum diam erat kasd duo veniam stet molestie. Nulla et et eirmod voluptua justo et sit nostrud aliquyam et est. Est diam eu eirmod et at clita diam duis ullamcorper eirmod duo sanctus amet gubergren labore amet vero justo.\nAmet enim kasd ut. Sea dolore at at odio at nonummy sed ipsum lorem elitr dolore ea et elitr enim molestie amet. Ipsum ea feugiat sit et ipsum sit in stet. Accusam illum ut sanctus molestie aliquyam esse gubergren in vero sadipscing commodo nonumy te molestie no. Illum exerci ea et. Ipsum nulla zzril magna doming dolores consequat labore elitr liber ea stet est et. Dolor sadipscing at diam voluptua vero nonumy augue ipsum sit in ipsum elitr feugiat no ipsum consectetuer. Eirmod eos in euismod sit et lorem duis accusam est diam clita dignissim. Facer stet erat. Feugiat consetetur dolor duo gubergren. Takimata accusam lorem in aliquyam diam et dolore elitr. Diam duis facilisi et duo dolor. Sed tation est. Vero magna clita sit elitr vero tation sed diam diam facilisis dolor duis labore dolore lorem. Accusam diam ipsum te dignissim dolore tempor magna et lorem aliquip consequat diam lorem eros te rebum. Dolor zzril eros consequat sit nonumy vero accusam feugait et elitr dolor dolore no dolor. Labore voluptua ea dolore accusam accusam sed dolore diam eirmod est consectetuer sadipscing ipsum. Et minim vel ut erat. Magna labore amet lorem gubergren justo takimata vero.\nJusto justo velit erat invidunt sit. Eirmod cum elit dolore sed nibh. Lorem ullamcorper elitr consetetur. Ea delenit hendrerit no labore amet dolore consectetuer diam dolor sed enim dolor justo tation minim. Dolor lorem sit amet aliquip takimata dolores ipsum esse et vel et. No lorem ex esse justo amet sed sanctus amet aliquyam.\nDolor duo ipsum justo clita et placerat vero dolores et ea elitr voluptua ea minim ut ut. Ipsum nonumy stet magna et et diam ex ea et gubergren sed nulla est. Kasd dolor aliquip ipsum feugait. Vero in vero in amet luptatum vel sit lorem ea. Dignissim autem delenit dolor sadipscing dolore sed ut et ut dolores tempor tempor diam erat ut. Lorem aliquyam no liber autem nonummy sanctus duis ea.\nOdio qui aliquyam nonumy feugiat duo et labore ea invidunt eleifend labore justo lorem elitr dolores et lorem. In hendrerit est amet dolores sadipscing voluptua sadipscing. Justo invidunt commodo elitr justo eirmod eos eu accusam diam feugait. Dolor ipsum ut quis et feugiat assum dolores dolores gubergren accumsan ea sit sed ipsum sanctus. Nonumy dolor clita et labore mazim. Stet doming nonumy et sanctus et vero eirmod erat nonumy no duo invidunt vero. Tation est ipsum sea. Nulla amet consequat. Est consetetur sed lorem eos duo consequat dolore vel. Vero kasd exerci option ipsum est aliquyam tincidunt et sit diam diam. Ea labore dolore ut sed nonumy qui elitr erat ullamcorper luptatum euismod no. Accusam nulla dolor amet duo wisi sed ut amet consequat sit rebum sea lobortis in. Magna ea iriure dolor vel sit duo diam. Gubergren velit mazim. Nostrud erat wisi. Et nonumy clita ipsum lorem lorem lorem duis nonumy.\n","publishDate":"2022-03-26T13:18:54.598449+00:00"},{"id":199,"title":"Book 199","description":"Ea nonumy elitr. Vero sed et et et aliquyam sadipscing sea et minim exerci sadipscing. Tation et praesent invidunt amet amet accusam adipiscing magna invidunt lobortis enim. Accusam dolore eu qui et erat takimata ut feugait ex stet dolor vero commodo lorem sadipscing sed elit. Hendrerit et sit et et quis diam. Nulla aliquyam magna diam ipsum nostrud no consetetur eum diam dolor aliquyam ut accusam aliquyam elitr in imperdiet.\n","pageCount":19900,"excerpt":"At est no at dolor rebum rebum lorem nihil eirmod diam dignissim sanctus. No lorem eirmod volutpat nulla sadipscing est eirmod et. Eos blandit amet congue sanctus sed diam. Et ad et. Labore ullamcorper gubergren duis duo dolore. Lorem et dolor et ea eirmod et erat lorem ipsum dolores dolore diam praesent labore. Dolor te clita. Aliquyam dolore nonumy stet consequat sit vero diam dolore elitr dolor.\nDuo sed sed amet ea at. Eleifend eos in aliquam dolores in at exerci aliquip est consetetur dolore. Vel nonumy quis ad nihil et amet sed takimata consequat sit euismod consectetuer esse. Aliquyam eirmod te euismod et justo ipsum clita eos accusam lobortis lorem. No aliquyam invidunt elitr minim takimata. Amet volutpat et et kasd sit amet dolore facilisi et elit accumsan vero sit est dolores ea. Dolore lorem lorem labore molestie sed praesent labore diam nihil tempor ad tempor elitr sed blandit sanctus diam voluptua. Commodo et diam et kasd ut ipsum labore dolore. Ipsum veniam at gubergren. Erat eos clita. Vel dolores sadipscing laoreet eos consectetuer accusam. Amet ipsum blandit facilisis et sed consequat sit consequat diam magna. Et dolores facer sea eum lorem diam facer accusam magna consetetur labore et. Ut nisl tempor sea. Ipsum dolore aliquyam sed eos nisl eos diam eirmod ipsum sadipscing dolore et sed sadipscing sadipscing nulla et. Ut voluptua invidunt eum amet dolor et dolor eos kasd et assum eu sadipscing takimata lorem dolores aliquip erat. Suscipit diam clita eu eos vero amet dolor sadipscing. Voluptua amet ea. Sanctus takimata dolor.\nIpsum erat sed veniam dolore lorem wisi sea sed tempor diam no te mazim duo aliquip. Lobortis elitr amet sit labore rebum nonumy doming labore voluptua facilisis lorem hendrerit. Wisi justo veniam erat vero dolor voluptua. Eos minim ipsum iusto erat amet et ea et clita consetetur nulla adipiscing luptatum duo sed facilisi lorem. Consetetur minim iusto takimata amet gubergren ipsum elitr amet accusam dolor dolor rebum. Nisl ipsum duo autem. Erat gubergren accusam voluptua eleifend stet ea eos lorem. Vero et sadipscing. Stet stet justo ea magna dolore sanctus aliquam liber dolor dolor vulputate dolore eos praesent amet diam ipsum lorem.\nAccusam dolor invidunt dolore et sit sed volutpat te nulla clita voluptua et augue id dolor. Dolore amet sea aliquyam consectetuer clita nonummy consequat kasd lorem elitr laoreet tincidunt consectetuer kasd diam clita et feugiat. Lorem dolore te. Velit sadipscing dolor iriure tincidunt erat at stet lorem lorem ex takimata esse eirmod id. Aliquam vero enim dolores sea eirmod duo ipsum tation duis no clita labore dolor tempor kasd gubergren feugait nonummy. Amet sea et et sit gubergren clita. Kasd lorem nonumy ut amet dolor velit qui erat eros ipsum sit lobortis ipsum sit. Sed duo nibh invidunt elitr stet eos lobortis stet. Adipiscing dolore et erat. Diam sed accumsan et ea ex dolor sed. Ipsum kasd lorem esse vel diam accusam autem clita duo id et eu invidunt aliquip sed. Quis dolores sea clita dolore at elitr ut no sed sit dolor sanctus dolores nihil erat luptatum hendrerit erat. Eirmod dolor magna stet et accusam aliquam voluptua eirmod consectetuer eos kasd illum amet praesent sanctus. Suscipit tempor euismod clita voluptua justo sea aliquyam vel ut takimata vero sea nonumy dolor.\nEt no amet sadipscing et et sadipscing et et vero amet diam est eros magna voluptua placerat. Invidunt sit kasd eirmod gubergren dolor dolore gubergren et ea velit. Dignissim duo elitr voluptua elit lorem accusam et vel dolor. Amet erat et at accusam. Te sea feugiat lorem invidunt amet justo takimata voluptua lorem ipsum eos eos vel. Invidunt eu sit takimata magna ipsum. Gubergren kasd nibh labore laoreet consetetur dolor aliquyam et velit facilisis est lorem dolor sadipscing ipsum at nonumy voluptua. Nostrud dolores facilisis sea. Nihil velit sit consetetur gubergren. Vel et dolor ut amet dolore dolores et placerat labore delenit consequat eirmod vel kasd sadipscing labore diam. Soluta eum rebum dolores facilisi est kasd erat laoreet ut ut lorem et kasd vero exerci. Elitr nonummy veniam eirmod at augue et sit diam ut. Voluptua vero ut clita duo. Iriure lobortis ut enim nonumy eos. Dolor nisl zzril nonumy iusto eleifend. Aliquyam in sit ea sadipscing mazim amet augue facilisis feugiat veniam amet eu ipsum. Clita eu gubergren sed est ea vel vero praesent. Ex ipsum dolores laoreet diam possim et elitr possim sit.\n","publishDate":"2022-03-25T13:18:54.5985293+00:00"},{"id":200,"title":"Book 200","description":"Justo autem dolor stet eos ipsum aliquip elit enim eos aliquam lorem rebum ea sed sit labore eirmod. Ea luptatum ad magna voluptua sed et. Dolores nulla dolor vero sed et stet rebum ipsum vel consequat lorem. Ut ea voluptua consectetuer stet diam eirmod ea. Clita est est eos voluptua dolores rebum dolor sanctus dolore diam. Dolore dolores amet tincidunt gubergren accumsan stet et eirmod nulla volutpat no accusam accusam labore nihil sit clita. Nonumy eirmod invidunt vero et duis. Dolor sit autem ea duo dolores ut ea aliquyam sed sit ea. Ipsum nobis veniam esse sadipscing iusto tempor takimata volutpat ut lorem ipsum magna. Et dignissim accumsan dolor sed velit nulla sed. Lobortis ipsum qui magna ut aliquyam et iriure amet sit dolor vero facer accusam zzril. Nonummy accusam ea diam praesent facilisi rebum. Dolor sit diam elitr. Consetetur sed exerci.\n","pageCount":20000,"excerpt":"Sed justo et rebum sed sed magna exerci duo tempor id. Molestie aliquyam dolore esse lorem. Esse diam accumsan aliquyam tempor sed adipiscing et elit ipsum sed elitr amet sadipscing quis eu facilisi. Elitr assum tempor et duis sed dolores clita aliquyam sed et et sit sanctus stet. Kasd ipsum at diam labore dolor vero et at labore diam gubergren dolor ea mazim dolor velit. Sit duo justo in et magna molestie euismod diam rebum eirmod sit et. Rebum iriure exerci lorem nisl erat veniam sadipscing in dolore eros eirmod delenit autem invidunt dolor consetetur. In autem aliquyam eu tempor duo invidunt sed lorem dolore stet aliquyam eirmod nostrud ea nobis. Et diam stet kasd at diam vulputate duo kasd rebum. Eirmod hendrerit voluptua clita duis amet laoreet labore option dolore dolor stet eum sit labore vel illum. Amet dolor amet.\nSanctus eu duis sed erat lobortis dolor delenit lorem eu takimata blandit placerat est. Dolore dolore elitr lorem labore et sed sanctus erat. No amet ea duo et dolore et elitr nulla. Sea invidunt aliquyam elit ea. Dignissim dolore erat diam qui eos ipsum et lorem ipsum nobis sed. Dolor nonumy voluptua et. Nonumy facilisis imperdiet te dolore stet. Aliquyam justo accusam rebum elit sit. Facilisi sed ipsum ut autem. Takimata invidunt autem sit duo diam.\nPossim duo ut est tempor feugait stet dolores sit erat duo lorem sit sadipscing aliquyam et minim. Et diam no vel. In at suscipit velit vero voluptua dignissim duo sed. Consetetur eu sed consequat sed vel sit eos aliquyam congue sea ea amet possim dolor lorem eos tempor. Diam sed diam clita dolores rebum at dolor sadipscing. Dolor gubergren et option ad no ipsum consetetur quis eirmod amet zzril. Qui ut tincidunt clita amet eos dolore sit voluptua sit nonumy veniam takimata congue invidunt aliquam magna erat. Stet justo lorem et duo amet sed laoreet consetetur sit. Justo aliquam et nostrud takimata esse no kasd rebum ut sanctus duis dolore esse dolores. Eirmod sit invidunt et. Elitr veniam duo labore elitr ea aliquyam voluptua feugiat sed consequat voluptua stet mazim ea iriure nonumy nisl.\nEirmod dolore nonumy nostrud illum. Eirmod elitr at et erat rebum et takimata ut. Clita clita et duis clita vero gubergren et autem vero ipsum. No stet sea accusam sanctus adipiscing molestie justo. Consetetur duis zzril gubergren iriure duo tempor sit sit diam justo sea nonummy. Aliquyam sed labore rebum sea sadipscing accusam elitr amet gubergren no autem. Sea est dolor ipsum no dolor. Et lorem dolor takimata sed justo erat cum euismod sea lorem est minim ipsum magna lorem justo. Clita elitr erat invidunt ipsum. Magna blandit nulla eos amet sea takimata nulla stet dolore option illum invidunt enim gubergren sanctus sanctus. Augue ipsum accusam accumsan quod justo commodo tempor et dolore ea assum nonumy duo in lorem id stet. Tempor gubergren amet erat vel dolor est et. Vero erat dolor kasd ut dolore iusto eleifend eros. Dolores ut stet nonumy dolor consetetur stet kasd amet at voluptua et. Eos et vero dolor voluptua. Ea ipsum in eum ea. Invidunt elit sit ullamcorper dolore et lorem sed dolor stet in nonumy sanctus. Voluptua stet stet facilisis gubergren magna.\nNo sed sed lobortis diam ex commodo est amet eos diam sanctus sed sit eirmod. Et diam eleifend accumsan. Iusto dolor at dignissim labore gubergren consectetuer clita ut imperdiet duo. Dolor in facilisis et. Quis laoreet sit consequat invidunt vero aliquyam veniam at blandit invidunt.\n","publishDate":"2022-03-24T13:18:54.5985985+00:00"}]</msg>
<status status="PASS" starttime="20221010 10:19:13.813" endtime="20221010 10:19:13.823"/>
</kw>
<status status="PASS" starttime="20221010 10:18:53.188" endtime="20221010 10:19:13.824"/>
</kw>
<status status="PASS" starttime="20221010 10:18:53.186" endtime="20221010 10:19:13.825"/>
</test>
<doc>Documentacao da API: https://fakerestapi.azurewebsites.net/swagger/ui/index#!/Books</doc>
<status status="PASS" starttime="20221010 10:18:53.094" endtime="20221010 10:19:13.827"/>
</suite>
<statistics>
<total>
<stat pass="1" fail="0" skip="0">All Tests</stat>
</total>
<tag>
</tag>
<suite>
<stat pass="1" fail="0" skip="0" id="s1" name="fakeAPI">fakeAPI</stat>
</suite>
</statistics>
<errors>
</errors>
</robot>
