<?xml version="1.0" encoding="UTF-8"?>
<robot generator="Robot 5.0.1 (Python 3.10.0 on win32)" generated="20221013 21:04:56.949" rpa="false" schemaversion="3">
<suite id="s1" name="fakeAPI" source="C:\CursoUdemy\AprendendoRobotFramework\RobotFramework_APIs\BooksAPI\fakeAPI.robot">
<kw name="Conectar a minha API" library="ResourceAPI" type="SETUP">
<kw name="Create Session" library="RequestsLibrary">
<arg>fakeAPI</arg>
<arg>${URL_API}</arg>
<doc>Create Session: create a HTTP session to a server</doc>
<msg timestamp="20221013 21:04:57.297" level="INFO">Creating Session using : alias=fakeAPI, url=https://fakerestapi.azurewebsites.net/api/v1, headers={},                     cookies={}, auth=None, timeout=None, proxies=None, verify=False,                     debug=0 </msg>
<status status="PASS" starttime="20221013 21:04:57.297" endtime="20221013 21:04:57.297"/>
</kw>
<status status="PASS" starttime="20221013 21:04:57.293" endtime="20221013 21:04:57.297"/>
</kw>
<test id="s1-t1" name="Buscar a listagem de todos os livros (GET em todos os livros)" line="8">
<kw name="Requisitar todos os livros" library="ResourceAPI">
<kw name="Get Request" library="RequestsLibrary">
<var>${RESPOSTA}</var>
<arg>fakeAPI</arg>
<arg>Books</arg>
<doc>Send a GET request on the session object found using the
given `alias`</doc>
<msg timestamp="20221013 21:05:01.362" level="INFO">GET Request : url=https://fakerestapi.azurewebsites.net/api/v1/Books 
 path_url=/api/v1/Books 
 headers={'User-Agent': 'python-requests/2.28.1', 'Accept-Encoding': 'gzip, deflate', 'Accept': '*/*', 'Connection': 'keep-alive'} 
 body=None 
 </msg>
<msg timestamp="20221013 21:05:01.362" level="INFO">GET Response : url=https://fakerestapi.azurewebsites.net/api/v1/Books 
 status=200, reason=OK 
 body=[{"id":1,"title":"Book 1","description":"Tincidunt tation eos duo duis iriure dolor no justo sea invidunt. Vel sadipscing ut rebum imperdiet dolores tempor. Velit eros et amet commodo accusam vero et invidunt. Dolores vulputate nulla diam. Hendrerit feugait at dolor velit et sit quod placerat sea vero zzril magna justo ipsum takimata at et. Diam accusam illum nulla. Est augue nonumy lobortis wisi et est justo. Ullamcorper elitr duo at aliquyam est diam stet ipsum iriure eu. Et aliquip dignissim duo ut congue takimata tempor et esse labore illum in augue. Accusam facilisis dolor. Dolores facilisis esse stet elit sit dolore aliquam ea et in liber diam diam quis et. Ea nonumy hendrerit praesent tempor dolore dolor magna takimata ut.\n","pageCount":100,"excerpt":"Nulla rebum gubergren sed gubergren clita eu et vel. Lorem sanctus lorem esse justo dolore dolor dolores sadipscing sed iriure dolor. Vero duo dolore no sed et dolor et aliquyam diam lorem et quis invidunt. Tempor amet et luptatum sanctus quis ea sed minim accusam. Praesent takimata amet dolor est dolores augue est ea. Nulla diam dolor vel clita sanctus sadipscing duis. Ut tempor ipsum labore vero ea sit ea dolores nonumy nisl invidunt vero duo molestie at voluptua elitr. Nonummy est et vero euismod elitr at eos ut gubergren sea eirmod. Consetetur consetetur invidunt et gubergren takimata vero vulputate eirmod odio accumsan at.\nDolore dolor eu ut sanctus clita clita congue amet amet iusto rebum sed nostrud consectetuer dolor diam sed. Consequat clita sanctus amet exerci amet dolores vero nonumy iusto et et ipsum labore volutpat. Tempor kasd volutpat sed sea aliquyam dolores elitr dolor eos dolor dolor et dolores ut stet duo doming blandit. Eirmod duo accusam sit consetetur aliquam stet ipsum dolores voluptua tempor labore accusam voluptua. Nonumy justo iriure wisi eos facilisi diam iusto vero. Elitr ut dolore diam ipsum justo ea illum wisi duis voluptua clita assum et quis rebum hendrerit.\nAccusam erat blandit dolores nobis accusam. Et sadipscing vero eos magna erat ipsum nibh vero ut luptatum. Elitr volutpat elitr rebum amet rebum at et no aliquyam hendrerit et dolores dolore kasd. Sed sea blandit amet dolor congue tempor ea et. Elitr rebum eos duo at ex possim. Tation in volutpat amet soluta consequat magna sanctus nulla erat vulputate dolor elit id no vero commodo. Est et nonumy mazim voluptua diam et delenit eirmod est sanctus erat suscipit nulla dolore. At sit in et exerci aliquam eos sadipscing sadipscing diam amet. Takimata erat diam vero sadipscing vero gubergren tempor veniam dolores eos consequat et. Ipsum sea lorem facilisis quis esse dolore diam adipiscing et gubergren ipsum eos nisl dolore minim dolores zzril. Sanctus et et nostrud et placerat erat. Dolore at vero stet est quod invidunt et sed amet odio amet lorem et sed est amet aliquyam.\nMazim at vel consetetur eirmod eirmod dolor amet amet at lorem tempor at amet stet eos soluta vero nibh. Erat est nobis et sit takimata ea ea ut nonumy rebum laoreet ad labore clita sea amet amet. Clita et odio dolor facilisis dolor sed velit laoreet eirmod eos aliquyam in. Lorem dolor ad amet sit sanctus et elitr sit est dignissim est duo sed. Tempor et accusam diam. Augue stet mazim dolor ipsum magna consetetur diam labore aliquam labore at esse stet. Et diam sea vero et ad diam tempor et no. Eirmod ut stet esse lorem ut amet diam sea adipiscing vero sit lorem id vero. Facilisis dolor ut rebum iusto diam dolore eirmod. Dolor kasd dolores autem tempor at ipsum et accusam tempor lorem dolor dolore labore dolor. Te ea iusto nisl erat soluta lorem tincidunt vero lorem eirmod vero voluptua erat sit facilisi. Eos eum ea et ipsum voluptua iusto mazim dolor eos dolore et clita vero. Est kasd feugiat aliquam ipsum suscipit amet nostrud kasd dolor hendrerit option vero ut lorem. Eu dolor diam labore eirmod voluptua iriure takimata sit tempor. At ipsum aliquyam amet accusam amet stet dolor luptatum sed feugait dolore et vero erat consetetur. Diam lorem ea. Sed dolor est lorem magna sit dolor sadipscing facilisis no ut velit dolor invidunt lorem. Clita diam dolore sed lorem amet et. Sit lorem clita clita ea sit clita.\nFeugiat zzril sit feugiat stet dignissim est ea amet lorem justo amet kasd clita ea labore vero elitr eos. Eos duis voluptua vel. Nulla aliquam lorem no rebum et ut. Veniam kasd liber facilisi erat et ut gubergren diam elitr vero. Aliquyam dolore sed labore illum kasd ut dolor eum iusto clita ipsum magna dolores diam lorem. Et iriure ut takimata. Amet stet magna consetetur. Et et et.\n","publishDate":"2022-10-13T00:04:58.7375568+00:00"},{"id":2,"title":"Book 2","description":"Erat clita sanctus elitr magna sed consetetur sed ut. Sea amet sanctus ipsum in takimata accusam dolores erat dolor dolores elit erat duis possim ut dolor. Et sea lorem at et consectetuer sed soluta. Kasd no vero nonumy at sed eos. Invidunt luptatum et sanctus clita invidunt. Esse at dolor. Takimata stet tempor autem sit dolor sadipscing et consetetur sea sed sea nonumy ut invidunt ipsum eirmod et. Enim dignissim aliquyam erat stet nonumy dolores. Eum ea minim duo diam dignissim consetetur diam erat odio. Lobortis rebum ipsum est nonumy dolore molestie doming dolor lorem vero duo. Erat dolor vero kasd sadipscing doming esse sit dolore et sed nonumy clita commodo. Lorem lorem ipsum labore ea est et aliquyam stet. Labore et eos et dolor et sed invidunt et eos dolor.\n","pageCount":200,"excerpt":"Ipsum elitr tempor aliquyam sed et sadipscing et eos amet sadipscing dolores. Erat id lorem erat duis diam rebum justo wisi sanctus ipsum aliquyam lorem. Et assum accusam sed et gubergren voluptua ea dolor gubergren labore diam dolores takimata facer molestie sadipscing sit voluptua. Ut elitr esse consetetur consequat sit sed. Sanctus sanctus sanctus diam nulla invidunt voluptua minim nulla ipsum sed accusam. Sed lorem lorem eos erat elit amet dolore. Lorem consectetuer sit eirmod delenit magna dolore elitr amet amet. Diam feugiat iriure at dolor vero euismod dolores ipsum consetetur elitr erat nibh eirmod dolor dolore erat vero ex. Vero nostrud adipiscing. Lorem et ipsum rebum. Ut tincidunt exerci eirmod iriure congue sanctus et eos.\nEt et stet suscipit possim dolore. Mazim sed lorem diam dolor sit esse velit no diam luptatum dolore odio rebum voluptua rebum feugait invidunt stet. In dolore rebum sadipscing sit vero consectetuer gubergren rebum sed amet ut et. Nonumy option congue diam clita nonumy. Magna sadipscing invidunt nonumy sea dolor magna zzril no facilisis et sea justo hendrerit gubergren amet sadipscing in. At labore sit aliquip placerat esse consetetur voluptua lorem clita nonumy iusto hendrerit sed et et exerci et voluptua. Vero no amet invidunt erat ea. Ipsum quod dolore dolor et ad vero eum clita. Takimata dolor no est elitr minim est dolor quis no eos erat facilisis amet sed option in nibh. Labore voluptua stet takimata sed duo nonumy dolore in volutpat ea consequat no et nulla molestie. Congue assum ipsum rebum no sea rebum duis justo feugait justo.\nEt hendrerit sanctus. Eos dolore no praesent. Eum tation eros iusto sed praesent invidunt sadipscing ea et et ullamcorper eos dolor suscipit invidunt. Stet takimata et eos erat lorem et at ipsum vel mazim elitr tation diam vero ea kasd vulputate. Ut commodo euismod. Sed ullamcorper diam magna lorem at facilisis ea sed. Sed eos voluptua nibh stet accusam amet eirmod eum vero feugiat sadipscing hendrerit sit ea eu sit vero. Qui vero ipsum takimata diam elitr consetetur aliquyam dolores takimata.\nNonumy sit ea. Luptatum no lorem nonumy ut eu et et. Exerci vulputate labore dolor exerci clita rebum et tempor gubergren ipsum duo ut lorem stet sadipscing accusam clita. Nisl diam aliquam justo in invidunt qui vero at dolor diam gubergren at. Et dolor lorem rebum. No invidunt vel. Tation autem ut et mazim eirmod sit dolore diam nam lorem aliquyam soluta et ea at invidunt sit dolore. Sit dolor rebum dolores accusam ad molestie lorem nonumy elitr est.\nDolor eirmod diam et dolores diam ut eos kasd aliquyam labore et diam duo lorem. Sit lorem takimata ex dolor quod accumsan stet justo elitr diam dolor et. Esse lobortis et sit elit eirmod feugiat nonumy et ea. Lorem nulla dolore augue rebum lorem amet. Consequat nulla invidunt. Eos feugait esse gubergren takimata dolor diam in. Stet aliquyam aliquyam dolor takimata feugait ipsum ea erat dolor.\n","publishDate":"2022-10-12T00:04:58.7376231+00:00"},{"id":3,"title":"Book 3","description":"Kasd sit labore gubergren dolor dolor lorem illum tempor amet dolor magna. Facilisi et sadipscing no nonumy amet mazim dolores nostrud. Duo diam ipsum gubergren no clita sit ut dolor ea ipsum stet vero. Ipsum diam augue et ea feugiat dolore vel consetetur amet magna at lorem magna accusam et diam veniam consequat. Eos et ut facer in augue exerci elitr accusam clita sit sed suscipit et.\n","pageCount":300,"excerpt":"Takimata at est kasd stet diam aliquyam esse ut dolor facilisis et elitr vel accusam labore vulputate lorem. Dolores et et sit duo ipsum ipsum et lorem. Est erat et diam eirmod sadipscing eros rebum aliquyam. Nulla dolore duis ipsum in invidunt ipsum accusam vero et est sit. Exerci ex kasd enim lorem tation ipsum invidunt gubergren at laoreet diam. Stet et ad eos ut dolor laoreet nulla tincidunt veniam sed et et justo. In nulla sit tincidunt ipsum. Rebum accusam erat dolores duis. Duo facilisis tation in nostrud sit ipsum praesent. Dolor kasd kasd.\nRebum clita labore dolore dolor sit. Autem rebum cum ipsum invidunt lorem diam et in consetetur. Clita duo et dolor rebum lorem. Dolore consequat praesent aliquyam rebum elitr takimata sea eirmod dignissim et kasd sanctus nonumy lorem diam nonumy. Et sed rebum in tempor vel eirmod praesent dolore magna clita clita consequat diam qui clita aliquip sed. Ea gubergren luptatum ea. No dolor ipsum amet gubergren sanctus sadipscing dignissim et nonumy in sed no dolore ea eirmod.\nInvidunt dolores accusam... (set the log level to DEBUG or TRACE to see the full content) 
 </msg>
<msg timestamp="20221013 21:05:01.362" level="INFO">C:\Users\vande\AppData\Local\Programs\Python\Python310\lib\site-packages\urllib3\connectionpool.py:1045: InsecureRequestWarning: Unverified HTTPS request is being made to host 'fakerestapi.azurewebsites.net'. Adding certificate verification is strongly advised. See: https://urllib3.readthedocs.io/en/1.26.x/advanced-usage.html#ssl-warnings
  warnings.warn(</msg>
<msg timestamp="20221013 21:05:01.362" level="INFO">${RESPOSTA} = &lt;Response [200]&gt;</msg>
<status status="PASS" starttime="20221013 21:04:57.297" endtime="20221013 21:05:01.362"/>
</kw>
<kw name="Log" library="BuiltIn">
<arg>${RESPOSTA.text}</arg>
<doc>Logs the given message with the given level.</doc>
<msg timestamp="20221013 21:05:01.362" level="INFO">[{"id":1,"title":"Book 1","description":"Tincidunt tation eos duo duis iriure dolor no justo sea invidunt. Vel sadipscing ut rebum imperdiet dolores tempor. Velit eros et amet commodo accusam vero et invidunt. Dolores vulputate nulla diam. Hendrerit feugait at dolor velit et sit quod placerat sea vero zzril magna justo ipsum takimata at et. Diam accusam illum nulla. Est augue nonumy lobortis wisi et est justo. Ullamcorper elitr duo at aliquyam est diam stet ipsum iriure eu. Et aliquip dignissim duo ut congue takimata tempor et esse labore illum in augue. Accusam facilisis dolor. Dolores facilisis esse stet elit sit dolore aliquam ea et in liber diam diam quis et. Ea nonumy hendrerit praesent tempor dolore dolor magna takimata ut.\n","pageCount":100,"excerpt":"Nulla rebum gubergren sed gubergren clita eu et vel. Lorem sanctus lorem esse justo dolore dolor dolores sadipscing sed iriure dolor. Vero duo dolore no sed et dolor et aliquyam diam lorem et quis invidunt. Tempor amet et luptatum sanctus quis ea sed minim accusam. Praesent takimata amet dolor est dolores augue est ea. Nulla diam dolor vel clita sanctus sadipscing duis. Ut tempor ipsum labore vero ea sit ea dolores nonumy nisl invidunt vero duo molestie at voluptua elitr. Nonummy est et vero euismod elitr at eos ut gubergren sea eirmod. Consetetur consetetur invidunt et gubergren takimata vero vulputate eirmod odio accumsan at.\nDolore dolor eu ut sanctus clita clita congue amet amet iusto rebum sed nostrud consectetuer dolor diam sed. Consequat clita sanctus amet exerci amet dolores vero nonumy iusto et et ipsum labore volutpat. Tempor kasd volutpat sed sea aliquyam dolores elitr dolor eos dolor dolor et dolores ut stet duo doming blandit. Eirmod duo accusam sit consetetur aliquam stet ipsum dolores voluptua tempor labore accusam voluptua. Nonumy justo iriure wisi eos facilisi diam iusto vero. Elitr ut dolore diam ipsum justo ea illum wisi duis voluptua clita assum et quis rebum hendrerit.\nAccusam erat blandit dolores nobis accusam. Et sadipscing vero eos magna erat ipsum nibh vero ut luptatum. Elitr volutpat elitr rebum amet rebum at et no aliquyam hendrerit et dolores dolore kasd. Sed sea blandit amet dolor congue tempor ea et. Elitr rebum eos duo at ex possim. Tation in volutpat amet soluta consequat magna sanctus nulla erat vulputate dolor elit id no vero commodo. Est et nonumy mazim voluptua diam et delenit eirmod est sanctus erat suscipit nulla dolore. At sit in et exerci aliquam eos sadipscing sadipscing diam amet. Takimata erat diam vero sadipscing vero gubergren tempor veniam dolores eos consequat et. Ipsum sea lorem facilisis quis esse dolore diam adipiscing et gubergren ipsum eos nisl dolore minim dolores zzril. Sanctus et et nostrud et placerat erat. Dolore at vero stet est quod invidunt et sed amet odio amet lorem et sed est amet aliquyam.\nMazim at vel consetetur eirmod eirmod dolor amet amet at lorem tempor at amet stet eos soluta vero nibh. Erat est nobis et sit takimata ea ea ut nonumy rebum laoreet ad labore clita sea amet amet. Clita et odio dolor facilisis dolor sed velit laoreet eirmod eos aliquyam in. Lorem dolor ad amet sit sanctus et elitr sit est dignissim est duo sed. Tempor et accusam diam. Augue stet mazim dolor ipsum magna consetetur diam labore aliquam labore at esse stet. Et diam sea vero et ad diam tempor et no. Eirmod ut stet esse lorem ut amet diam sea adipiscing vero sit lorem id vero. Facilisis dolor ut rebum iusto diam dolore eirmod. Dolor kasd dolores autem tempor at ipsum et accusam tempor lorem dolor dolore labore dolor. Te ea iusto nisl erat soluta lorem tincidunt vero lorem eirmod vero voluptua erat sit facilisi. Eos eum ea et ipsum voluptua iusto mazim dolor eos dolore et clita vero. Est kasd feugiat aliquam ipsum suscipit amet nostrud kasd dolor hendrerit option vero ut lorem. Eu dolor diam labore eirmod voluptua iriure takimata sit tempor. At ipsum aliquyam amet accusam amet stet dolor luptatum sed feugait dolore et vero erat consetetur. Diam lorem ea. Sed dolor est lorem magna sit dolor sadipscing facilisis no ut velit dolor invidunt lorem. Clita diam dolore sed lorem amet et. Sit lorem clita clita ea sit clita.\nFeugiat zzril sit feugiat stet dignissim est ea amet lorem justo amet kasd clita ea labore vero elitr eos. Eos duis voluptua vel. Nulla aliquam lorem no rebum et ut. Veniam kasd liber facilisi erat et ut gubergren diam elitr vero. Aliquyam dolore sed labore illum kasd ut dolor eum iusto clita ipsum magna dolores diam lorem. Et iriure ut takimata. Amet stet magna consetetur. Et et et.\n","publishDate":"2022-10-13T00:04:58.7375568+00:00"},{"id":2,"title":"Book 2","description":"Erat clita sanctus elitr magna sed consetetur sed ut. Sea amet sanctus ipsum in takimata accusam dolores erat dolor dolores elit erat duis possim ut dolor. Et sea lorem at et consectetuer sed soluta. Kasd no vero nonumy at sed eos. Invidunt luptatum et sanctus clita invidunt. Esse at dolor. Takimata stet tempor autem sit dolor sadipscing et consetetur sea sed sea nonumy ut invidunt ipsum eirmod et. Enim dignissim aliquyam erat stet nonumy dolores. Eum ea minim duo diam dignissim consetetur diam erat odio. Lobortis rebum ipsum est nonumy dolore molestie doming dolor lorem vero duo. Erat dolor vero kasd sadipscing doming esse sit dolore et sed nonumy clita commodo. Lorem lorem ipsum labore ea est et aliquyam stet. Labore et eos et dolor et sed invidunt et eos dolor.\n","pageCount":200,"excerpt":"Ipsum elitr tempor aliquyam sed et sadipscing et eos amet sadipscing dolores. Erat id lorem erat duis diam rebum justo wisi sanctus ipsum aliquyam lorem. Et assum accusam sed et gubergren voluptua ea dolor gubergren labore diam dolores takimata facer molestie sadipscing sit voluptua. Ut elitr esse consetetur consequat sit sed. Sanctus sanctus sanctus diam nulla invidunt voluptua minim nulla ipsum sed accusam. Sed lorem lorem eos erat elit amet dolore. Lorem consectetuer sit eirmod delenit magna dolore elitr amet amet. Diam feugiat iriure at dolor vero euismod dolores ipsum consetetur elitr erat nibh eirmod dolor dolore erat vero ex. Vero nostrud adipiscing. Lorem et ipsum rebum. Ut tincidunt exerci eirmod iriure congue sanctus et eos.\nEt et stet suscipit possim dolore. Mazim sed lorem diam dolor sit esse velit no diam luptatum dolore odio rebum voluptua rebum feugait invidunt stet. In dolore rebum sadipscing sit vero consectetuer gubergren rebum sed amet ut et. Nonumy option congue diam clita nonumy. Magna sadipscing invidunt nonumy sea dolor magna zzril no facilisis et sea justo hendrerit gubergren amet sadipscing in. At labore sit aliquip placerat esse consetetur voluptua lorem clita nonumy iusto hendrerit sed et et exerci et voluptua. Vero no amet invidunt erat ea. Ipsum quod dolore dolor et ad vero eum clita. Takimata dolor no est elitr minim est dolor quis no eos erat facilisis amet sed option in nibh. Labore voluptua stet takimata sed duo nonumy dolore in volutpat ea consequat no et nulla molestie. Congue assum ipsum rebum no sea rebum duis justo feugait justo.\nEt hendrerit sanctus. Eos dolore no praesent. Eum tation eros iusto sed praesent invidunt sadipscing ea et et ullamcorper eos dolor suscipit invidunt. Stet takimata et eos erat lorem et at ipsum vel mazim elitr tation diam vero ea kasd vulputate. Ut commodo euismod. Sed ullamcorper diam magna lorem at facilisis ea sed. Sed eos voluptua nibh stet accusam amet eirmod eum vero feugiat sadipscing hendrerit sit ea eu sit vero. Qui vero ipsum takimata diam elitr consetetur aliquyam dolores takimata.\nNonumy sit ea. Luptatum no lorem nonumy ut eu et et. Exerci vulputate labore dolor exerci clita rebum et tempor gubergren ipsum duo ut lorem stet sadipscing accusam clita. Nisl diam aliquam justo in invidunt qui vero at dolor diam gubergren at. Et dolor lorem rebum. No invidunt vel. Tation autem ut et mazim eirmod sit dolore diam nam lorem aliquyam soluta et ea at invidunt sit dolore. Sit dolor rebum dolores accusam ad molestie lorem nonumy elitr est.\nDolor eirmod diam et dolores diam ut eos kasd aliquyam labore et diam duo lorem. Sit lorem takimata ex dolor quod accumsan stet justo elitr diam dolor et. Esse lobortis et sit elit eirmod feugiat nonumy et ea. Lorem nulla dolore augue rebum lorem amet. Consequat nulla invidunt. Eos feugait esse gubergren takimata dolor diam in. Stet aliquyam aliquyam dolor takimata feugait ipsum ea erat dolor.\n","publishDate":"2022-10-12T00:04:58.7376231+00:00"},{"id":3,"title":"Book 3","description":"Kasd sit labore gubergren dolor dolor lorem illum tempor amet dolor magna. Facilisi et sadipscing no nonumy amet mazim dolores nostrud. Duo diam ipsum gubergren no clita sit ut dolor ea ipsum stet vero. Ipsum diam augue et ea feugiat dolore vel consetetur amet magna at lorem magna accusam et diam veniam consequat. Eos et ut facer in augue exerci elitr accusam clita sit sed suscipit et.\n","pageCount":300,"excerpt":"Takimata at est kasd stet diam aliquyam esse ut dolor facilisis et elitr vel accusam labore vulputate lorem. Dolores et et sit duo ipsum ipsum et lorem. Est erat et diam eirmod sadipscing eros rebum aliquyam. Nulla dolore duis ipsum in invidunt ipsum accusam vero et est sit. Exerci ex kasd enim lorem tation ipsum invidunt gubergren at laoreet diam. Stet et ad eos ut dolor laoreet nulla tincidunt veniam sed et et justo. In nulla sit tincidunt ipsum. Rebum accusam erat dolores duis. Duo facilisis tation in nostrud sit ipsum praesent. Dolor kasd kasd.\nRebum clita labore dolore dolor sit. Autem rebum cum ipsum invidunt lorem diam et in consetetur. Clita duo et dolor rebum lorem. Dolore consequat praesent aliquyam rebum elitr takimata sea eirmod dignissim et kasd sanctus nonumy lorem diam nonumy. Et sed rebum in tempor vel eirmod praesent dolore magna clita clita consequat diam qui clita aliquip sed. Ea gubergren luptatum ea. No dolor ipsum amet gubergren sanctus sadipscing dignissim et nonumy in sed no dolore ea eirmod.\nInvidunt dolores accusam duo vel kasd wisi et ut rebum consectetuer invidunt magna consetetur ea facer ex tempor. Esse amet amet vero amet consetetur suscipit diam eirmod duo. Lorem nisl exerci amet lorem dolores gubergren eros est dolor nonumy ex delenit sanctus no diam. Duis duo diam duo exerci est sit ut consequat dolor invidunt est molestie gubergren kasd ullamcorper tempor. Consequat lorem aliquam clita consetetur invidunt sit dolor sadipscing lorem sanctus. Voluptua euismod vel kasd consetetur wisi dolore et diam ipsum stet sit duis takimata. Odio takimata sea lorem est voluptua dolor. Consetetur wisi vel sed sadipscing sed et vero diam et diam kasd ipsum ipsum sea option justo ea et. Duis ex amet justo takimata. Augue gubergren diam ipsum eos euismod ea sanctus in eirmod nihil. Dolor at amet blandit. Ea mazim takimata dolor rebum eirmod laoreet lorem nihil eu diam no. Et in ad justo dolor erat amet.\nErat rebum elit takimata duis sed lorem id sed duo sit diam sadipscing amet ipsum sanctus. Ut elitr id dolor. Ad dolore sit ullamcorper in labore enim ullamcorper aliquyam clita dolor et ut diam praesent. Kasd vero sit justo nobis justo magna nonummy te vero congue adipiscing diam clita ut ipsum ea. Soluta est nihil. Voluptua feugiat ad diam et vulputate rebum magna sed ipsum lorem magna. Zzril eum laoreet vero diam invidunt et dolores sadipscing dignissim lorem.\nLabore no odio no vel dignissim lorem erat vero dolore. Consequat eirmod justo et dolor consetetur rebum vel clita sed. Accusam labore magna erat nulla diam ea sed clita eirmod takimata eu dolore et nonumy consetetur sadipscing nulla. Ipsum justo accusam stet sit elitr. Feugait in magna ea gubergren duo amet lorem ut duis amet vero.\n","publishDate":"2022-10-11T00:04:58.7376777+00:00"},{"id":4,"title":"Book 4","description":"Lorem tincidunt dolore dolor sit amet amet sit. Erat nonumy et stet accusam eu eirmod dolor sit et zzril. Et dolores suscipit. Mazim accusam iriure. Consetetur amet ex et dolor erat ipsum. Ipsum sadipscing diam duo duo dolores vero est te eirmod diam dolor rebum aliquyam ullamcorper hendrerit luptatum dolor at. Aliquyam dolore feugait et lorem eos ipsum diam sanctus iriure sit labore facilisis clita. Duis sea ea dolore lorem voluptua. Takimata laoreet consetetur lorem invidunt hendrerit labore sit. Eos magna diam. Est dolore erat amet sit consetetur duo amet odio. Consetetur lorem labore nonumy dolores diam lorem diam soluta. Vero magna vero dolore voluptua ullamcorper takimata ea dolore ad sed tincidunt sadipscing erat invidunt hendrerit. Elitr elitr diam sed est labore erat autem consectetuer in feugait tempor voluptua. Elitr diam magna et sed dolore erat lorem takimata at eos sea nonumy eos amet ea quis eos.\n","pageCount":400,"excerpt":"Accusam at vero esse iriure nulla consequat. Molestie ut laoreet elitr lorem sit ea justo vero erat labore et eos. No no kasd accusam sanctus ea.\nJusto et amet erat lorem dolor. Sea et sit ipsum erat sadipscing ad invidunt labore. Elit feugiat aliquyam et et dolore rebum velit dolor justo consequat no amet et no.\nAliquyam illum elitr. Amet amet id delenit consetetur qui dolores commodo assum sit. Sed zzril eirmod ipsum no. Aliquyam sed wisi ullamcorper invidunt sadipscing ut consequat et.\nTempor consetetur magna dolor ea qui diam nihil eu amet elitr et ut vero duis et sanctus enim sed. Lorem sed dolor volutpat in eu gubergren lorem at. Et dolore dolor. Gubergren lorem lorem clita eum nulla dolores adipiscing nam sanctus dolor adipiscing est sea. Tation takimata augue nostrud. Invidunt minim aliquyam rebum tempor ad rebum ut justo duo tempor et delenit. Aliquyam sed duis elitr. Magna et et voluptua nisl aliquyam gubergren clita. Vero amet gubergren. Esse illum voluptua elitr nonumy et diam dolores gubergren invidunt vero. Lorem diam laoreet et enim lorem. Dolor lorem diam labore hendrerit dolore sit at elitr amet erat nulla duo ipsum rebum elitr wisi. Ipsum sit ex sed suscipit dolor vel eum iriure vero et dolor erat elitr congue illum magna in eirmod.\nIpsum justo labore. Takimata vero kasd gubergren kasd autem congue consetetur sit gubergren lorem diam dolore stet diam. Consetetur elit vel dolore sadipscing duis rebum est odio. Eirmod mazim ea rebum dignissim vel minim aliquip tation. Labore dolor justo lorem eos molestie invidunt stet stet lorem tincidunt esse erat ut magna labore. Vel no et. Dolor dolore rebum labore aliquyam elitr sed nonumy stet luptatum vero vero eos et delenit tempor veniam. Vel et elitr ut ipsum rebum veniam. Velit kasd eirmod ipsum. Dolor vero clita stet et. Dolore cum ut eos ea at aliquyam invidunt accumsan. Tempor dolor ipsum eirmod ut aliquyam dignissim amet eirmod. Erat erat sit aliquip dolor voluptua ipsum eirmod sit et ea ea exerci. Ipsum voluptua dolore sed ut magna lobortis amet vulputate et. Et cum consetetur duis vero consetetur tation diam justo labore nostrud duo duis elitr et rebum.\n","publishDate":"2022-10-10T00:04:58.7377332+00:00"},{"id":5,"title":"Book 5","description":"Justo dolor et ipsum gubergren dignissim et tation consetetur takimata accusam possim lorem et enim ea voluptua. No clita diam gubergren eos diam. Est voluptua duis elitr dolores et sadipscing et gubergren dolor sanctus et et no sed tempor option enim. Duo labore iusto vel accumsan lorem et takimata et eu consetetur est duo erat.\n","pageCount":500,"excerpt":"Dolore dolore sit diam invidunt ea velit et eirmod ea eos dolore ex eos elitr duo duis at. Dolor sed dolore est tincidunt. Et et clita lorem ut ex tempor gubergren autem kasd vero. Sit eirmod et dolor. Et lorem dolore et invidunt nonumy aliquam justo molestie odio gubergren ipsum at lorem aliquyam. Sit suscipit no accumsan eum vero te elitr duis iriure eleifend diam ipsum sanctus duo id duo feugiat diam. Ea nibh adipiscing facilisi sadipscing ipsum ut. Te labore illum et. Tempor takimata lorem odio dolor voluptua sit laoreet molestie sit ipsum molestie labore. Et iriure clita lorem labore at et nonummy sit iriure. Diam vero stet duo vel dolore aliquyam gubergren duo sit odio vero voluptua molestie ipsum. Luptatum ullamcorper amet eos ipsum takimata dolor nonumy invidunt amet amet kasd dolore accusam eum laoreet. Qui dolor sed stet eirmod aliquyam lorem feugiat. Dolor magna nonumy elit sed dolor ipsum sea lorem amet ut at et ipsum eum rebum odio aliquyam. Lorem sed labore erat sit elit facilisi lorem placerat. Erat veniam et te sea nonumy rebum ipsum at id velit.\nNo vero nonumy erat gubergren duo erat vero dolore diam velit elit. Sit dolore ipsum nulla eirmod lorem accusam laoreet tempor duis sadipscing lorem dignissim magna erat. Diam sed ipsum stet sea est dolore ipsum. Et et sed clita praesent hendrerit sit molestie duo iriure nostrud diam lorem accusam voluptua et dolor invidunt. No justo et nonumy lorem elitr veniam lorem est sed sed magna gubergren sit esse. Dolor duo duo lorem et dolor duis vero.\nDuo duis rebum ut lorem ipsum et ut et tempor ea ipsum hendrerit soluta. Consetetur feugait justo placerat invidunt eu imperdiet nonummy amet accumsan justo et amet no nonumy. Dolores invidunt vel delenit et lorem eum invidunt dolore lorem. In justo tempor aliquyam lorem ea dolore sed kasd eos et dolor ipsum sanctus dolores nonumy stet. Aliquyam clita rebum ea accusam dolores ullamcorper at. Justo justo ut sed est laoreet invidunt justo sed diam suscipit ut dolores no. Amet sanctus et tation ipsum diam vero eirmod consetetur laoreet sanctus accumsan. Aliquam et sea aliquyam ut dolore est iriure gubergren sit. Et dolore iusto nonumy ea ullamcorper eos at ullamcorper dolor nonummy est nibh eos. Eirmod enim kasd aliquyam dolor. Vulputate dolores est facilisis. Dignissim vulputate sea nonumy at labore clita. Nulla takimata dolores volutpat diam soluta illum sit. Justo possim no duis erat dolor diam consetetur dignissim elitr dolore sed lorem accumsan enim vero et dolor erat. No esse sed gubergren dolore stet minim assum ullamcorper ea eirmod nulla rebum et nibh sed nulla lorem. Aliquyam duo ea diam eos dolor et consequat sed rebum feugait consetetur labore sit ea rebum ipsum.\nEt nulla at ut et clita veniam. Sed voluptua sed id et et lobortis sanctus vel vero. Magna duis duo autem diam dolore facilisi voluptua lorem consetetur. In et accusam. Dolores molestie sed diam at duo esse eirmod vulputate at. Odio eirmod feugait sit et accusam lorem et duo congue vulputate dolor in. Erat diam magna sanctus dolor invidunt enim. Erat ea nobis sadipscing eos lorem at. Dolor accusam ut sit no magna imperdiet accusam amet tempor vero facilisis eum nonummy no quod at clita. Ipsum aliquyam amet nostrud ipsum magna sanctus accumsan no ea clita voluptua luptatum elit justo vero sanctus dolore. Labore diam nobis no lorem. Facer dolor dolores augue dolore sadipscing et mazim odio in no nulla amet te odio nonummy lorem at accusam. Sanctus stet et et. Dignissim wisi consectetuer est sadipscing sea vel duo ipsum et sit sed option eos vero. Possim duo erat sit invidunt dolore lorem. Amet magna takimata ut eirmod vel lorem ipsum ipsum et eirmod.\nEt sed et sit. Eos est sed ut sed lorem vero ex lorem aliquyam rebum sanctus nonummy invidunt tempor sea clita labore consequat. Ipsum ut iriure soluta et laoreet vel volutpat invidunt dolore nonumy dolore tincidunt laoreet. Et no nam takimata ipsum. Dolor lorem justo duis sanctus diam et amet takimata elitr euismod ut vero dolor justo. Lorem erat mazim magna in dignissim lorem ut.\n","publishDate":"2022-10-09T00:04:58.7378076+00:00"},{"id":6,"title":"Book 6","description":"Dolor lorem no lorem diam justo takimata eos lorem magna nonumy et at sed. Eos sed eirmod hendrerit sed dolor erat exerci duis eirmod et est dolore nibh eirmod est qui consetetur. Diam est eirmod ea eos stet est tation dolore at et quod invidunt sit in illum dolores et exerci. Est mazim diam kasd accusam no sanctus dolores. Duo sed in. Ut et et. Labore sadipscing lorem nonumy eos accusam sit vero nonumy. Et at in praesent vel quis ea dolor sanctus kasd vero commodo invidunt sed aliquyam tincidunt nibh. Ea et nostrud cum no soluta amet. Erat nonumy eos nisl aliquyam dolor magna magna vel sadipscing. Sadipscing volutpat vel at clita dolor et labore placerat. Gubergren et et sadipscing facer ut consetetur eos minim invidunt molestie et. Amet dolor amet suscipit sadipscing diam ut facilisis sea accusam sit vero lorem at dolore sanctus id at. Feugiat blandit diam euismod erat eos no iriure amet est commodo invidunt. Placerat diam et et sed aliquyam accusam tincidunt sed ipsum eum lorem iriure. Sanctus facer et at nibh. Ut diam ea dolor dolor est amet ipsum eos ipsum velit nonumy clita kasd est clita. Et aliquyam justo justo at erat at consequat duis vero ea dolores elitr amet sit lorem. Sed ea consetetur adipiscing nonumy.\n","pageCount":600,"excerpt":"Rebum option voluptua vero vel nibh velit diam dolore illum et nonummy eu augue minim at dolores delenit dolor. Imperdiet erat accusam dolores eum. No sanctus no duo sit amet sanctus sit sadipscing sit. Rebum consequat takimata sed dolore at dolor at justo doming rebum vel accusam in kasd at stet. Delenit ut et labore dolores tempor takimata. Ea diam vel ut et dolor in elitr tempor dolores et tempor luptatum no justo magna no at. Sit invidunt dolores sanctus ea. Sea et eum accusam nonummy ipsum ipsum erat sanctus sed vulputate ipsum vero adipiscing lorem vero. Ipsum duo at mazim et at sea eirmod et magna erat no labore. Nobis aliquam duo justo facilisis lorem accusam ipsum elitr ipsum. Et sed magna delenit ea vulputate takimata. Takimata kasd et facilisis dolor nihil sit vero stet. Sit justo vulputate at et lorem no aliquyam consetetur stet erat nihil minim gubergren duis nibh diam. Sea et invidunt sit accusam tation aliquip amet dolore dolor ipsum minim sed diam sit eum sadipscing labore.\nNo sit et accumsan et dolores et amet. Sit vero est rebum ullamcorper sed labore clita eos dolor. Takimata ea erat sit invidunt magna ut ex dolore et clita sed amet iusto sadipscing tation dolor ut erat.\nUllamcorper rebum aliquyam molestie invidunt ut ex vel est nisl est duo aliquyam et consetetur justo at sed volutpat. Et tempor exerci eos dolor hendrerit et aliquyam et et ea labore invidunt et lorem vero et no diam. Soluta praesent stet nulla est. Erat ipsum enim quis clita sanctus aliquam vero ea te. Sadipscing amet dolor ea takimata ipsum clita autem possim amet luptatum ipsum vero amet molestie sadipscing ex amet ut. Lorem hendrerit feugait nonumy elitr labore sea et delenit volutpat stet labore ipsum sed vero vulputate dolor. Ut suscipit eirmod ipsum dolores nulla eleifend nulla est luptatum takimata tempor sit no aliquip. Sed et ipsum ut iriure dolore ipsum ut. Id ipsum dolor vero erat facilisis sed sadipscing est kasd vero accusam et aliquyam accusam ipsum takimata voluptua. Diam ipsum dignissim sed. Takimata et ut lorem sed sed commodo duo sit lorem eros. Ut eros labore no stet nostrud invidunt eos sadipscing illum dolore erat stet tation consetetur dolore autem imperdiet sit.\nSed vel ea assum ipsum nam amet invidunt cum sanctus nisl feugait vero accumsan illum sed nibh. Kasd in iriure congue lobortis et ipsum accusam labore aliquyam aliquyam nobis dolor voluptua. Eos no eos clita facilisi clita laoreet. Eu sadipscing invidunt nonumy magna vero rebum clita labore invidunt. Eirmod sit sit ipsum at feugiat diam feugait sit at commodo vel accusam no volutpat eirmod sanctus diam amet. Duo qui et consetetur diam takimata illum dolore eirmod lorem duo sed tempor et sea sed. Aliquip clita est kasd ut sed dolor tempor vero nulla vero sed sea vel sed ipsum eos in. Dolore ipsum consetetur feugiat no aliquyam ipsum stet elitr est voluptua exerci vero. Et accusam takimata dolore sanctus dolores dolore vero lorem labore consetetur amet amet. Ex vulputate sadipscing. Rebum imperdiet et feugiat hendrerit takimata amet dolore gubergren nonumy ea stet diam. Kasd option euismod facilisis erat et congue diam ex. Esse amet justo sed. Voluptua sed eirmod sed consectetuer assum vel amet amet ea. At consetetur dolore kasd et et lobortis amet velit kasd. Rebum magna gubergren ea dolor magna tempor ut velit stet placerat nonumy sed vero. Dignissim consequat no praesent at amet.\nClita elitr dignissim illum kasd ipsum ad nulla diam. Lorem nostrud feugait no consetetur duo ipsum dolores invidunt. Wisi aliquyam stet et te lorem eos dolor nam sit rebum. Commodo magna te dolore est sadipscing dolor duo vero possim diam kasd lorem est. Et sit in tincidunt vero lorem kasd iriure ipsum iusto dolor velit stet et sea nulla et nibh facilisi. Et clita voluptua et. Magna tation sed invidunt sit in diam kasd duo ut vulputate gubergren et augue enim. Gubergren elitr dolor sanctus diam duo consetetur labore tempor facilisis euismod amet eirmod amet nam lorem rebum. Accusam dolore duo esse dolore justo ut. Elitr rebum autem sadipscing sit duo suscipit esse gubergren gubergren voluptua sit eos nonumy diam dolore invidunt tation et. Consetetur dolore erat zzril kasd volutpat aliquyam lorem et justo ad invidunt stet. Vero gubergren zzril kasd amet at clita nonumy veniam duo nonumy aliquyam eum erat hendrerit ipsum. Sit nisl clita ea consetetur consequat tempor dolor diam nonumy et. Amet gubergren minim eos dolores facilisi accusam facilisis eum. Et invidunt kasd tempor autem justo voluptua vulputate veniam dolores dolor et feugiat duis ea. Autem augue et gubergren vel augue accumsan iriure feugait sed at consequat invidunt. Nonumy diam sit hendrerit elitr imperdiet nisl. Labore diam aliquam praesent takimata gubergren euismod commodo consequat facilisi sanctus.\n","publishDate":"2022-10-08T00:04:58.7379039+00:00"},{"id":7,"title":"Book 7","description":"Nostrud erat et elitr te clita at vero consetetur. Nisl erat amet magna consequat amet nibh wisi. Illum invidunt no no ut aliquyam est. Sit feugiat justo amet ipsum duis nulla in augue nisl illum delenit nonumy dolore elitr quod accusam dolor. Lorem feugiat diam et amet dolor sit tation no ipsum facilisis aliquyam magna dolore. Sit clita sit at vero labore stet duo ipsum consequat kasd duo magna elit. Lorem mazim suscipit voluptua hendrerit kasd accusam aliquyam sed dolor dolores eos nonumy vero kasd. Accusam laoreet sea diam luptatum. Eirmod at eum duo ipsum clita et sed in facilisi congue kasd sed autem lorem. Consetetur lorem takimata sanctus voluptua labore nonumy et sit. Justo eos elitr tempor gubergren sanctus kasd et eirmod eu gubergren zzril. Vero sanctus consetetur. Consetetur labore ea stet elitr ipsum stet dolore duo. Clita amet no invidunt at dolor tincidunt sed eros eirmod et no in. Amet dolor option dolore at aliquyam sit dolore. Stet et diam nulla delenit rebum magna est dolor gubergren amet invidunt eirmod eros clita amet et. Ex clita enim eirmod diam justo dolores nam diam nisl illum ea consetetur aliquyam minim elitr. Dolor sed qui dolor et eirmod sanctus vero.\n","pageCount":700,"excerpt":"Sea praesent vel at eirmod clita. Dolor gubergren duis sit elitr rebum et amet et tempor labore consetetur ea no dolore iriure ea. Kasd gubergren elit in ut diam kasd sea dolores facilisis erat. Eos et dolor rebum. Accusam dolor erat ea consetetur dolores odio kasd et magna. Est sed at invidunt et dolore tempor sed at blandit vel nobis eirmod diam. Et dolores vulputate elitr facer sed sanctus diam voluptua magna et labore wisi. Nonumy voluptua nonumy duis. Sed eirmod sit aliquyam sit laoreet exerci no diam et justo laoreet. Facer tempor ea consetetur diam amet kasd option stet dolores eos rebum nonumy vero gubergren erat takimata invidunt.\nClita dolor consectetuer duis kasd dolor accusam dolore. Erat ipsum sed. Tempor zzril est diam rebum dignissim velit ea sanctus ipsum laoreet aliquyam in gubergren rebum. Adipiscing duis dolor wisi no mazim ipsum clita accusam luptatum sed sed magna sit.\nNo ex est rebum takimata aliquyam ut diam invidunt soluta sed rebum. Takimata ad autem gubergren esse consetetur. Autem aliquyam dolore est gubergren rebum diam consetetur ea takimata lorem at option et.\nDolor dolore est ut duis eleifend sanctus dolores sed dolores sed nonumy vero amet. Eu est nobis est sanctus stet nostrud takimata. Sadipscing lorem lorem wisi justo labore et kasd sadipscing justo adipiscing. Te liber feugait labore sed ut consetetur dolor iusto et erat diam accusam sed in vero dolor. Ipsum justo est et accusam lorem autem nonumy facilisi elitr vel accusam. Eos diam labore magna nonumy nihil dolore elitr labore soluta ipsum. Sadipscing sit ipsum ea invidunt blandit esse dolores at dolor sed dolore diam kasd at.\nDiam autem mazim hendrerit lorem nonumy ex tempor ipsum et iusto est eirmod augue. Labore amet et iusto voluptua consequat delenit volutpat vero est placerat. Sanctus doming esse ullamcorper lorem diam dolor. Est magna vero et sadipscing assum facilisis. Aliquyam aliquyam mazim placerat eos lorem at sanctus invidunt dolore et lorem sadipscing diam. Dolore ea lobortis kasd vero dolore autem ea est dignissim et sed ut nostrud erat amet vulputate invidunt. Vel duo et eirmod augue feugiat kasd at amet no ipsum labore option at dolore no eos laoreet. Dolor accusam ullamcorper eum dolor illum.\n","publishDate":"2022-10-07T00:04:58.7379588+00:00"},{"id":8,"title":"Book 8","description":"Erat et est consetetur et vero dolor. Dolor stet sed sadipscing diam sed ipsum sit clita et tempor aliquam consetetur facer amet duo te. Eirmod odio voluptua qui doming at ipsum duo clita commodo. Placerat nobis lorem euismod duo ad ex sit augue sit diam dolore sed iriure dolor gubergren. Augue esse aliquam. Et elit lorem et. Ea in invidunt diam stet et vero labore tincidunt et zzril clita lorem.\n","pageCount":800,"excerpt":"Dolor diam zzril. Erat lobortis sea et est labore lorem accusam sit euismod diam ipsum sed. Amet rebum duo eirmod dolore justo lorem dolore labore minim elitr sed ipsum at tempor nulla nonumy. Stet assum et duo accumsan vero imperdiet exerci et illum nonumy at voluptua dolor et facilisi. Dolores lobortis dolor mazim aliquyam sea liber ea iusto delenit et invidunt sanctus. Soluta dolor sadipscing ipsum odio hendrerit magna aliquyam veniam ut. Accusam volutpat elit. Lorem aliquyam no sed iusto nostrud aliquam et sadipscing. Eos nihil amet duo diam labore. Laoreet autem diam option at augue rebum magna no clita ipsum no stet. Dignissim sanctus in elitr in ut quod blandit sed stet kasd nulla adipiscing sit et nulla option amet justo. Laoreet et sadipscing et. Est ex liber consetetur sadipscing ex vero justo sit quod dolor kasd placerat elitr consectetuer nonummy aliquyam rebum.\nClita lorem praesent est sit gubergren diam. At justo wisi dolor vel volutpat exerci te diam vero sed ipsum. Diam magna molestie takimata sed qui voluptua et sadipscing dolor vulputate facilisi et ex est. Veniam sit exerci facilisis. Lorem consetetur sed in eirmod autem erat dolor ex amet minim diam exerci clita amet dolor ut tempor sit. Vero accusam lorem. Dolore justo no ipsum vel rebum dolore at zzril amet eum aliquyam sed feugiat gubergren in. Congue ipsum stet labore sit tation delenit kasd sit te clita sed accumsan dolore accusam lorem volutpat tempor accumsan. Nibh et sit illum labore luptatum ex amet lorem diam tempor justo in nonumy invidunt. Consequat dolor vero. Kasd stet nisl commodo exerci consetetur hendrerit ea ea sit enim ea amet vulputate vero no in aliquyam. Vel kasd sit at sed lorem amet labore. Nisl duo lobortis magna. Est vero sanctus clita sit dolore. Labore aliquip elitr rebum ipsum dolor lorem duis iusto et. Rebum stet erat lorem dolor tincidunt sea diam ea lorem diam amet dolor et dolore justo. Dolores delenit duo kasd elitr invidunt eos elitr.\nUt dolore amet et rebum dolore. Eos dolor facilisis at liber et justo et. Sanctus delenit diam sed kasd. Dolor adipiscing sed diam ipsum dolor amet. Erat dolor sed dolores duo at gubergren rebum at stet sadipscing ut ad. Gubergren dignissim duis sed molestie sanctus rebum option lorem at gubergren consetetur et eos takimata erat. Sadipscing et voluptua dolor eos consectetuer amet amet sit. Hendrerit ipsum lorem et diam dolore invidunt lobortis et ut. Magna invidunt amet et nibh at ea et luptatum aliquyam tation est consetetur nam elitr clita dolores. Elitr diam molestie kasd sadipscing consectetuer sit sed magna. Ipsum ea ea erat nostrud et stet sit erat at est sit sit ipsum dolore no nonumy ipsum dolore. Erat delenit augue lorem tation amet autem. Sed dolor molestie aliquip no eos te lobortis iusto ipsum kasd ullamcorper. Sanctus ipsum sit dolore ipsum consequat sanctus vero te magna te at. Sit diam sit invidunt aliquyam aliquyam no elitr duo eirmod in tempor amet duis vulputate erat. Invidunt accusam sadipscing erat rebum dolor. Gubergren takimata justo ea consetetur diam tation duo. Invidunt eos sanctus vel eirmod elitr.\nNulla accusam sea stet aliquyam labore magna eos dolor augue possim magna ipsum duo et magna ipsum magna. Accusam dolores at stet amet et aliquip sit sadipscing justo dolores wisi ipsum nostrud ipsum zzril clita sanctus. Lorem tempor est lorem dolores sit quod at vero magna elitr elitr sed dolor ea. Ut tempor no sed ut sit justo dolore labore dolore. Nulla soluta sed eum dolores takimata praesent ipsum lorem diam sadipscing kasd rebum et dolor nisl no eos ipsum. Lorem dignissim aliquyam sit duo at duo ut et praesent amet ullamcorper kasd eros invidunt volutpat. Illum labore rebum dolore minim accusam aliquyam ea takimata ut voluptua suscipit diam invidunt ipsum ut feugait. Sanctus vero autem ipsum sea ut diam sit vel autem ad ipsum. Molestie dolor autem ut accusam et clita labore est congue vel clita sea dolores invidunt eos.\nSed magna vero qui dolore. Nihil justo praesent qui elitr sed sed exerci. Gubergren aliquyam at in eirmod. Nibh sadipscing eu dolore takimata duo takimata. Rebum diam amet sed sed qui amet vero no gubergren tation. Ut sea diam erat elitr et accusam. In ad tempor dolor placerat esse dolor duo aliquip sanctus feugait at vero tempor ipsum amet dolor voluptua at. Duis lorem dolore dolor molestie at diam gubergren rebum. Facilisi diam sanctus laoreet consectetuer aliquam voluptua gubergren sit consetetur vel. Illum dolore in kasd commodo sadipscing magna ipsum tempor diam consetetur dolores consectetuer vero dolor. Vero dolor ipsum. Quis eos vel blandit ut at nonumy erat sadipscing at dolores nam diam takimata consetetur sea. Sit invidunt et ut dolore est et nihil odio nonumy rebum dolore et sed duo eum.\n","publishDate":"2022-10-06T00:04:58.7380446+00:00"},{"id":9,"title":"Book 9","description":"Takimata justo nonummy illum sanctus clita dolore clita te et diam. Et aliquyam lorem illum et lorem sit facilisi ea ut. Ipsum sed tempor nobis euismod duo sea facilisis minim labore augue clita in tempor diam stet hendrerit dolores elit. Diam at feugiat voluptua. Dolor ipsum delenit in aliquyam sanctus amet eirmod ut labore at consetetur aliquyam et. Duis nonumy elitr amet euismod takimata est stet iusto ipsum rebum elitr nibh. Voluptua kasd est cum eos exerci sadipscing rebum stet. Lorem clita tation nisl gubergren stet nulla labore aliquip. Blandit clita stet aliquip ullamcorper placerat quis aliquam et. Vero dolore sed rebum vero voluptua rebum enim. Qui eos sea sit consequat dolor ipsum.\n","pageCount":900,"excerpt":"Feugait et qui. Adipiscing nonumy veniam ea sanctus et nonummy magna dolor sit labore amet sanctus elitr sit est kasd dolor nonumy. Commodo stet vero sed lorem nulla amet duo dolore tempor blandit et. Ea imperdiet rebum diam ipsum sit et justo. Sit consequat kasd. Sit eu eirmod erat dolor ut justo enim tincidunt iriure sadipscing duis. Suscipit vulputate molestie sed takimata amet labore eirmod et sed vel sadipscing rebum ut labore ipsum esse nonumy. Sed et augue diam tempor erat. Kasd dignissim est iusto dolore vero elitr dignissim sed commodo sed sit illum eos sadipscing eos augue duo. Dolore et et tempor consetetur dolore amet in placerat iusto nulla et ut hendrerit minim kasd. Amet erat diam assum stet. Sea magna amet duis eos id et dolore invidunt sed sed voluptua ut diam et sed. At magna diam quod nihil volutpat dolore dolore sea aliquyam et diam amet ipsum. Rebum sit sed consetetur clita magna at tempor justo takimata vero. Et diam eleifend ea consetetur dolor sit nonumy voluptua. Ipsum diam magna erat nulla eum at eos in consetetur lorem luptatum dolores dolor suscipit ut sea. Consetetur vero dolor amet diam ipsum ut at erat no kasd et aliquyam lorem magna clita. Ut dolore aliquyam ullamcorper accusam sit clita dolor et vulputate nonumy amet.\nVolutpat velit stet. Justo sadipscing magna sit magna elitr aliquyam justo nonumy. Vel amet gubergren et delenit sed takimata consetetur at. Et diam dolor justo eos justo no erat tempor magna sed ut diam. Ipsum exerci molestie ipsum dolor hendrerit possim ipsum sanctus euismod. Sit lorem diam no enim ea magna vero et. Voluptua at accumsan amet accusam sit kasd rebum hendrerit. Dolor duis ipsum dolor invidunt. Rebum et qui justo sadipscing at dolore amet est no magna eros diam dolor autem voluptua ipsum aliquyam dolor. Amet sit dolore lorem amet. Autem dolor no dolor et dolores stet aliquyam. Et consetetur ipsum lorem duo praesent sed consetetur consetetur esse sit takimata takimata lorem diam.\nDolore et sea consetetur duo ea euismod qui at et nonumy et facilisis laoreet. Lorem voluptua justo nonumy dolore id eos et duis molestie vel dolore est tempor ipsum dolores. Autem liber et labore elitr ea consetetur at dolores ipsum dolor tation dolor amet vero in. Et feugait no kasd dolor. Et no rebum. Et in et sanctus sit dolore euismod nobis. Dolore enim clita vero no eros erat erat sit takimata dolor est ut consetetur dolores et.\nCongue consetetur et nonumy elitr diam liber ipsum sea. Labore nostrud erat diam placerat diam. Facilisis magna consectetuer minim no no vero nulla amet. Quis vero et sed gubergren tempor lorem sed gubergren eirmod ea ullamcorper eirmod elitr. Lorem lorem ut stet voluptua sed lorem sea. Consetetur voluptua no at suscipit gubergren diam rebum ea velit dolores nonummy. Ea vero nonummy et diam sit veniam et dolor eirmod et iusto erat ut clita. Elitr dolore diam dolore gubergren justo vero eos diam dolor accusam lorem dolor praesent sit. Dolore est rebum dolor tempor ut eirmod sit zzril et justo dolores labore lorem.\nRebum ipsum consetetur tempor et est consetetur placerat erat congue elitr iusto diam aliquyam ipsum stet justo erat eirmod. Eos consetetur et diam et lorem voluptua at amet at suscipit voluptua lorem duo eos congue volutpat. Liber sed sed in eirmod justo dolor sed amet. Eum consequat et ea sadipscing veniam et ea et nam luptatum adipiscing te labore clita duis liber. Magna dignissim ut vulputate consetetur nisl no est kasd erat sit eirmod et aliquyam diam. Amet et nonumy dolore te ipsum amet quod diam amet. In invidunt labore eirmod ut accusam sanctus at et dolore kasd ipsum sit et aliquip elitr diam sed duo. Et vero justo no augue. Dolores et aliquyam adipiscing no clita et nihil est consetetur ea diam clita justo nonumy ipsum in no. Duis no vel nihil lorem aliquam minim dolore at sanctus sanctus dolor aliquyam.\n","publishDate":"2022-10-05T00:04:58.738126+00:00"},{"id":10,"title":"Book 10","description":"Ea magna in quis quis et commodo ipsum accusam no lorem erat elitr clita. Elitr ut stet magna ex. Clita elitr elit lorem ut accumsan in. Gubergren congue tempor ea elitr magna invidunt aliquyam vel dolores. Lorem vero et vel soluta lorem ipsum. Eum ullamcorper lorem et iriure sanctus. Ut liber aliquyam ipsum ut eos diam diam clita sanctus vero et. Takimata dolor takimata in et dolore voluptua aliquyam ut nibh diam sit sed magna amet consequat elit kasd. Et clita sed at dolor veniam sed accusam ut dolor dolore elitr augue takimata diam. Takimata nisl magna sit est sadipscing clita rebum et diam dolor kasd aliquip gubergren zzril vulputate magna est accumsan. No diam illum sea facer adipiscing sit. At cum at vero dolor magna vel dolor justo eos et consetetur ut ipsum nonummy. Accumsan et ut enim invidunt justo erat facilisi et sed molestie sanctus et qui facer. Feugiat sed tation stet id at et feugait rebum vero gubergren diam rebum. Eirmod blandit sed sea duo est sit molestie et diam sed dolor diam et no elit nobis duis sea. Sed duis consetetur sed exerci tempor wisi no.\n","pageCount":1000,"excerpt":"Accumsan ullamcorper vulputate eirmod et aliquyam ipsum blandit stet kasd duis. At feugait eirmod tempor. Luptatum rebum diam amet labore nulla stet amet delenit sed stet eum clita ipsum ea vulputate sed stet sadipscing. Kasd consequat zzril dolore sanctus sit ipsum rebum sed accusam labore dolore takimata diam ullamcorper justo qui aliquyam duo. Sit eu consetetur eum illum possim ipsum. Sit et ex hendrerit sit eirmod dolores tempor vero takimata lorem ipsum dolores. Eirmod lorem ea hendrerit adipiscing no tempor. Feugait et justo duo rebum no est molestie voluptua tempor vel. Laoreet justo vero justo nibh duo soluta sit sit eirmod stet et aliquyam eirmod labore. Stet amet lorem eros id sed elitr kasd. Clita est magna sanctus duo nulla aliquyam dignissim vero esse ea nonumy. Takimata molestie facilisi. Tempor feugait dolor vel eirmod accumsan et. No nisl dolor dolor amet soluta diam eirmod. Nostrud molestie rebum consequat. At kasd hendrerit exerci ea et ut dolores nibh gubergren et dolores justo dolore facer.\nNulla dolor kasd consetetur sit no sit amet accusam at stet justo accusam rebum lorem invidunt erat eum eu. Vel lorem ea no dolor et eos imperdiet dolore accusam no amet sit. Qui dolor vero eirmod feugiat et sed dolore no est praesent gubergren zzril sed illum nihil nisl laoreet rebum. Duo ut hendrerit sit ipsum lorem vel feugiat. Voluptua ea amet dolor takimata lorem rebum in eleifend dolores. Illum sadipscing est ut minim magna ea voluptua ea consetetur clita stet minim voluptua at takimata et ipsum. Ullamcorper consetetur duo et ipsum nonumy et consetetur sit. Tempor sed aliquyam voluptua magna ut clita erat diam dolor sed nonumy justo clita diam.\nIpsum sed ut dolores diam. Labore et dolor euismod labore odio lorem feugiat molestie assum elit accusam eirmod ipsum justo tempor sit duo. Qui nihil rebum ut voluptua feugiat et magna sit vel sed no. Sit gubergren est nulla aliquyam et dolore eirmod stet no velit dignissim accusam lobortis vel lorem. Diam lorem at amet lorem laoreet. Takimata accusam eirmod eleifend ea gubergren ipsum amet no nostrud iusto ut eum eirmod ut. Commodo feugiat takimata dolore et in. Rebum consequat et consequat at luptatum et dolor ut sanctus quod duis nibh possim. Vel sed assum. Ipsum enim gubergren takimata.\nSea sea dolore delenit lobortis sit ullamcorper invidunt nobis erat. Est clita invidunt invidunt erat dolor ullamcorper iusto ipsum ea. Et invidunt feugait placerat dolores voluptua clita enim erat velit ut sadipscing accumsan. Tempor kasd stet dolore sadipscing eos invidunt doming diam exerci nulla.\nFeugiat suscipit ipsum vero sit vel eirmod dolor ea sanctus sit. Magna ipsum aliquyam invidunt. Sadipscing te lorem invidunt eu no labore takimata labore. Ut no sit duo at sed rebum. Velit dolore consequat tincidunt ipsum takimata dolore takimata. Dolore diam et invidunt gubergren justo justo lorem est ipsum velit takimata. Erat lorem takimata kasd invidunt illum sea nibh sanctus eirmod. Ut dolor tincidunt consequat et erat clita aliquip velit aliquyam in voluptua magna minim est duo sed tation. Gubergren labore aliquyam at gubergren eos sed dolore nulla eos sadipscing ut diam erat wisi te elitr.\n","publishDate":"2022-10-04T00:04:58.7381951+00:00"},{"id":11,"title":"Book 11","description":"Sadipscing takimata sadipscing. Aliquam nonummy sanctus lorem diam vero ut ut. Sea dolores stet duis iriure nonumy tempor ipsum eirmod et tempor justo sanctus consequat blandit. No facilisi tempor suscipit commodo quis accumsan tempor lorem diam rebum. Dolore nibh molestie. No vero takimata sed lorem vero velit sea stet. Tempor et et. Sed et tation ipsum tation wisi sit sed nonumy diam minim feugait et tincidunt sit soluta ea. Diam vero stet ipsum ipsum sit wisi et dignissim dolor takimata. Dolor et et illum eos diam est tempor takimata dolor at erat lorem erat sed vero ullamcorper. Augue tempor vulputate tempor lobortis duis takimata et sed est quis. Wisi accumsan accusam volutpat et. Voluptua tempor eos. Eirmod vero sit et clita dolor.\n","pageCount":1100,"excerpt":"Option sit lorem vero accusam ea eos lorem consetetur molestie sit amet eos justo erat sanctus consetetur aliquip. Et duo aliquip invidunt sed rebum voluptua vel dolor rebum sit est et. Clita laoreet diam est no et ipsum sea ipsum sit praesent et no iriure rebum hendrerit dolores est. Dolore gubergren nibh lobortis aliquyam dolore et at quis et sed accusam quis amet iusto. Nonumy takimata clita at tempor diam. Rebum dolor sea rebum velit. Dolore velit duo suscipit ut lorem in volutpat sit ut. Liber erat sit est nulla duis commodo nibh stet vel facer at erat molestie magna aliquip. Et takimata ea dolor quis rebum dolor in et erat. Sit et ea sit autem molestie accusam diam. Sadipscing elit consetetur consetetur takimata diam sit accusam ut nulla accumsan et suscipit sea ut. Vero suscipit tempor eos elitr et magna ipsum duo magna amet sed et gubergren quod ipsum. Lorem elit vel vulputate no labore doming iriure delenit eos sed lorem lorem clita duo amet. Et ea amet takimata. Adipiscing consectetuer duo invidunt lorem no erat dolores sed ipsum justo eirmod ipsum voluptua aliquip et. Odio eu dolore iriure lorem et.\nOption sea tincidunt diam. Duis at vero tempor duis elitr feugiat vero facilisi lorem dolor diam. Invidunt esse invidunt id ipsum vero et takimata. Eirmod veniam veniam. Dolor eirmod tempor accumsan eu. Vero sea labore suscipit labore sadipscing consequat consetetur no erat. Ut consequat nonummy. Et et sanctus sed feugiat. Velit eirmod dignissim molestie et esse in diam iusto dolore nisl sadipscing. Elitr nonummy dolore sit kasd. Et amet takimata tempor magna sadipscing sit labore duis duo sit dolor no ea hendrerit duis. Nihil dignissim hendrerit tincidunt facilisi labore feugiat nonumy esse dolore est sit magna vero et. Consetetur sanctus delenit amet tempor dolore dolore sit sit rebum accusam est dolore kasd hendrerit nulla. Vel dolore no invidunt ex ipsum tempor stet sanctus lobortis. Et diam dolor lorem lorem labore ipsum amet lorem vel vero voluptua consetetur invidunt. Iusto eirmod nibh molestie diam tincidunt.\nEst sanctus velit accusam dolore nihil rebum magna est labore ex lorem dolore et ut iusto nisl ipsum no. Rebum dolor et diam qui ipsum sed lorem magna dolores lorem sadipscing no nulla ipsum takimata et ex lorem. Aliquyam eu amet et eros ipsum kasd nisl. Elitr amet illum blandit amet gubergren eos. Duo magna soluta eu soluta voluptua accusam dolore magna et et sed clita et et amet at et clita. Dolore lorem nobis vero. Soluta ipsum duo eos et ipsum tincidunt dolor diam magna consequat eirmod eum commodo. Ea tincidunt vero. Eros takimata aliquip feugiat stet stet ut ut eum magna lorem rebum accusam justo. Eros sanctus accusam dolore sea eum adipiscing erat sit lorem et accusam lorem no dolore dolor imperdiet ipsum eros. Gubergren aliquip aliquyam amet nonumy justo ut elit diam. Delenit dolor diam consetetur ut ipsum sed sit. Luptatum labore eirmod eirmod dolores. Sea nonumy ullamcorper et et justo no sit nonumy eos ut ipsum lorem nostrud stet dolor liber gubergren sit. Sit dolores amet nostrud. Et feugait sit sit invidunt sed velit invidunt sanctus et et at invidunt imperdiet rebum. Minim amet consequat duo tempor gubergren velit lorem magna diam et et dolores exerci duo. Diam lorem ipsum iriure.\nMolestie molestie aliquip ipsum est eleifend et quis labore accusam dolores diam labore et sit. Ipsum exerci vel lorem gubergren nonummy ut dolor erat consequat accusam vero labore. Consequat sit illum enim et et aliquyam. Sadipscing diam sit ut consequat sed est diam nulla invidunt in sed. Ipsum molestie eum kasd dolor tempor ipsum. Ipsum sit tincidunt eirmod sit nisl diam sadipscing augue lorem eos dolore est aliquyam et sanctus commodo. Diam nostrud nulla rebum vel invidunt takimata rebum eu dolores dolor dolores tempor lorem. Dolores takimata tempor et vel voluptua vero rebum ut lobortis. Dolor diam dolore amet takimata labore stet dolore nonumy lorem nulla est gubergren diam. Dolores stet magna aliquyam no aliquyam veniam at elitr dolor diam et et. Et dolore augue duo iriure et sed minim wisi. Sit ipsum iusto no et kasd justo lorem erat commodo et no dolores sea ea tincidunt elit ut dolore. Et accusam tempor nisl nonumy dolor labore sit facilisi et lorem lorem dolore dolores. Sed tempor diam et amet et magna sanctus liber gubergren sed vulputate duis in. Nonumy dolor amet ex ipsum laoreet euismod stet est kasd sed et facilisi et lorem. Tation nulla minim sed sadipscing vero at tincidunt lorem sit duo delenit erat ad et sadipscing et. Stet lorem accusam ea nonummy voluptua te. Et eirmod at duo ea amet sit clita erat sed dolor justo et elitr sit wisi tempor eros. Duis eros consetetur.\nConsetetur eos soluta voluptua consequat ipsum dolor erat dolor dignissim dolore sit et soluta labore eirmod. Sit consequat diam dolor sed diam stet erat sanctus dolor aliquyam ea quis aliquyam et clita sed ipsum. Ipsum no dolore nonummy diam ut commodo eum amet dolor ea quis facilisis dolor invidunt. Sea clita ea et accusam nulla eum amet sanctus. Nonumy diam eirmod magna magna dolor aliquam sit sed erat eos et takimata. Accusam stet ut sanctus eos rebum ut invidunt nulla vel lorem et nam est quod amet amet dolor facer. Lorem dolor ut dolor dolore lorem eum sit. Eos nonumy eum sit delenit magna clita aliquyam ut nonumy nulla tempor. Nonumy sea amet no dolores magna ipsum. Sanctus ipsum stet sit. Sea erat consequat et takimata nulla labore euismod ipsum minim dolore molestie nobis eu delenit qui elitr. Labore ea dolor esse vulputate et diam sea justo aliquyam sadipscing amet consetetur. Ex amet duo et delenit amet no voluptua. Tation dolore takimata et ipsum. Et no diam dolor diam eum dolore sed sed eleifend enim nulla consectetuer sea. Sit lorem magna autem dolore et feugiat erat sea kasd.\n","publishDate":"2022-10-03T00:04:58.7383032+00:00"},{"id":12,"title":"Book 12","description":"Aliquip adipiscing dolor et nonumy justo et possim tempor nonummy in diam ut dolores et. Vulputate illum tempor dolore duo justo et ut tempor placerat invidunt sed vero dignissim tempor clita amet. Est amet dolor invidunt et takimata clita duo feugait quis. Volutpat ea kasd vero molestie sit amet molestie erat amet et sit id labore ipsum dolor duo blandit. Tempor rebum sea dolor qui aliquyam enim blandit diam diam option dolore consetetur duo. Delenit ut nibh et in praesent voluptua dolores wisi vel lorem consequat kasd dolor ea quis quod. Et accusam placerat commodo lorem est molestie sit magna ea nonumy eu et stet consetetur kasd magna eos. Molestie sea elitr et. Diam ad eos nihil. Accusam sed esse. Velit voluptua aliquyam placerat no erat takimata.\n","pageCount":1200,"excerpt":"Placerat no magna accusam possim. Sadipscing ea illum tempor et molestie voluptua iriure aliquyam nonumy congue ad wisi invidunt lorem aliquip. No duis et justo et aliquyam takimata sed stet. Dolores ea duo et sadipscing tempor voluptua dolore sadipscing exerci velit sanctus sadipscing augue sit sea feugiat magna est. Consetetur ipsum amet ullamcorper ex ea accusam no nonumy. Amet dolores aliquip facilisi magna ea sed gubergren magna. Sed odio at.\nEos et sit invidunt ipsum. Autem ea tempor no dolore dolor dolor sanctus ea aliquip diam ipsum amet eos dolore clita magna soluta. Eros et voluptua lorem clita wisi. Diam takimata sit erat duis commodo. Accusam sed aliquyam dolor nulla amet eos consequat. Dolore dolores voluptua sed qui sea assum facilisi dolore rebum labore magna. Autem consequat nonummy diam autem amet erat diam consequat invidunt ullamcorper. Consetetur takimata iusto feugiat duis eum sit gubergren vulputate diam et kasd. Molestie accusam sanctus et sit rebum ut. Stet dolor duo esse sed voluptua elitr accusam imperdiet luptatum sea lorem nibh kasd. Dolor dolores et magna invidunt takimata te clita justo. Dolor et accusam eirmod voluptua no duo et aliquyam et. Takimata justo ea consectetuer invidunt et. Nibh lorem option sed praesent. Labore sanctus accusam sanctus commodo consetetur ea eu nibh kasd ut labore tempor in aliquyam elitr nostrud at et. Sanctus aliquyam et consetetur quis erat. Sea amet eirmod tempor rebum stet consequat stet et. Vel invidunt no ut diam eirmod ipsum lorem eleifend et accusam est et. Dignissim sit amet magna kasd ut no rebum lorem aliquyam ex.\nEt amet dolor clita quis iusto dolore duo elitr et dolores voluptua ut illum ea. Amet nonumy sea clita dolor justo. Augue molestie erat sed vulputate ipsum sit eos no. Vel eirmod sed illum dolor labore et lorem dolor no id et accusam voluptua eros erat iriure.\nCongue wisi exerci nonumy velit ex duis. Nonumy option at amet. Sed et elitr gubergren ipsum erat sed magna sit gubergren stet sit et gubergren vero. Invidunt facilisi dolore.\nJusto eirmod dolor diam lorem nonumy ullamcorper dolor et dolor duis ea. Adipiscing consetetur amet et dolore amet erat. Erat takimata esse et invidunt justo elitr et no et voluptua ullamcorper ut molestie aliquyam sea.\n","publishDate":"2022-10-02T00:04:58.7383523+00:00"},{"id":13,"title":"Book 13","description":"Dolor sit ut et. Kasd aliquyam stet ea. Dolor ad accusam congue nibh. Ex in takimata elitr no lorem nulla justo invidunt lorem. Voluptua nonumy dolor amet dolores eu.\n","pageCount":1300,"excerpt":"Rebum clita et ipsum in eos dolores sed voluptua nibh ut. Ut vero luptatum sed odio diam eirmod takimata doming kasd. Eos consequat rebum dolores minim consequat ut vero sadipscing. Eos aliquyam sit gubergren elit luptatum dolore dolor vulputate. Et nobis vulputate molestie tempor luptatum sit sea et nobis placerat vel. Dolor esse rebum takimata dolore diam sit. Lorem vero stet gubergren sea no ex diam sit eleifend clita dolore sit. Amet diam dolor ut erat lorem kasd rebum amet blandit sadipscing labore tempor consetetur et illum eirmod. Clita takimata eleifend gubergren justo amet nonumy et invidunt sea consequat gubergren ipsum dolore ipsum no diam hendrerit vero. Eirmod dolores nostrud duo kasd invidunt ipsum volutpat lorem accusam eum et dolor dolor labore dolor iriure. Sadipscing vero vel autem esse sit dolor duo nibh sea dolor eros kasd labore. Labore blandit clita takimata velit sed et erat invidunt labore. Hendrerit eros clita lorem ipsum possim justo dolore enim et eirmod et diam consetetur sea no lorem cum diam. Voluptua amet minim at at invidunt tincidunt. Eirmod ipsum lorem sit kasd takimata praesent amet te duo amet accusam et sed sit dolor ea. Sanctus dolor option accusam et no. Sanctus facilisi stet quis eu amet rebum dignissim molestie consectetuer amet delenit dolore dolore amet et ea. Delenit hendrerit consetetur mazim ea facilisis diam. Nonumy facilisis ut takimata labore lorem ut ut tempor vero eos.\nVero diam iusto voluptua no at dolor feugait vel lorem odio vero magna eleifend sea dolor. Te labore dolore sit dolore sanctus ipsum nonumy sed est vel amet. Voluptua diam est magna tempor sed magna hendrerit tempor ut accumsan tation magna gubergren nulla eos magna et ad. Erat vel et kasd justo labore aliquip esse sit. Nonummy nonumy no feugiat sit sadipscing magna minim mazim kasd delenit iusto quis ipsum stet ut ipsum stet dolor. Kasd eos eirmod stet clita ex vel suscipit tempor diam stet. Lorem consectetuer rebum ipsum rebum accusam et. Sadipscing at ipsum amet possim tempor rebum diam sea. Sit dolores esse clita euismod nonumy aliquyam autem magna takimata feugiat zzril eos. Dolor elitr aliquyam sea vero facilisi dolores no.\nRebum esse nostrud invidunt sit diam justo voluptua et lorem voluptua lorem eirmod sea dolore praesent duo elitr. Illum nulla eirmod sed dolor diam sit clita est et vero duo duo dolor elitr est tempor no. Magna takimata at dolore eros gubergren sit est eum et. Dolores nonumy nonummy facer elit takimata eum aliquyam justo invidunt. Sea sadipscing at erat diam placerat et erat. Dolores ipsum voluptua vulputate dolor diam consetetur iriure tempor kasd kasd labore.\nImperdiet sanctus praesent. Tempor nam labore clita. Labore tation dolore sadipscing invidunt dolores. Erat sadipscing vero takimata. Sea erat tempor sanctus tincidunt adipiscing stet sed ipsum clita duo magna. Amet ipsum ex voluptua vulputate in sadipscing duo accusam tempor takimata et. Sit est voluptua sed vel eros eos sanctus est. Erat sit ipsum et sanctus sanctus ut rebum euismod nonumy esse vero et wisi invidunt erat dolor diam. Aliquyam consetetur magna stet sit justo laoreet magna accumsan consetetur lorem dolore et dolor dolores feugiat iusto. Sit et dolor. Rebum dolore ullamcorper delenit zzril sed lorem. Odio molestie consectetuer commodo luptatum amet consequat dolor id dolores amet dolore. Vero velit justo wisi dolore no sed velit. Iriure illum voluptua. Erat duo dolores diam minim ipsum rebum minim. Est amet ex. Nonumy odio accumsan dolor est consetetur sit et enim in gubergren labore tempor et commodo feugait duo dolor ut. Hendrerit vel amet sea.\nSed et ea et duo lorem. Vero lorem sadipscing nisl sanctus diam quod possim. Amet sit diam erat dolore labore et dolore dignissim lobortis magna et. Duo dolor et dolor iriure eu at labore diam elit voluptua dolor diam quis takimata eros ea. Labore dolore nulla molestie accusam. Ut eos consetetur invidunt dolor ipsum stet sed suscipit sea eos facilisi dolor eu. Est stet dolore sadipscing clita hendrerit ea dolor vel vero justo labore vero euismod. Eos et voluptua ullamcorper aliquam erat et ipsum clita minim qui erat. Sit odio amet kasd erat vel aliquam molestie est sit eos nisl qui sed eros hendrerit takimata dolore sanctus. Ea dignissim dolore kasd amet diam ipsum sed aliquyam. Illum et sanctus nobis erat. Lobortis dignissim gubergren lorem sadipscing nostrud ipsum consetetur dolor diam vulputate odio nonumy elitr rebum kasd diam et iriure.\n","publishDate":"2022-10-01T00:04:58.7384274+00:00"},{"id":14,"title":"Book 14","description":"Nonumy aliquyam doming ipsum amet enim tempor erat ut dolor vulputate et amet. Dolores labore ut praesent. Tempor eos accumsan feugait stet sanctus clita no no clita elitr te lorem invidunt duo. Gubergren kasd sanctus soluta. No feugiat amet volutpat justo vel ipsum. Nisl et dolores sed eirmod invidunt ex no cum. Ipsum sit sit vero consetetur vel stet eirmod magna ea qui. Doming placerat et et ea vel lorem clita at amet lorem praesent ipsum. Dolore vero aliquyam est rebum consetetur lorem nonumy nonumy sit clita. Et sed commodo tempor ut et elitr dolore est nonumy eos justo aliquip lorem. Sanctus amet magna est tempor duis aliquyam clita sea duo tempor magna accusam et est et.\n","pageCount":1400,"excerpt":"Sit eirmod accusam sanctus erat elitr lorem aliquam imperdiet eirmod laoreet. At quis et erat at dolores voluptua labore eu kasd est. Sadipscing et rebum sed dolor consetetur lorem ea est consequat stet ex invidunt. Justo vel duo in tempor kasd minim. Eirmod sea no nobis. Ut eos ex gubergren justo clita. Facilisis nam tempor. Eos sea augue dolore. Amet diam elitr vel duis suscipit iriure stet amet diam in lobortis. Nonumy aliquip sit dolor sed labore gubergren. Aliquam illum ea aliquyam diam at tempor augue sit tempor luptatum et et vero. Tempor sit aliquyam kasd diam vel elitr sanctus dolor exerci justo. Ipsum clita ea eu ut eum ut consetetur dolor. Eos ipsum dolores accusam et nonumy et est eum nisl qui. Ipsum lobortis ad diam ipsum et eirmod dolores labore sadipscing stet ad augue eum sea te sadipscing dolor. Autem accusam nibh et duo hendrerit consetetur ipsum invidunt. Exerci esse ea ut diam ipsum est stet vel kasd nostrud sit dolor ut justo molestie amet labore.\nEt exerci sanctus et commodo. No amet justo accusam dolore illum accusam dolore elitr augue nonummy lorem et lorem ipsum praesent amet et. Invidunt quis nisl sit amet stet nostrud gubergren diam blandit justo ipsum ipsum voluptua elitr diam sed. Vero et rebum est nonumy labore et in eum ut erat molestie et magna sed lorem. Vel magna est dolor aliquyam eos clita diam nonumy aliquyam dolores vero eirmod. Sanctus ea odio autem sed rebum iriure takimata odio accumsan consectetuer labore sadipscing aliquyam sed delenit dolor eleifend. Et et lorem aliquyam diam ut vero sea et accumsan duo accumsan amet.\nElitr dolor sed ipsum vero sed facilisis eleifend no. Feugiat sea aliquam et. Gubergren stet sea in voluptua accusam gubergren dolor sea. Dolor eirmod esse clita magna sadipscing consetetur sit tempor kasd quis rebum. Est stet et. Diam voluptua rebum sit ea elitr gubergren. Clita facilisis praesent magna illum amet dolor euismod erat dolor. Aliquyam sed sanctus accusam et tation nihil est eros dolor esse duo. Dignissim erat et ipsum ut vero no dolore dolor sanctus nonumy dolore. No at kasd ex erat aliquyam sadipscing erat et placerat dolor stet consectetuer ipsum et ea lorem. Dolore diam erat sadipscing esse sadipscing sit iriure dolore ea tempor eirmod justo et luptatum dolores no. At iriure no et dolore dolore diam rebum ipsum magna adipiscing et eum kasd stet dolores. Ea sanctus labore tincidunt et labore dolore aliquam dolor diam erat consetetur ut option aliquyam. Takimata clita dolor sit est ipsum invidunt in sadipscing aliquyam illum quis aliquip stet congue. Sit labore dolore sea praesent commodo et volutpat justo gubergren voluptua et vero lorem dolores justo wisi facer sed.\nGubergren iusto vel et tincidunt diam minim diam feugait no et consequat ut sadipscing volutpat et et ut. Esse eos sed takimata. Sit ut sanctus rebum accusam stet eirmod amet sed amet diam amet facilisis vero eirmod enim eos dolore sanctus. Sanctus consetetur sed aliquip dolor ipsum at clita no vero ut. Vero sed gubergren eum labore iusto magna duo nonumy dolor diam ut at aliquip lorem. Stet feugiat lorem sed dolores. Dolores nihil nonumy dolor sadipscing sea no est lorem aliquyam stet lorem elitr ipsum tempor et et lorem. Amet sit clita lorem amet nisl consetetur sed feugiat lorem ut nonumy kasd. Labore mazim aliquip dolor clita sed sit erat ipsum quis invidunt et diam dolor. Commodo labore et sit et sed diam nonumy elitr at laoreet vel ipsum lorem sit. Duo eum aliquyam accusam ea consequat. Gubergren placerat sadipscing ipsum molestie adipiscing lorem sed gubergren amet magna. Ut aliquyam diam vel ea feugait eirmod sed esse nonumy id dolores dolore ipsum. Duis sed clita sit autem augue at erat ut duo magna. Dolor dolor duo tempor consequat amet ipsum. Velit feugait ipsum nonumy tincidunt dolore et elitr et delenit consetetur amet diam tincidunt clita eleifend gubergren labore ipsum. Nonumy ipsum ipsum consequat et erat wisi sanctus sit amet ut invidunt clita et dolor nonumy dolores. Invidunt et labore eleifend elitr stet eirmod sadipscing ullamcorper sit et magna ea mazim sed.\nSit dolore sea labore eirmod rebum zzril ut clita justo praesent et. Feugiat aliquyam dolor at dolore kasd ipsum aliquip sanctus rebum. Dolor sanctus nulla kasd labore. Est at eirmod aliquyam ut eirmod nonumy at et ut ipsum no accusam et consetetur illum augue. Dolores feugiat eros nobis dolores. Quis esse et vero clita sea autem et suscipit. Stet imperdiet nostrud ea et nonumy et consetetur lorem in ut option et lorem sea eum zzril. Iriure dolor eos magna invidunt takimata at. Eirmod rebum ut dolor et amet eirmod eirmod eirmod kasd est praesent doming. Accusam gubergren dolore amet at voluptua rebum dolor. Diam consetetur et dolore rebum lorem. Eirmod feugait stet illum placerat justo vero. Diam et takimata accusam sit clita et dolores ipsum. Duis ex consetetur erat consequat diam lorem duo voluptua nibh. Possim eos lorem amet sed est et sanctus takimata et dolore id gubergren elitr amet nonummy. Duo vel gubergren kasd odio ea nostrud aliquyam erat clita magna dolore nonumy ipsum commodo rebum. Kasd ut tempor at labore sit eos ea laoreet ea gubergren. Ea ipsum dolore invidunt qui stet dolore consequat. Et vero amet iusto eos ut kasd eirmod.\n","publishDate":"2022-09-30T00:04:58.7385407+00:00"},{"id":15,"title":"Book 15","description":"Dolor sea elitr elitr eirmod consequat ipsum vero labore eos sed vero sanctus erat nulla consetetur ipsum eos. Ut lorem dolores veniam takimata ut lorem adipiscing facer eirmod sed ut sanctus et ut eum lorem consectetuer. Accumsan sit in aliquam ea invidunt nonumy no. Clita sit dolor invidunt et takimata dolor et vero invidunt lorem esse diam duis eos nostrud ipsum elitr adipiscing. Autem dolor et dolor duis nonumy est dolores vulputate aliquip at. Delenit sed sed praesent diam. Eirmod possim sed et est sanctus ea dolor sea dolor et est rebum euismod invidunt ut. Sed amet nisl tempor nulla takimata magna dolor aliquam. Clita ipsum takimata ut consequat takimata consetetur placerat dolores vero mazim justo et consequat diam. Lorem lorem dolore dolor vulputate sed. Amet ut dolore eos clita elit ipsum est rebum amet diam. Et augue laoreet. Sadipscing molestie diam dolor laoreet blandit et gubergren. Sed justo voluptua labore elitr invidunt at dolor facilisi praesent sadipscing voluptua duis labore at. Ea esse lorem elitr duo te magna nonumy luptatum nisl gubergren sit wisi sed sed nonummy esse. Ipsum justo sadipscing diam ea no eos erat gubergren voluptua tempor mazim diam ea eirmod consequat et ut lorem. Odio gubergren sadipscing dolor veniam takimata sanctus kasd vulputate nonumy at dolores vel et dolor magna quis eros. Nibh eos elitr rebum elitr. Stet hendrerit amet exerci nulla labore et elitr at vel.\n","pageCount":1500,"excerpt":"Odio at sanctus invidunt diam invidunt labore et rebum ipsum at diam sed. Ut sed nulla vero doming dolores dolore aliquyam. At ex et amet dolore vero qui sea sed adipiscing soluta. Invidunt eos ipsum magna.\nQui feugiat in gubergren accusam ut consetetur lorem eirmod vel sit justo dolore lorem magna. Justo no eros invidunt dolore no diam erat ipsum invidunt et quod sanctus dolores sed. Erat quis placerat vel hendrerit dolor. Est dolor gubergren in imperdiet rebum tincidunt dolore consequat dolores et erat. Tempor tincidunt sit sed diam. Eirmod erat sed invidunt adipiscing est consequat diam dolores eu mazim gubergren duo.\nSed est accusam dolore ipsum magna clita tempor magna tempor eos. Stet dolores luptatum eos dolor blandit ad duo vero justo eros accusam elitr vel accusam imperdiet ex illum. Sed takimata nisl clita tempor imperdiet sit facilisis takimata dolor nonummy consectetuer. Amet lorem suscipit facilisis illum at feugiat sadipscing sea. Sea ea soluta nonumy labore dolores et at ipsum. Delenit diam diam amet praesent vero voluptua stet nonumy dolore at est diam lorem erat. Exerci mazim dolor et eos et et ipsum in at takimata sit possim eos velit est consetetur. Tincidunt hendrerit ad erat amet no dolore lorem ut lorem amet sed praesent rebum lorem duo ipsum amet. Kasd lorem et lorem amet sanctus at nobis nonummy sed veniam duo ut dolore iusto eros et ut justo. Aliquyam tincidunt diam clita duo magna luptatum amet stet sanctus et. Duis kasd dolore ipsum sit dolor. Labore tempor ipsum eos justo lorem amet sea takimata lorem in tempor. Lorem duo ea sanctus et e
[...]
<status status="PASS" starttime="20221013 21:05:01.362" endtime="20221013 21:05:01.374"/>
</kw>
<kw name="Set Test Variable" library="BuiltIn">
<arg>${RESPOSTA}</arg>
<doc>Makes a variable available everywhere within the scope of the current test.</doc>
<msg timestamp="20221013 21:05:01.374" level="INFO">${RESPOSTA} = &lt;Response [200]&gt;</msg>
<status status="PASS" starttime="20221013 21:05:01.374" endtime="20221013 21:05:01.374"/>
</kw>
<status status="PASS" starttime="20221013 21:04:57.297" endtime="20221013 21:05:01.374"/>
</kw>
<kw name="Conferir o status code" library="ResourceAPI">
<arg>200</arg>
<kw name="Should Be Equal As Strings" library="BuiltIn">
<arg>${RESPOSTA.status_code}</arg>
<arg>${STATUSCODE_DESEJADO}</arg>
<doc>Fails if objects are unequal after converting them to strings.</doc>
<msg timestamp="20221013 21:05:01.374" level="INFO">Argument types are:
&lt;class 'int'&gt;
&lt;class 'str'&gt;</msg>
<status status="PASS" starttime="20221013 21:05:01.374" endtime="20221013 21:05:01.374"/>
</kw>
<status status="PASS" starttime="20221013 21:05:01.374" endtime="20221013 21:05:01.374"/>
</kw>
<kw name="Conferir o reason" library="ResourceAPI">
<arg>OK</arg>
<kw name="Should Be Equal As Strings" library="BuiltIn">
<arg>${RESPOSTA.reason}</arg>
<arg>${REASON_DESEJADO}</arg>
<doc>Fails if objects are unequal after converting them to strings.</doc>
<status status="PASS" starttime="20221013 21:05:01.374" endtime="20221013 21:05:01.374"/>
</kw>
<status status="PASS" starttime="20221013 21:05:01.374" endtime="20221013 21:05:01.374"/>
</kw>
<kw name="Conferir se retorna uma lista com &quot;200&quot; livros" library="ResourceAPI" sourcename="Conferir se retorna uma lista com &quot;${QTDE_LIVROS}&quot; livros">
<kw name="Length Should Be" library="BuiltIn">
<arg>${RESPOSTA.json()}</arg>
<arg>${QTDE_LIVROS}</arg>
<doc>Verifies that the length of the given item is correct.</doc>
<msg timestamp="20221013 21:05:01.387" level="INFO">Length is 200</msg>
<status status="PASS" starttime="20221013 21:05:01.374" endtime="20221013 21:05:01.387"/>
</kw>
<status status="PASS" starttime="20221013 21:05:01.374" endtime="20221013 21:05:01.388"/>
</kw>
<status status="PASS" starttime="20221013 21:04:57.297" endtime="20221013 21:05:01.388"/>
</test>
<test id="s1-t2" name="Buscar um livro especifico (GET em um livro especifico)" line="14">
<kw name="Requisitar o livro &quot;15&quot;" library="ResourceAPI" sourcename="Requisitar o livro &quot;${ID_LIVRO}&quot;">
<kw name="Get Request" library="RequestsLibrary">
<var>${RESPOSTA}</var>
<arg>fakeAPI</arg>
<arg>Books/${ID_LIVRO}</arg>
<doc>Send a GET request on the session object found using the
given `alias`</doc>
<msg timestamp="20221013 21:05:01.975" level="INFO">GET Request : url=https://fakerestapi.azurewebsites.net/api/v1/Books/15 
 path_url=/api/v1/Books/15 
 headers={'User-Agent': 'python-requests/2.28.1', 'Accept-Encoding': 'gzip, deflate', 'Accept': '*/*', 'Connection': 'keep-alive'} 
 body=None 
 </msg>
<msg timestamp="20221013 21:05:01.975" level="INFO">GET Response : url=https://fakerestapi.azurewebsites.net/api/v1/Books/15 
 status=200, reason=OK 
 body={"id":15,"title":"Book 15","description":"Diam magna suscipit aliquyam elit sed tempor amet et rebum vero lorem magna consequat wisi qui. Lorem tempor magna et. Esse sed erat aliquip rebum eirmod erat et sed vero ex diam. Kasd in magna consectetuer molestie et. Vel molestie nonumy dolore rebum tempor. Eleifend suscipit amet sed lorem sit erat eros at erat. Sed tempor eleifend ipsum sed tincidunt kasd voluptua dolore clita. Ipsum et ut aliquyam diam sit. Stet doming diam voluptua diam kasd diam sanctus nulla iusto.\n","pageCount":1500,"excerpt":"Elitr takimata lorem kasd. Dignissim dolores ipsum ut eos ipsum voluptua adipiscing invidunt sed sed et nihil. Diam liber ea takimata ea clita lorem. Duis stet sit stet ut sadipscing accusam lorem dolor clita ex sanctus. Sadipscing gubergren dolor esse elitr sanctus invidunt erat et cum autem et nostrud. Elit dolores elitr nonumy sit stet tempor duo aliquip sadipscing lorem diam gubergren delenit amet stet clita. Sit at labore clita clita sed laoreet takimata feugiat feugait lorem dolor et sed. Eos accusam vero no justo amet duis. Dolore feugiat sit consetetur aliquyam sadipscing diam no invidunt est diam at amet. Erat consetetur justo exerci dolore sadipscing lorem sit no. Facilisis velit eum ex magna sit in velit sed ullamcorper consectetuer sea accusam in ipsum nonummy eos. Volutpat elitr diam vel dignissim sit. Et possim eum doming accusam consectetuer. Minim sanctus dolor. Invidunt magna in illum. Lorem rebum consectetuer ipsum dolor vero nibh sed diam dolore ipsum facilisis justo. Diam nonumy elitr erat magna nibh sea takimata. Eos accumsan nam dolore sed dignissim lobortis sit at facilisis ipsum diam aliquyam justo accusam ea autem sit dolor.\nIusto eos vero vero no dolor et accumsan. Invidunt autem ut dolore gubergren dolor sanctus et commodo nisl luptatum erat id tation voluptua facilisi sit. Aliquyam sanctus invidunt justo labore. Lorem duo justo magna. Lobortis ut sadipscing eirmod enim ea eirmod et. Ipsum nonumy aliquyam lorem ipsum et laoreet stet sea tation dolore ipsum vero consequat lorem stet voluptua nulla diam. Nonumy ea nonumy amet dolores elitr est erat diam eirmod ut option placerat diam nibh consequat nobis est. Lorem ut zzril lorem rebum dolor et lorem sed et hendrerit lorem tempor hendrerit ea stet at. Nonumy dolor sea invidunt. Tincidunt amet et clita amet gubergren consequat liber diam dolor. Vel autem no at amet sed voluptua. Voluptua sit diam invidunt. No eirmod kasd consetetur magna eum et justo. Accusam ut ut dolores at dolor sanctus et commodo eum est. Iriure et cum euismod gubergren nisl sadipscing nonumy iriure ut. In rebum dolores ut eos sed sit dolor dolores.\nUt nonumy aliquyam. Ipsum eirmod kasd vero clita eirmod amet nostrud lorem facilisis blandit stet ipsum elitr dolor invidunt sadipscing qui amet. Placerat eos suscipit elitr sed est molestie aliquyam consetetur.\nVero ut accusam erat velit duis te dolore aliquyam no. Eu tempor diam suscipit ea ut magna invidunt wisi dolor takimata stet ea. Sed invidunt stet hendrerit lorem. Eos dolor accumsan facer sadipscing kasd diam dolore aliquyam dolore diam. Sit wisi et amet dolor invidunt. Eirmod amet nulla et quis diam eos mazim at diam dolor magna ex. Dolores veniam amet wisi feugiat gubergren enim lorem. Hendrerit ipsum eirmod amet lorem. Molestie elitr et hendrerit possim luptatum feugiat doming iusto justo eum aliquip dignissim erat magna sed et. Praesent amet justo dolore lorem dolore sit ipsum eirmod lorem vero. Eos elitr velit duo ipsum voluptua accusam duis ea et tempor ut ipsum amet liber veniam kasd. Vero tempor no exerci amet amet sit nibh justo ut lorem et labore tempor. Lorem placerat sit.\nEos accumsan lorem amet eos accusam at vulputate blandit duis dolore. Ea aliquam nostrud odio. Adipiscing ipsum nonumy tempor eos lorem sed. Magna nulla invidunt ullamcorper congue.\n","publishDate":"2022-09-29T00:05:01.4521407+00:00"} 
 </msg>
<msg timestamp="20221013 21:05:01.975" level="INFO">C:\Users\vande\AppData\Local\Programs\Python\Python310\lib\site-packages\urllib3\connectionpool.py:1045: InsecureRequestWarning: Unverified HTTPS request is being made to host 'fakerestapi.azurewebsites.net'. Adding certificate verification is strongly advised. See: https://urllib3.readthedocs.io/en/1.26.x/advanced-usage.html#ssl-warnings
  warnings.warn(</msg>
<msg timestamp="20221013 21:05:01.977" level="INFO">${RESPOSTA} = &lt;Response [200]&gt;</msg>
<status status="PASS" starttime="20221013 21:05:01.390" endtime="20221013 21:05:01.977"/>
</kw>
<kw name="Log" library="BuiltIn">
<arg>${RESPOSTA.text}</arg>
<doc>Logs the given message with the given level.</doc>
<msg timestamp="20221013 21:05:01.978" level="INFO">{"id":15,"title":"Book 15","description":"Diam magna suscipit aliquyam elit sed tempor amet et rebum vero lorem magna consequat wisi qui. Lorem tempor magna et. Esse sed erat aliquip rebum eirmod erat et sed vero ex diam. Kasd in magna consectetuer molestie et. Vel molestie nonumy dolore rebum tempor. Eleifend suscipit amet sed lorem sit erat eros at erat. Sed tempor eleifend ipsum sed tincidunt kasd voluptua dolore clita. Ipsum et ut aliquyam diam sit. Stet doming diam voluptua diam kasd diam sanctus nulla iusto.\n","pageCount":1500,"excerpt":"Elitr takimata lorem kasd. Dignissim dolores ipsum ut eos ipsum voluptua adipiscing invidunt sed sed et nihil. Diam liber ea takimata ea clita lorem. Duis stet sit stet ut sadipscing accusam lorem dolor clita ex sanctus. Sadipscing gubergren dolor esse elitr sanctus invidunt erat et cum autem et nostrud. Elit dolores elitr nonumy sit stet tempor duo aliquip sadipscing lorem diam gubergren delenit amet stet clita. Sit at labore clita clita sed laoreet takimata feugiat feugait lorem dolor et sed. Eos accusam vero no justo amet duis. Dolore feugiat sit consetetur aliquyam sadipscing diam no invidunt est diam at amet. Erat consetetur justo exerci dolore sadipscing lorem sit no. Facilisis velit eum ex magna sit in velit sed ullamcorper consectetuer sea accusam in ipsum nonummy eos. Volutpat elitr diam vel dignissim sit. Et possim eum doming accusam consectetuer. Minim sanctus dolor. Invidunt magna in illum. Lorem rebum consectetuer ipsum dolor vero nibh sed diam dolore ipsum facilisis justo. Diam nonumy elitr erat magna nibh sea takimata. Eos accumsan nam dolore sed dignissim lobortis sit at facilisis ipsum diam aliquyam justo accusam ea autem sit dolor.\nIusto eos vero vero no dolor et accumsan. Invidunt autem ut dolore gubergren dolor sanctus et commodo nisl luptatum erat id tation voluptua facilisi sit. Aliquyam sanctus invidunt justo labore. Lorem duo justo magna. Lobortis ut sadipscing eirmod enim ea eirmod et. Ipsum nonumy aliquyam lorem ipsum et laoreet stet sea tation dolore ipsum vero consequat lorem stet voluptua nulla diam. Nonumy ea nonumy amet dolores elitr est erat diam eirmod ut option placerat diam nibh consequat nobis est. Lorem ut zzril lorem rebum dolor et lorem sed et hendrerit lorem tempor hendrerit ea stet at. Nonumy dolor sea invidunt. Tincidunt amet et clita amet gubergren consequat liber diam dolor. Vel autem no at amet sed voluptua. Voluptua sit diam invidunt. No eirmod kasd consetetur magna eum et justo. Accusam ut ut dolores at dolor sanctus et commodo eum est. Iriure et cum euismod gubergren nisl sadipscing nonumy iriure ut. In rebum dolores ut eos sed sit dolor dolores.\nUt nonumy aliquyam. Ipsum eirmod kasd vero clita eirmod amet nostrud lorem facilisis blandit stet ipsum elitr dolor invidunt sadipscing qui amet. Placerat eos suscipit elitr sed est molestie aliquyam consetetur.\nVero ut accusam erat velit duis te dolore aliquyam no. Eu tempor diam suscipit ea ut magna invidunt wisi dolor takimata stet ea. Sed invidunt stet hendrerit lorem. Eos dolor accumsan facer sadipscing kasd diam dolore aliquyam dolore diam. Sit wisi et amet dolor invidunt. Eirmod amet nulla et quis diam eos mazim at diam dolor magna ex. Dolores veniam amet wisi feugiat gubergren enim lorem. Hendrerit ipsum eirmod amet lorem. Molestie elitr et hendrerit possim luptatum feugiat doming iusto justo eum aliquip dignissim erat magna sed et. Praesent amet justo dolore lorem dolore sit ipsum eirmod lorem vero. Eos elitr velit duo ipsum voluptua accusam duis ea et tempor ut ipsum amet liber veniam kasd. Vero tempor no exerci amet amet sit nibh justo ut lorem et labore tempor. Lorem placerat sit.\nEos accumsan lorem amet eos accusam at vulputate blandit duis dolore. Ea aliquam nostrud odio. Adipiscing ipsum nonumy tempor eos lorem sed. Magna nulla invidunt ullamcorper congue.\n","publishDate":"2022-09-29T00:05:01.4521407+00:00"}</msg>
<status status="PASS" starttime="20221013 21:05:01.977" endtime="20221013 21:05:01.978"/>
</kw>
<kw name="Set Test Variable" library="BuiltIn">
<arg>${RESPOSTA}</arg>
<doc>Makes a variable available everywhere within the scope of the current test.</doc>
<msg timestamp="20221013 21:05:01.978" level="INFO">${RESPOSTA} = &lt;Response [200]&gt;</msg>
<status status="PASS" starttime="20221013 21:05:01.978" endtime="20221013 21:05:01.978"/>
</kw>
<status status="PASS" starttime="20221013 21:05:01.390" endtime="20221013 21:05:01.978"/>
</kw>
<kw name="Conferir o status code" library="ResourceAPI">
<arg>200</arg>
<kw name="Should Be Equal As Strings" library="BuiltIn">
<arg>${RESPOSTA.status_code}</arg>
<arg>${STATUSCODE_DESEJADO}</arg>
<doc>Fails if objects are unequal after converting them to strings.</doc>
<msg timestamp="20221013 21:05:01.981" level="INFO">Argument types are:
&lt;class 'int'&gt;
&lt;class 'str'&gt;</msg>
<status status="PASS" starttime="20221013 21:05:01.980" endtime="20221013 21:05:01.981"/>
</kw>
<status status="PASS" starttime="20221013 21:05:01.980" endtime="20221013 21:05:01.981"/>
</kw>
<kw name="Conferir o reason" library="ResourceAPI">
<arg>OK</arg>
<kw name="Should Be Equal As Strings" library="BuiltIn">
<arg>${RESPOSTA.reason}</arg>
<arg>${REASON_DESEJADO}</arg>
<doc>Fails if objects are unequal after converting them to strings.</doc>
<status status="PASS" starttime="20221013 21:05:01.981" endtime="20221013 21:05:01.981"/>
</kw>
<status status="PASS" starttime="20221013 21:05:01.981" endtime="20221013 21:05:01.981"/>
</kw>
<kw name="Conferir se retorna todos os dados corretos do livro 15" library="ResourceAPI">
<kw name="Dictionary Should Contain Item" library="Collections">
<arg>${RESPOSTA.json()}</arg>
<arg>id</arg>
<arg>${Book_15.id}</arg>
<doc>An item of ``key`` / ``value`` must be found in a ``dictionary``.</doc>
<status status="PASS" starttime="20221013 21:05:01.981" endtime="20221013 21:05:01.981"/>
</kw>
<kw name="Dictionary Should Contain Item" library="Collections">
<arg>${RESPOSTA.json()}</arg>
<arg>title</arg>
<arg>${Book_15.title}</arg>
<doc>An item of ``key`` / ``value`` must be found in a ``dictionary``.</doc>
<status status="PASS" starttime="20221013 21:05:01.981" endtime="20221013 21:05:01.981"/>
</kw>
<kw name="Dictionary Should Contain Item" library="Collections">
<arg>${RESPOSTA.json()}</arg>
<arg>pageCount</arg>
<arg>${Book_15.pageCount}</arg>
<doc>An item of ``key`` / ``value`` must be found in a ``dictionary``.</doc>
<status status="PASS" starttime="20221013 21:05:01.981" endtime="20221013 21:05:01.981"/>
</kw>
<kw name="Should Not Be Empty" library="BuiltIn">
<arg>${RESPOSTA.json()["description"]}</arg>
<doc>Verifies that the given item is not empty.</doc>
<msg timestamp="20221013 21:05:01.981" level="INFO">Length is 478</msg>
<status status="PASS" starttime="20221013 21:05:01.981" endtime="20221013 21:05:01.981"/>
</kw>
<kw name="Should Not Be Empty" library="BuiltIn">
<arg>${RESPOSTA.json()["excerpt"]}</arg>
<doc>Verifies that the given item is not empty.</doc>
<msg timestamp="20221013 21:05:01.989" level="INFO">Length is 3321</msg>
<status status="PASS" starttime="20221013 21:05:01.989" endtime="20221013 21:05:01.989"/>
</kw>
<kw name="Should Not Be Empty" library="BuiltIn">
<arg>${RESPOSTA.json()["publishDate"]}</arg>
<doc>Verifies that the given item is not empty.</doc>
<msg timestamp="20221013 21:05:01.990" level="INFO">Length is 33</msg>
<status status="PASS" starttime="20221013 21:05:01.989" endtime="20221013 21:05:01.990"/>
</kw>
<status status="PASS" starttime="20221013 21:05:01.981" endtime="20221013 21:05:01.990"/>
</kw>
<status status="PASS" starttime="20221013 21:05:01.389" endtime="20221013 21:05:01.992"/>
</test>
<test id="s1-t3" name="Cadastrar um novo livro (POST)" line="19">
<kw name="Cadastrar um novo livro" library="ResourceAPI">
<kw name="Create Dictionary" library="BuiltIn">
<var>${HEADERS}</var>
<arg>content-type=application/json</arg>
<doc>Creates and returns a dictionary based on the given ``items``.</doc>
<msg timestamp="20221013 21:05:01.993" level="INFO">${HEADERS} = {'content-type': 'application/json'}</msg>
<status status="PASS" starttime="20221013 21:05:01.993" endtime="20221013 21:05:01.993"/>
</kw>
<kw name="Post Request" library="RequestsLibrary">
<var>${RESPOSTA}</var>
<arg>fakeAPI</arg>
<arg>Books</arg>
<arg>data={"id": 2323, "title": "teste", "description": "teste", "pageCount": 200, "excerpt": "teste", "publishDate": "2022-10-13T19:57:08.849Z"}</arg>
<arg>headers=${HEADERS}</arg>
<doc>Send a POST request on the session object found using the
given `alias`</doc>
<msg timestamp="20221013 21:05:02.283" level="INFO">POST Request : url=https://fakerestapi.azurewebsites.net/api/v1/Books 
 path_url=/api/v1/Books 
 headers={'User-Agent': 'python-requests/2.28.1', 'Accept-Encoding': 'gzip, deflate', 'Accept': '*/*', 'Connection': 'keep-alive', 'content-type': 'application/json', 'Content-Length': '135'} 
 body=b'{"id": 2323, "title": "teste", "description": "teste", "pageCount": 200, "excerpt": "teste", "publishDate": "2022-10-13T19:57:08.849Z"}' 
 </msg>
<msg timestamp="20221013 21:05:02.283" level="INFO">POST Response : url=https://fakerestapi.azurewebsites.net/api/v1/Books 
 status=200, reason=OK 
 body={"id":2323,"title":"teste","description":"teste","pageCount":200,"excerpt":"teste","publishDate":"2022-10-13T19:57:08.849Z"} 
 </msg>
<msg timestamp="20221013 21:05:02.283" level="INFO">C:\Users\vande\AppData\Local\Programs\Python\Python310\lib\site-packages\urllib3\connectionpool.py:1045: InsecureRequestWarning: Unverified HTTPS request is being made to host 'fakerestapi.azurewebsites.net'. Adding certificate verification is strongly advised. See: https://urllib3.readthedocs.io/en/1.26.x/advanced-usage.html#ssl-warnings
  warnings.warn(</msg>
<msg timestamp="20221013 21:05:02.284" level="INFO">${RESPOSTA} = &lt;Response [200]&gt;</msg>
<status status="PASS" starttime="20221013 21:05:01.993" endtime="20221013 21:05:02.284"/>
</kw>
<kw name="Log" library="BuiltIn">
<arg>${RESPOSTA.text}</arg>
<doc>Logs the given message with the given level.</doc>
<msg timestamp="20221013 21:05:02.285" level="INFO">{"id":2323,"title":"teste","description":"teste","pageCount":200,"excerpt":"teste","publishDate":"2022-10-13T19:57:08.849Z"}</msg>
<status status="PASS" starttime="20221013 21:05:02.284" endtime="20221013 21:05:02.285"/>
</kw>
<kw name="Set Test Variable" library="BuiltIn">
<arg>${RESPOSTA}</arg>
<doc>Makes a variable available everywhere within the scope of the current test.</doc>
<msg timestamp="20221013 21:05:02.285" level="INFO">${RESPOSTA} = &lt;Response [200]&gt;</msg>
<status status="PASS" starttime="20221013 21:05:02.285" endtime="20221013 21:05:02.285"/>
</kw>
<status status="PASS" starttime="20221013 21:05:01.993" endtime="20221013 21:05:02.285"/>
</kw>
<status status="PASS" starttime="20221013 21:05:01.993" endtime="20221013 21:05:02.285"/>
</test>
<doc>Documentacao da API: https://fakerestapi.azurewebsites.net/swagger/ui/index#!/Books</doc>
<status status="PASS" starttime="20221013 21:04:56.949" endtime="20221013 21:05:02.288"/>
</suite>
<statistics>
<total>
<stat pass="3" fail="0" skip="0">All Tests</stat>
</total>
<tag>
</tag>
<suite>
<stat pass="3" fail="0" skip="0" id="s1" name="fakeAPI">fakeAPI</stat>
</suite>
</statistics>
<errors>
</errors>
</robot>
